[0.169s] DEBUG:colcon:Command line arguments: ['/usr/bin/colcon', 'build', '--packages-select', 'my_robot_interface', '--allow-overriding', 'my_robot_interface']
[0.169s] DEBUG:colcon:Parsed command line arguments: Namespace(log_base=None, log_level=None, verb_name='build', build_base='build', install_base='install', merge_install=False, symlink_install=False, test_result_base=None, continue_on_error=False, executor='parallel', parallel_workers=16, event_handlers=None, ignore_user_meta=False, metas=['./colcon.meta'], base_paths=['.'], packages_ignore=None, packages_ignore_regex=None, paths=None, packages_up_to=None, packages_up_to_regex=None, packages_above=None, packages_above_and_dependencies=None, packages_above_depth=None, packages_select_by_dep=None, packages_skip_by_dep=None, packages_skip_up_to=None, packages_select_build_failed=False, packages_skip_build_finished=False, packages_select_test_failures=False, packages_skip_test_passed=False, packages_select=['my_robot_interface'], packages_skip=None, packages_select_regex=None, packages_skip_regex=None, packages_start=None, packages_end=None, allow_overriding=['my_robot_interface'], cmake_args=None, cmake_target=None, cmake_target_skip_unavailable=False, cmake_clean_cache=False, cmake_clean_first=False, cmake_force_configure=False, ament_cmake_args=None, catkin_cmake_args=None, catkin_skip_building_tests=False, verb_parser=<colcon_defaults.argument_parser.defaults.DefaultArgumentsDecorator object at 0x7fe4385c1f00>, verb_extension=<colcon_core.verb.build.BuildVerb object at 0x7fe4385c1990>, main=<bound method BuildVerb.main of <colcon_core.verb.build.BuildVerb object at 0x7fe4385c1990>>)
[0.183s] Level 1:colcon.colcon_core.package_discovery:discover_packages(colcon_meta) check parameters
[0.183s] Level 1:colcon.colcon_core.package_discovery:discover_packages(recursive) check parameters
[0.183s] Level 1:colcon.colcon_core.package_discovery:discover_packages(ignore) check parameters
[0.183s] Level 1:colcon.colcon_core.package_discovery:discover_packages(path) check parameters
[0.183s] Level 1:colcon.colcon_core.package_discovery:discover_packages(colcon_meta) discover
[0.183s] Level 1:colcon.colcon_core.package_discovery:discover_packages(recursive) discover
[0.183s] INFO:colcon.colcon_core.package_discovery:Crawling recursively for packages in '/home/john/Documents/ros2_ws'
[0.183s] Level 1:colcon.colcon_core.package_identification:_identify(.) by extensions ['ignore', 'ignore_ament_install']
[0.183s] Level 1:colcon.colcon_core.package_identification:_identify(.) by extension 'ignore'
[0.183s] Level 1:colcon.colcon_core.package_identification:_identify(.) by extension 'ignore_ament_install'
[0.183s] Level 1:colcon.colcon_core.package_identification:_identify(.) by extensions ['colcon_pkg']
[0.183s] Level 1:colcon.colcon_core.package_identification:_identify(.) by extension 'colcon_pkg'
[0.183s] Level 1:colcon.colcon_core.package_identification:_identify(.) by extensions ['colcon_meta']
[0.183s] Level 1:colcon.colcon_core.package_identification:_identify(.) by extension 'colcon_meta'
[0.183s] Level 1:colcon.colcon_core.package_identification:_identify(.) by extensions ['ros']
[0.183s] Level 1:colcon.colcon_core.package_identification:_identify(.) by extension 'ros'
[0.189s] Level 1:colcon.colcon_core.package_identification:_identify(.) by extensions ['cmake', 'python']
[0.189s] Level 1:colcon.colcon_core.package_identification:_identify(.) by extension 'cmake'
[0.189s] Level 1:colcon.colcon_core.package_identification:_identify(.) by extension 'python'
[0.190s] Level 1:colcon.colcon_core.package_identification:_identify(.) by extensions ['python_setup_py']
[0.190s] Level 1:colcon.colcon_core.package_identification:_identify(.) by extension 'python_setup_py'
[0.190s] Level 1:colcon.colcon_core.package_identification:_identify(build) by extensions ['ignore', 'ignore_ament_install']
[0.190s] Level 1:colcon.colcon_core.package_identification:_identify(build) by extension 'ignore'
[0.190s] Level 1:colcon.colcon_core.package_identification:_identify(build) ignored
[0.190s] Level 1:colcon.colcon_core.package_identification:_identify(install) by extensions ['ignore', 'ignore_ament_install']
[0.190s] Level 1:colcon.colcon_core.package_identification:_identify(install) by extension 'ignore'
[0.190s] Level 1:colcon.colcon_core.package_identification:_identify(install) ignored
[0.190s] Level 1:colcon.colcon_core.package_identification:_identify(log) by extensions ['ignore', 'ignore_ament_install']
[0.190s] Level 1:colcon.colcon_core.package_identification:_identify(log) by extension 'ignore'
[0.190s] Level 1:colcon.colcon_core.package_identification:_identify(log) ignored
[0.190s] Level 1:colcon.colcon_core.package_identification:_identify(src) by extensions ['ignore', 'ignore_ament_install']
[0.190s] Level 1:colcon.colcon_core.package_identification:_identify(src) by extension 'ignore'
[0.190s] Level 1:colcon.colcon_core.package_identification:_identify(src) by extension 'ignore_ament_install'
[0.190s] Level 1:colcon.colcon_core.package_identification:_identify(src) by extensions ['colcon_pkg']
[0.190s] Level 1:colcon.colcon_core.package_identification:_identify(src) by extension 'colcon_pkg'
[0.190s] Level 1:colcon.colcon_core.package_identification:_identify(src) by extensions ['colcon_meta']
[0.190s] Level 1:colcon.colcon_core.package_identification:_identify(src) by extension 'colcon_meta'
[0.190s] Level 1:colcon.colcon_core.package_identification:_identify(src) by extensions ['ros']
[0.190s] Level 1:colcon.colcon_core.package_identification:_identify(src) by extension 'ros'
[0.190s] Level 1:colcon.colcon_core.package_identification:_identify(src) by extensions ['cmake', 'python']
[0.190s] Level 1:colcon.colcon_core.package_identification:_identify(src) by extension 'cmake'
[0.190s] Level 1:colcon.colcon_core.package_identification:_identify(src) by extension 'python'
[0.190s] Level 1:colcon.colcon_core.package_identification:_identify(src) by extensions ['python_setup_py']
[0.190s] Level 1:colcon.colcon_core.package_identification:_identify(src) by extension 'python_setup_py'
[0.190s] Level 1:colcon.colcon_core.package_identification:_identify(src/my_cpp_pkg) by extensions ['ignore', 'ignore_ament_install']
[0.190s] Level 1:colcon.colcon_core.package_identification:_identify(src/my_cpp_pkg) by extension 'ignore'
[0.190s] Level 1:colcon.colcon_core.package_identification:_identify(src/my_cpp_pkg) by extension 'ignore_ament_install'
[0.190s] Level 1:colcon.colcon_core.package_identification:_identify(src/my_cpp_pkg) by extensions ['colcon_pkg']
[0.190s] Level 1:colcon.colcon_core.package_identification:_identify(src/my_cpp_pkg) by extension 'colcon_pkg'
[0.190s] Level 1:colcon.colcon_core.package_identification:_identify(src/my_cpp_pkg) by extensions ['colcon_meta']
[0.190s] Level 1:colcon.colcon_core.package_identification:_identify(src/my_cpp_pkg) by extension 'colcon_meta'
[0.190s] Level 1:colcon.colcon_core.package_identification:_identify(src/my_cpp_pkg) by extensions ['ros']
[0.190s] Level 1:colcon.colcon_core.package_identification:_identify(src/my_cpp_pkg) by extension 'ros'
[0.192s] DEBUG:colcon.colcon_core.package_identification:Package 'src/my_cpp_pkg' with type 'ros.ament_cmake' and name 'my_cpp_pkg'
[0.192s] Level 1:colcon.colcon_core.package_identification:_identify(src/my_py_pkg) by extensions ['ignore', 'ignore_ament_install']
[0.192s] Level 1:colcon.colcon_core.package_identification:_identify(src/my_py_pkg) by extension 'ignore'
[0.192s] Level 1:colcon.colcon_core.package_identification:_identify(src/my_py_pkg) by extension 'ignore_ament_install'
[0.192s] Level 1:colcon.colcon_core.package_identification:_identify(src/my_py_pkg) by extensions ['colcon_pkg']
[0.192s] Level 1:colcon.colcon_core.package_identification:_identify(src/my_py_pkg) by extension 'colcon_pkg'
[0.192s] Level 1:colcon.colcon_core.package_identification:_identify(src/my_py_pkg) by extensions ['colcon_meta']
[0.192s] Level 1:colcon.colcon_core.package_identification:_identify(src/my_py_pkg) by extension 'colcon_meta'
[0.192s] Level 1:colcon.colcon_core.package_identification:_identify(src/my_py_pkg) by extensions ['ros']
[0.192s] Level 1:colcon.colcon_core.package_identification:_identify(src/my_py_pkg) by extension 'ros'
[0.192s] DEBUG:colcon.colcon_core.package_identification:Package 'src/my_py_pkg' with type 'ros.ament_python' and name 'my_py_pkg'
[0.193s] Level 1:colcon.colcon_core.package_identification:_identify(src/my_robot_bringup) by extensions ['ignore', 'ignore_ament_install']
[0.193s] Level 1:colcon.colcon_core.package_identification:_identify(src/my_robot_bringup) by extension 'ignore'
[0.193s] Level 1:colcon.colcon_core.package_identification:_identify(src/my_robot_bringup) by extension 'ignore_ament_install'
[0.193s] Level 1:colcon.colcon_core.package_identification:_identify(src/my_robot_bringup) by extensions ['colcon_pkg']
[0.193s] Level 1:colcon.colcon_core.package_identification:_identify(src/my_robot_bringup) by extension 'colcon_pkg'
[0.193s] Level 1:colcon.colcon_core.package_identification:_identify(src/my_robot_bringup) by extensions ['colcon_meta']
[0.193s] Level 1:colcon.colcon_core.package_identification:_identify(src/my_robot_bringup) by extension 'colcon_meta'
[0.193s] Level 1:colcon.colcon_core.package_identification:_identify(src/my_robot_bringup) by extensions ['ros']
[0.193s] Level 1:colcon.colcon_core.package_identification:_identify(src/my_robot_bringup) by extension 'ros'
[0.193s] DEBUG:colcon.colcon_core.package_identification:Package 'src/my_robot_bringup' with type 'ros.ament_cmake' and name 'my_robot_bringup'
[0.193s] Level 1:colcon.colcon_core.package_identification:_identify(src/my_robot_interface) by extensions ['ignore', 'ignore_ament_install']
[0.193s] Level 1:colcon.colcon_core.package_identification:_identify(src/my_robot_interface) by extension 'ignore'
[0.193s] Level 1:colcon.colcon_core.package_identification:_identify(src/my_robot_interface) by extension 'ignore_ament_install'
[0.193s] Level 1:colcon.colcon_core.package_identification:_identify(src/my_robot_interface) by extensions ['colcon_pkg']
[0.193s] Level 1:colcon.colcon_core.package_identification:_identify(src/my_robot_interface) by extension 'colcon_pkg'
[0.193s] Level 1:colcon.colcon_core.package_identification:_identify(src/my_robot_interface) by extensions ['colcon_meta']
[0.193s] Level 1:colcon.colcon_core.package_identification:_identify(src/my_robot_interface) by extension 'colcon_meta'
[0.193s] Level 1:colcon.colcon_core.package_identification:_identify(src/my_robot_interface) by extensions ['ros']
[0.193s] Level 1:colcon.colcon_core.package_identification:_identify(src/my_robot_interface) by extension 'ros'
[0.194s] DEBUG:colcon.colcon_core.package_identification:Package 'src/my_robot_interface' with type 'ros.ament_cmake' and name 'my_robot_interface'
[0.194s] Level 1:colcon.colcon_core.package_identification:_identify(src/turtlesim_catch_them_all) by extensions ['ignore', 'ignore_ament_install']
[0.194s] Level 1:colcon.colcon_core.package_identification:_identify(src/turtlesim_catch_them_all) by extension 'ignore'
[0.194s] Level 1:colcon.colcon_core.package_identification:_identify(src/turtlesim_catch_them_all) by extension 'ignore_ament_install'
[0.194s] Level 1:colcon.colcon_core.package_identification:_identify(src/turtlesim_catch_them_all) by extensions ['colcon_pkg']
[0.194s] Level 1:colcon.colcon_core.package_identification:_identify(src/turtlesim_catch_them_all) by extension 'colcon_pkg'
[0.194s] Level 1:colcon.colcon_core.package_identification:_identify(src/turtlesim_catch_them_all) by extensions ['colcon_meta']
[0.194s] Level 1:colcon.colcon_core.package_identification:_identify(src/turtlesim_catch_them_all) by extension 'colcon_meta'
[0.194s] Level 1:colcon.colcon_core.package_identification:_identify(src/turtlesim_catch_them_all) by extensions ['ros']
[0.194s] Level 1:colcon.colcon_core.package_identification:_identify(src/turtlesim_catch_them_all) by extension 'ros'
[0.195s] DEBUG:colcon.colcon_core.package_identification:Package 'src/turtlesim_catch_them_all' with type 'ros.ament_python' and name 'turtlesim_catch_them_all'
[0.195s] Level 1:colcon.colcon_core.package_discovery:discover_packages(recursive) using defaults
[0.195s] Level 1:colcon.colcon_core.package_discovery:discover_packages(ignore) discover
[0.195s] Level 1:colcon.colcon_core.package_discovery:discover_packages(ignore) using defaults
[0.195s] Level 1:colcon.colcon_core.package_discovery:discover_packages(path) discover
[0.195s] Level 1:colcon.colcon_core.package_discovery:discover_packages(path) using defaults
[0.208s] INFO:colcon.colcon_core.package_selection:Skipping not selected package 'my_cpp_pkg' in 'src/my_cpp_pkg'
[0.208s] INFO:colcon.colcon_core.package_selection:Skipping not selected package 'my_py_pkg' in 'src/my_py_pkg'
[0.208s] INFO:colcon.colcon_core.package_selection:Skipping not selected package 'turtlesim_catch_them_all' in 'src/turtlesim_catch_them_all'
[0.208s] INFO:colcon.colcon_core.package_selection:Skipping not selected package 'my_robot_bringup' in 'src/my_robot_bringup'
[0.208s] Level 1:colcon.colcon_core.package_discovery:discover_packages(prefix_path) check parameters
[0.208s] Level 1:colcon.colcon_core.package_discovery:discover_packages(prefix_path) discover
[0.210s] DEBUG:colcon.colcon_installed_package_information.package_discovery:Found 5 installed packages in /home/john/Documents/ros2_ws/install
[0.210s] DEBUG:colcon.colcon_installed_package_information.package_discovery:Found 270 installed packages in /opt/ros/humble
[0.211s] Level 1:colcon.colcon_core.package_discovery:discover_packages(prefix_path) using defaults
[0.241s] Level 5:colcon.colcon_core.verb:set package 'my_robot_interface' build argument 'cmake_args' from command line to 'None'
[0.241s] Level 5:colcon.colcon_core.verb:set package 'my_robot_interface' build argument 'cmake_target' from command line to 'None'
[0.241s] Level 5:colcon.colcon_core.verb:set package 'my_robot_interface' build argument 'cmake_target_skip_unavailable' from command line to 'False'
[0.241s] Level 5:colcon.colcon_core.verb:set package 'my_robot_interface' build argument 'cmake_clean_cache' from command line to 'False'
[0.241s] Level 5:colcon.colcon_core.verb:set package 'my_robot_interface' build argument 'cmake_clean_first' from command line to 'False'
[0.241s] Level 5:colcon.colcon_core.verb:set package 'my_robot_interface' build argument 'cmake_force_configure' from command line to 'False'
[0.241s] Level 5:colcon.colcon_core.verb:set package 'my_robot_interface' build argument 'ament_cmake_args' from command line to 'None'
[0.241s] Level 5:colcon.colcon_core.verb:set package 'my_robot_interface' build argument 'catkin_cmake_args' from command line to 'None'
[0.241s] Level 5:colcon.colcon_core.verb:set package 'my_robot_interface' build argument 'catkin_skip_building_tests' from command line to 'False'
[0.241s] DEBUG:colcon.colcon_core.verb:Building package 'my_robot_interface' with the following arguments: {'ament_cmake_args': None, 'build_base': '/home/john/Documents/ros2_ws/build/my_robot_interface', 'catkin_cmake_args': None, 'catkin_skip_building_tests': False, 'cmake_args': None, 'cmake_clean_cache': False, 'cmake_clean_first': False, 'cmake_force_configure': False, 'cmake_target': None, 'cmake_target_skip_unavailable': False, 'install_base': '/home/john/Documents/ros2_ws/install/my_robot_interface', 'merge_install': False, 'path': '/home/john/Documents/ros2_ws/src/my_robot_interface', 'symlink_install': False, 'test_result_base': None}
[0.241s] INFO:colcon.colcon_core.executor:Executing jobs using 'parallel' executor
[0.243s] DEBUG:colcon.colcon_parallel_executor.executor.parallel:run_until_complete
[0.243s] INFO:colcon.colcon_ros.task.ament_cmake.build:Building ROS package in '/home/john/Documents/ros2_ws/src/my_robot_interface' with build type 'ament_cmake'
[0.243s] INFO:colcon.colcon_cmake.task.cmake.build:Building CMake package in '/home/john/Documents/ros2_ws/src/my_robot_interface'
[0.246s] INFO:colcon.colcon_core.plugin_system:Skipping extension 'colcon_core.shell.bat': Not used on non-Windows systems
[0.246s] INFO:colcon.colcon_core.shell:Skip shell extension 'powershell' for command environment: Not usable outside of PowerShell
[0.246s] DEBUG:colcon.colcon_core.shell:Skip shell extension 'dsv' for command environment
[0.335s] DEBUG:colcon.colcon_core.event_handler.log_command:Invoking command in '/home/john/Documents/ros2_ws/build/my_robot_interface': CMAKE_PREFIX_PATH=${CMAKE_PREFIX_PATH}:/home/john/Documents/ros2_ws/install/turtlesim_catch_them_all:/home/john/Documents/ros2_ws/install/my_py_pkg:/opt/ros/humble /usr/bin/cmake --build /home/john/Documents/ros2_ws/build/my_robot_interface -- -j16 -l16
[20.559s] DEBUG:colcon.colcon_core.event_handler.log_command:Invoked command in '/home/john/Documents/ros2_ws/build/my_robot_interface' returned '0': CMAKE_PREFIX_PATH=${CMAKE_PREFIX_PATH}:/home/john/Documents/ros2_ws/install/turtlesim_catch_them_all:/home/john/Documents/ros2_ws/install/my_py_pkg:/opt/ros/humble /usr/bin/cmake --build /home/john/Documents/ros2_ws/build/my_robot_interface -- -j16 -l16
[20.644s] DEBUG:colcon.colcon_core.event_handler.log_command:Invoking command in '/home/john/Documents/ros2_ws/build/my_robot_interface': CMAKE_PREFIX_PATH=${CMAKE_PREFIX_PATH}:/home/john/Documents/ros2_ws/install/turtlesim_catch_them_all:/home/john/Documents/ros2_ws/install/my_py_pkg:/opt/ros/humble /usr/bin/cmake --install /home/john/Documents/ros2_ws/build/my_robot_interface
[20.855s] Level 1:colcon.colcon_core.environment:create_environment_scripts_only(my_robot_interface)
[20.856s] DEBUG:colcon.colcon_core.event_handler.log_command:Invoked command in '/home/john/Documents/ros2_ws/build/my_robot_interface' returned '0': CMAKE_PREFIX_PATH=${CMAKE_PREFIX_PATH}:/home/john/Documents/ros2_ws/install/turtlesim_catch_them_all:/home/john/Documents/ros2_ws/install/my_py_pkg:/opt/ros/humble /usr/bin/cmake --install /home/john/Documents/ros2_ws/build/my_robot_interface
[20.860s] Level 1:colcon.colcon_core.environment:checking '/home/john/Documents/ros2_ws/install/my_robot_interface' for CMake module files
[20.861s] Level 1:colcon.colcon_core.environment:checking '/home/john/Documents/ros2_ws/install/my_robot_interface' for CMake config files
[20.861s] Level 1:colcon.colcon_core.shell:create_environment_hook('my_robot_interface', 'cmake_prefix_path')
[20.862s] INFO:colcon.colcon_core.shell:Creating environment hook '/home/john/Documents/ros2_ws/install/my_robot_interface/share/my_robot_interface/hook/cmake_prefix_path.ps1'
[20.863s] INFO:colcon.colcon_core.shell:Creating environment descriptor '/home/john/Documents/ros2_ws/install/my_robot_interface/share/my_robot_interface/hook/cmake_prefix_path.dsv'
[20.863s] INFO:colcon.colcon_core.shell:Creating environment hook '/home/john/Documents/ros2_ws/install/my_robot_interface/share/my_robot_interface/hook/cmake_prefix_path.sh'
[20.864s] Level 1:colcon.colcon_core.environment:checking '/home/john/Documents/ros2_ws/install/my_robot_interface/lib'
[20.864s] Level 1:colcon.colcon_core.shell:create_environment_hook('my_robot_interface', 'ld_library_path_lib')
[20.865s] INFO:colcon.colcon_core.shell:Creating environment hook '/home/john/Documents/ros2_ws/install/my_robot_interface/share/my_robot_interface/hook/ld_library_path_lib.ps1'
[20.865s] INFO:colcon.colcon_core.shell:Creating environment descriptor '/home/john/Documents/ros2_ws/install/my_robot_interface/share/my_robot_interface/hook/ld_library_path_lib.dsv'
[20.865s] INFO:colcon.colcon_core.shell:Creating environment hook '/home/john/Documents/ros2_ws/install/my_robot_interface/share/my_robot_interface/hook/ld_library_path_lib.sh'
[20.866s] Level 1:colcon.colcon_core.environment:checking '/home/john/Documents/ros2_ws/install/my_robot_interface/bin'
[20.866s] Level 1:colcon.colcon_core.environment:checking '/home/john/Documents/ros2_ws/install/my_robot_interface/lib/pkgconfig/my_robot_interface.pc'
[20.866s] Level 1:colcon.colcon_core.environment:checking '/home/john/Documents/ros2_ws/install/my_robot_interface/lib/python3.10/site-packages'
[20.866s] Level 1:colcon.colcon_core.environment:checking '/home/john/Documents/ros2_ws/install/my_robot_interface/bin'
[20.867s] INFO:colcon.colcon_core.shell:Creating package script '/home/john/Documents/ros2_ws/install/my_robot_interface/share/my_robot_interface/package.ps1'
[20.867s] INFO:colcon.colcon_core.shell:Creating package descriptor '/home/john/Documents/ros2_ws/install/my_robot_interface/share/my_robot_interface/package.dsv'
[20.868s] INFO:colcon.colcon_core.shell:Creating package script '/home/john/Documents/ros2_ws/install/my_robot_interface/share/my_robot_interface/package.sh'
[20.868s] INFO:colcon.colcon_core.shell:Creating package script '/home/john/Documents/ros2_ws/install/my_robot_interface/share/my_robot_interface/package.bash'
[20.869s] INFO:colcon.colcon_core.shell:Creating package script '/home/john/Documents/ros2_ws/install/my_robot_interface/share/my_robot_interface/package.zsh'
[20.869s] Level 1:colcon.colcon_core.environment:create_file_with_runtime_dependencies(/home/john/Documents/ros2_ws/install/my_robot_interface/share/colcon-core/packages/my_robot_interface)
[20.947s] Level 1:colcon.colcon_core.environment:create_environment_scripts_only(my_robot_interface)
[20.950s] Level 1:colcon.colcon_core.environment:checking '/home/john/Documents/ros2_ws/install/my_robot_interface' for CMake module files
[20.950s] Level 1:colcon.colcon_core.environment:checking '/home/john/Documents/ros2_ws/install/my_robot_interface' for CMake config files
[20.951s] Level 1:colcon.colcon_core.shell:create_environment_hook('my_robot_interface', 'cmake_prefix_path')
[20.952s] INFO:colcon.colcon_core.shell:Creating environment hook '/home/john/Documents/ros2_ws/install/my_robot_interface/share/my_robot_interface/hook/cmake_prefix_path.ps1'
[20.952s] INFO:colcon.colcon_core.shell:Creating environment descriptor '/home/john/Documents/ros2_ws/install/my_robot_interface/share/my_robot_interface/hook/cmake_prefix_path.dsv'
[20.952s] INFO:colcon.colcon_core.shell:Creating environment hook '/home/john/Documents/ros2_ws/install/my_robot_interface/share/my_robot_interface/hook/cmake_prefix_path.sh'
[20.953s] Level 1:colcon.colcon_core.environment:checking '/home/john/Documents/ros2_ws/install/my_robot_interface/lib'
[20.953s] Level 1:colcon.colcon_core.shell:create_environment_hook('my_robot_interface', 'ld_library_path_lib')
[20.954s] INFO:colcon.colcon_core.shell:Creating environment hook '/home/john/Documents/ros2_ws/install/my_robot_interface/share/my_robot_interface/hook/ld_library_path_lib.ps1'
[20.954s] INFO:colcon.colcon_core.shell:Creating environment descriptor '/home/john/Documents/ros2_ws/install/my_robot_interface/share/my_robot_interface/hook/ld_library_path_lib.dsv'
[20.954s] INFO:colcon.colcon_core.shell:Creating environment hook '/home/john/Documents/ros2_ws/install/my_robot_interface/share/my_robot_interface/hook/ld_library_path_lib.sh'
[20.954s] Level 1:colcon.colcon_core.environment:checking '/home/john/Documents/ros2_ws/install/my_robot_interface/bin'
[20.954s] Level 1:colcon.colcon_core.environment:checking '/home/john/Documents/ros2_ws/install/my_robot_interface/lib/pkgconfig/my_robot_interface.pc'
[20.954s] Level 1:colcon.colcon_core.environment:checking '/home/john/Documents/ros2_ws/install/my_robot_interface/lib/python3.10/site-packages'
[20.954s] Level 1:colcon.colcon_core.environment:checking '/home/john/Documents/ros2_ws/install/my_robot_interface/bin'
[20.956s] INFO:colcon.colcon_core.shell:Creating package script '/home/john/Documents/ros2_ws/install/my_robot_interface/share/my_robot_interface/package.ps1'
[20.956s] INFO:colcon.colcon_core.shell:Creating package descriptor '/home/john/Documents/ros2_ws/install/my_robot_interface/share/my_robot_interface/package.dsv'
[20.956s] INFO:colcon.colcon_core.shell:Creating package script '/home/john/Documents/ros2_ws/install/my_robot_interface/share/my_robot_interface/package.sh'
[20.956s] INFO:colcon.colcon_core.shell:Creating package script '/home/john/Documents/ros2_ws/install/my_robot_interface/share/my_robot_interface/package.bash'
[20.957s] INFO:colcon.colcon_core.shell:Creating package script '/home/john/Documents/ros2_ws/install/my_robot_interface/share/my_robot_interface/package.zsh'
[20.957s] Level 1:colcon.colcon_core.environment:create_file_with_runtime_dependencies(/home/john/Documents/ros2_ws/install/my_robot_interface/share/colcon-core/packages/my_robot_interface)
[20.957s] DEBUG:colcon.colcon_parallel_executor.executor.parallel:closing loop
[20.957s] DEBUG:colcon.colcon_parallel_executor.executor.parallel:loop closed
[20.957s] DEBUG:colcon.colcon_parallel_executor.executor.parallel:run_until_complete finished with '0'
[20.957s] DEBUG:colcon.colcon_core.event_reactor:joining thread
[20.961s] INFO:colcon.colcon_core.plugin_system:Skipping extension 'colcon_notification.desktop_notification.terminal_notifier': Not used on non-Darwin systems
[20.962s] INFO:colcon.colcon_core.plugin_system:Skipping extension 'colcon_notification.desktop_notification.win32': Not used on non-Windows systems
[20.962s] INFO:colcon.colcon_notification.desktop_notification:Sending desktop notification using 'notify2'
[20.970s] DEBUG:colcon.colcon_core.event_reactor:joined thread
[20.972s] INFO:colcon.colcon_core.shell:Creating prefix script '/home/john/Documents/ros2_ws/install/local_setup.ps1'
[20.972s] INFO:colcon.colcon_core.shell:Creating prefix util module '/home/john/Documents/ros2_ws/install/_local_setup_util_ps1.py'
[20.973s] INFO:colcon.colcon_core.shell:Creating prefix chain script '/home/john/Documents/ros2_ws/install/setup.ps1'
[20.974s] INFO:colcon.colcon_core.shell:Creating prefix script '/home/john/Documents/ros2_ws/install/local_setup.sh'
[20.974s] INFO:colcon.colcon_core.shell:Creating prefix util module '/home/john/Documents/ros2_ws/install/_local_setup_util_sh.py'
[20.975s] INFO:colcon.colcon_core.shell:Creating prefix chain script '/home/john/Documents/ros2_ws/install/setup.sh'
[20.976s] INFO:colcon.colcon_core.shell:Creating prefix script '/home/john/Documents/ros2_ws/install/local_setup.bash'
[20.976s] INFO:colcon.colcon_core.shell:Creating prefix chain script '/home/john/Documents/ros2_ws/install/setup.bash'
[20.977s] INFO:colcon.colcon_core.shell:Creating prefix script '/home/john/Documents/ros2_ws/install/local_setup.zsh'
[20.977s] INFO:colcon.colcon_core.shell:Creating prefix chain script '/home/john/Documents/ros2_ws/install/setup.zsh'
