[0.170s] DEBUG:colcon:Command line arguments: ['/usr/bin/colcon', 'build', '--symlink-install']
[0.170s] DEBUG:colcon:Parsed command line arguments: Namespace(log_base=None, log_level=None, verb_name='build', build_base='build', install_base='install', merge_install=False, symlink_install=True, test_result_base=None, continue_on_error=False, executor='parallel', parallel_workers=16, event_handlers=None, ignore_user_meta=False, metas=['./colcon.meta'], base_paths=['.'], packages_ignore=None, packages_ignore_regex=None, paths=None, packages_up_to=None, packages_up_to_regex=None, packages_above=None, packages_above_and_dependencies=None, packages_above_depth=None, packages_select_by_dep=None, packages_skip_by_dep=None, packages_skip_up_to=None, packages_select_build_failed=False, packages_skip_build_finished=False, packages_select_test_failures=False, packages_skip_test_passed=False, packages_select=None, packages_skip=None, packages_select_regex=None, packages_skip_regex=None, packages_start=None, packages_end=None, allow_overriding=[], cmake_args=None, cmake_target=None, cmake_target_skip_unavailable=False, cmake_clean_cache=False, cmake_clean_first=False, cmake_force_configure=False, ament_cmake_args=None, catkin_cmake_args=None, catkin_skip_building_tests=False, verb_parser=<colcon_defaults.argument_parser.defaults.DefaultArgumentsDecorator object at 0x7effefbbe2c0>, verb_extension=<colcon_core.verb.build.BuildVerb object at 0x7effefbbdd50>, main=<bound method BuildVerb.main of <colcon_core.verb.build.BuildVerb object at 0x7effefbbdd50>>)
[0.185s] Level 1:colcon.colcon_core.package_discovery:discover_packages(colcon_meta) check parameters
[0.185s] Level 1:colcon.colcon_core.package_discovery:discover_packages(recursive) check parameters
[0.185s] Level 1:colcon.colcon_core.package_discovery:discover_packages(ignore) check parameters
[0.185s] Level 1:colcon.colcon_core.package_discovery:discover_packages(path) check parameters
[0.185s] Level 1:colcon.colcon_core.package_discovery:discover_packages(colcon_meta) discover
[0.185s] Level 1:colcon.colcon_core.package_discovery:discover_packages(recursive) discover
[0.185s] INFO:colcon.colcon_core.package_discovery:Crawling recursively for packages in '/home/john/Documents/ros_project/ros2_ws'
[0.185s] Level 1:colcon.colcon_core.package_identification:_identify(.) by extensions ['ignore', 'ignore_ament_install']
[0.185s] Level 1:colcon.colcon_core.package_identification:_identify(.) by extension 'ignore'
[0.185s] Level 1:colcon.colcon_core.package_identification:_identify(.) by extension 'ignore_ament_install'
[0.185s] Level 1:colcon.colcon_core.package_identification:_identify(.) by extensions ['colcon_pkg']
[0.185s] Level 1:colcon.colcon_core.package_identification:_identify(.) by extension 'colcon_pkg'
[0.185s] Level 1:colcon.colcon_core.package_identification:_identify(.) by extensions ['colcon_meta']
[0.185s] Level 1:colcon.colcon_core.package_identification:_identify(.) by extension 'colcon_meta'
[0.186s] Level 1:colcon.colcon_core.package_identification:_identify(.) by extensions ['ros']
[0.186s] Level 1:colcon.colcon_core.package_identification:_identify(.) by extension 'ros'
[0.192s] Level 1:colcon.colcon_core.package_identification:_identify(.) by extensions ['cmake', 'python']
[0.192s] Level 1:colcon.colcon_core.package_identification:_identify(.) by extension 'cmake'
[0.192s] Level 1:colcon.colcon_core.package_identification:_identify(.) by extension 'python'
[0.192s] Level 1:colcon.colcon_core.package_identification:_identify(.) by extensions ['python_setup_py']
[0.192s] Level 1:colcon.colcon_core.package_identification:_identify(.) by extension 'python_setup_py'
[0.192s] Level 1:colcon.colcon_core.package_identification:_identify(build) by extensions ['ignore', 'ignore_ament_install']
[0.192s] Level 1:colcon.colcon_core.package_identification:_identify(build) by extension 'ignore'
[0.192s] Level 1:colcon.colcon_core.package_identification:_identify(build) ignored
[0.192s] Level 1:colcon.colcon_core.package_identification:_identify(install) by extensions ['ignore', 'ignore_ament_install']
[0.192s] Level 1:colcon.colcon_core.package_identification:_identify(install) by extension 'ignore'
[0.193s] Level 1:colcon.colcon_core.package_identification:_identify(install) ignored
[0.193s] Level 1:colcon.colcon_core.package_identification:_identify(log) by extensions ['ignore', 'ignore_ament_install']
[0.193s] Level 1:colcon.colcon_core.package_identification:_identify(log) by extension 'ignore'
[0.193s] Level 1:colcon.colcon_core.package_identification:_identify(log) ignored
[0.193s] Level 1:colcon.colcon_core.package_identification:_identify(src) by extensions ['ignore', 'ignore_ament_install']
[0.193s] Level 1:colcon.colcon_core.package_identification:_identify(src) by extension 'ignore'
[0.193s] Level 1:colcon.colcon_core.package_identification:_identify(src) by extension 'ignore_ament_install'
[0.193s] Level 1:colcon.colcon_core.package_identification:_identify(src) by extensions ['colcon_pkg']
[0.193s] Level 1:colcon.colcon_core.package_identification:_identify(src) by extension 'colcon_pkg'
[0.193s] Level 1:colcon.colcon_core.package_identification:_identify(src) by extensions ['colcon_meta']
[0.193s] Level 1:colcon.colcon_core.package_identification:_identify(src) by extension 'colcon_meta'
[0.193s] Level 1:colcon.colcon_core.package_identification:_identify(src) by extensions ['ros']
[0.193s] Level 1:colcon.colcon_core.package_identification:_identify(src) by extension 'ros'
[0.193s] Level 1:colcon.colcon_core.package_identification:_identify(src) by extensions ['cmake', 'python']
[0.193s] Level 1:colcon.colcon_core.package_identification:_identify(src) by extension 'cmake'
[0.193s] Level 1:colcon.colcon_core.package_identification:_identify(src) by extension 'python'
[0.193s] Level 1:colcon.colcon_core.package_identification:_identify(src) by extensions ['python_setup_py']
[0.193s] Level 1:colcon.colcon_core.package_identification:_identify(src) by extension 'python_setup_py'
[0.193s] Level 1:colcon.colcon_core.package_identification:_identify(src/my_robot_bringup) by extensions ['ignore', 'ignore_ament_install']
[0.193s] Level 1:colcon.colcon_core.package_identification:_identify(src/my_robot_bringup) by extension 'ignore'
[0.193s] Level 1:colcon.colcon_core.package_identification:_identify(src/my_robot_bringup) by extension 'ignore_ament_install'
[0.193s] Level 1:colcon.colcon_core.package_identification:_identify(src/my_robot_bringup) by extensions ['colcon_pkg']
[0.193s] Level 1:colcon.colcon_core.package_identification:_identify(src/my_robot_bringup) by extension 'colcon_pkg'
[0.193s] Level 1:colcon.colcon_core.package_identification:_identify(src/my_robot_bringup) by extensions ['colcon_meta']
[0.193s] Level 1:colcon.colcon_core.package_identification:_identify(src/my_robot_bringup) by extension 'colcon_meta'
[0.193s] Level 1:colcon.colcon_core.package_identification:_identify(src/my_robot_bringup) by extensions ['ros']
[0.193s] Level 1:colcon.colcon_core.package_identification:_identify(src/my_robot_bringup) by extension 'ros'
[0.195s] DEBUG:colcon.colcon_core.package_identification:Package 'src/my_robot_bringup' with type 'ros.ament_cmake' and name 'my_robot_bringup'
[0.195s] Level 1:colcon.colcon_core.package_identification:_identify(src/my_robot_description) by extensions ['ignore', 'ignore_ament_install']
[0.195s] Level 1:colcon.colcon_core.package_identification:_identify(src/my_robot_description) by extension 'ignore'
[0.195s] Level 1:colcon.colcon_core.package_identification:_identify(src/my_robot_description) by extension 'ignore_ament_install'
[0.195s] Level 1:colcon.colcon_core.package_identification:_identify(src/my_robot_description) by extensions ['colcon_pkg']
[0.195s] Level 1:colcon.colcon_core.package_identification:_identify(src/my_robot_description) by extension 'colcon_pkg'
[0.195s] Level 1:colcon.colcon_core.package_identification:_identify(src/my_robot_description) by extensions ['colcon_meta']
[0.195s] Level 1:colcon.colcon_core.package_identification:_identify(src/my_robot_description) by extension 'colcon_meta'
[0.195s] Level 1:colcon.colcon_core.package_identification:_identify(src/my_robot_description) by extensions ['ros']
[0.195s] Level 1:colcon.colcon_core.package_identification:_identify(src/my_robot_description) by extension 'ros'
[0.195s] DEBUG:colcon.colcon_core.package_identification:Package 'src/my_robot_description' with type 'ros.ament_cmake' and name 'my_robot_description'
[0.195s] Level 1:colcon.colcon_core.package_discovery:discover_packages(recursive) using defaults
[0.195s] Level 1:colcon.colcon_core.package_discovery:discover_packages(ignore) discover
[0.195s] Level 1:colcon.colcon_core.package_discovery:discover_packages(ignore) using defaults
[0.195s] Level 1:colcon.colcon_core.package_discovery:discover_packages(path) discover
[0.195s] Level 1:colcon.colcon_core.package_discovery:discover_packages(path) using defaults
[0.209s] Level 1:colcon.colcon_core.package_discovery:discover_packages(prefix_path) check parameters
[0.209s] Level 1:colcon.colcon_core.package_discovery:discover_packages(prefix_path) discover
[0.210s] WARNING:colcon.colcon_ros.prefix_path.ament:The path '/home/john/Documents/ros_project/ros2_ws/install/my_robot_bringup' in the environment variable AMENT_PREFIX_PATH doesn't exist
[0.210s] WARNING:colcon.colcon_ros.prefix_path.ament:The path '/home/john/Documents/ros_project/ros2_ws/install/my_robot_description' in the environment variable AMENT_PREFIX_PATH doesn't exist
[0.210s] WARNING:colcon.colcon_ros.prefix_path.catkin:The path '/home/john/Documents/ros_project/ros2_ws/install/my_robot_bringup' in the environment variable CMAKE_PREFIX_PATH doesn't exist
[0.210s] WARNING:colcon.colcon_ros.prefix_path.catkin:The path '/home/john/Documents/ros_project/ros2_ws/install/my_robot_description' in the environment variable CMAKE_PREFIX_PATH doesn't exist
[0.211s] DEBUG:colcon.colcon_installed_package_information.package_discovery:Found 0 installed packages in /home/john/Documents/ros_project/ros2_ws/install
[0.211s] DEBUG:colcon.colcon_installed_package_information.package_discovery:Found 5 installed packages in /home/john/Documents/ros2_ws/install
[0.212s] DEBUG:colcon.colcon_installed_package_information.package_discovery:Found 281 installed packages in /opt/ros/humble
[0.213s] Level 1:colcon.colcon_core.package_discovery:discover_packages(prefix_path) using defaults
[0.246s] Level 5:colcon.colcon_core.verb:set package 'my_robot_description' build argument 'cmake_args' from command line to 'None'
[0.246s] Level 5:colcon.colcon_core.verb:set package 'my_robot_description' build argument 'cmake_target' from command line to 'None'
[0.246s] Level 5:colcon.colcon_core.verb:set package 'my_robot_description' build argument 'cmake_target_skip_unavailable' from command line to 'False'
[0.246s] Level 5:colcon.colcon_core.verb:set package 'my_robot_description' build argument 'cmake_clean_cache' from command line to 'False'
[0.246s] Level 5:colcon.colcon_core.verb:set package 'my_robot_description' build argument 'cmake_clean_first' from command line to 'False'
[0.246s] Level 5:colcon.colcon_core.verb:set package 'my_robot_description' build argument 'cmake_force_configure' from command line to 'False'
[0.246s] Level 5:colcon.colcon_core.verb:set package 'my_robot_description' build argument 'ament_cmake_args' from command line to 'None'
[0.246s] Level 5:colcon.colcon_core.verb:set package 'my_robot_description' build argument 'catkin_cmake_args' from command line to 'None'
[0.246s] Level 5:colcon.colcon_core.verb:set package 'my_robot_description' build argument 'catkin_skip_building_tests' from command line to 'False'
[0.246s] DEBUG:colcon.colcon_core.verb:Building package 'my_robot_description' with the following arguments: {'ament_cmake_args': None, 'build_base': '/home/john/Documents/ros_project/ros2_ws/build/my_robot_description', 'catkin_cmake_args': None, 'catkin_skip_building_tests': False, 'cmake_args': None, 'cmake_clean_cache': False, 'cmake_clean_first': False, 'cmake_force_configure': False, 'cmake_target': None, 'cmake_target_skip_unavailable': False, 'install_base': '/home/john/Documents/ros_project/ros2_ws/install/my_robot_description', 'merge_install': False, 'path': '/home/john/Documents/ros_project/ros2_ws/src/my_robot_description', 'symlink_install': True, 'test_result_base': None}
[0.247s] Level 5:colcon.colcon_core.verb:set package 'my_robot_bringup' build argument 'cmake_args' from command line to 'None'
[0.247s] Level 5:colcon.colcon_core.verb:set package 'my_robot_bringup' build argument 'cmake_target' from command line to 'None'
[0.247s] Level 5:colcon.colcon_core.verb:set package 'my_robot_bringup' build argument 'cmake_target_skip_unavailable' from command line to 'False'
[0.247s] Level 5:colcon.colcon_core.verb:set package 'my_robot_bringup' build argument 'cmake_clean_cache' from command line to 'False'
[0.247s] Level 5:colcon.colcon_core.verb:set package 'my_robot_bringup' build argument 'cmake_clean_first' from command line to 'False'
[0.247s] Level 5:colcon.colcon_core.verb:set package 'my_robot_bringup' build argument 'cmake_force_configure' from command line to 'False'
[0.247s] Level 5:colcon.colcon_core.verb:set package 'my_robot_bringup' build argument 'ament_cmake_args' from command line to 'None'
[0.247s] Level 5:colcon.colcon_core.verb:set package 'my_robot_bringup' build argument 'catkin_cmake_args' from command line to 'None'
[0.247s] Level 5:colcon.colcon_core.verb:set package 'my_robot_bringup' build argument 'catkin_skip_building_tests' from command line to 'False'
[0.247s] DEBUG:colcon.colcon_core.verb:Building package 'my_robot_bringup' with the following arguments: {'ament_cmake_args': None, 'build_base': '/home/john/Documents/ros_project/ros2_ws/build/my_robot_bringup', 'catkin_cmake_args': None, 'catkin_skip_building_tests': False, 'cmake_args': None, 'cmake_clean_cache': False, 'cmake_clean_first': False, 'cmake_force_configure': False, 'cmake_target': None, 'cmake_target_skip_unavailable': False, 'install_base': '/home/john/Documents/ros_project/ros2_ws/install/my_robot_bringup', 'merge_install': False, 'path': '/home/john/Documents/ros_project/ros2_ws/src/my_robot_bringup', 'symlink_install': True, 'test_result_base': None}
[0.247s] INFO:colcon.colcon_core.executor:Executing jobs using 'parallel' executor
[0.249s] DEBUG:colcon.colcon_parallel_executor.executor.parallel:run_until_complete
[0.249s] INFO:colcon.colcon_ros.task.ament_cmake.build:Building ROS package in '/home/john/Documents/ros_project/ros2_ws/src/my_robot_description' with build type 'ament_cmake'
[0.249s] INFO:colcon.colcon_cmake.task.cmake.build:Building CMake package in '/home/john/Documents/ros_project/ros2_ws/src/my_robot_description'
[0.252s] INFO:colcon.colcon_core.plugin_system:Skipping extension 'colcon_core.shell.bat': Not used on non-Windows systems
[0.252s] INFO:colcon.colcon_core.shell:Skip shell extension 'powershell' for command environment: Not usable outside of PowerShell
[0.252s] DEBUG:colcon.colcon_core.shell:Skip shell extension 'dsv' for command environment
[0.257s] DEBUG:colcon.colcon_core.event_handler.log_command:Invoking command in '/home/john/Documents/ros_project/ros2_ws/build/my_robot_description': CMAKE_PREFIX_PATH=${CMAKE_PREFIX_PATH}:/home/john/Documents/ros2_ws/install/turtlesim_catch_them_all:/home/john/Documents/ros2_ws/install/my_py_pkg:/opt/ros/humble /usr/bin/cmake /home/john/Documents/ros_project/ros2_ws/src/my_robot_description -DAMENT_CMAKE_SYMLINK_INSTALL=1 -DCMAKE_INSTALL_PREFIX=/home/john/Documents/ros_project/ros2_ws/install/my_robot_description
[3.949s] DEBUG:colcon.colcon_core.event_handler.log_command:Invoked command in '/home/john/Documents/ros_project/ros2_ws/build/my_robot_description' returned '0': CMAKE_PREFIX_PATH=${CMAKE_PREFIX_PATH}:/home/john/Documents/ros2_ws/install/turtlesim_catch_them_all:/home/john/Documents/ros2_ws/install/my_py_pkg:/opt/ros/humble /usr/bin/cmake /home/john/Documents/ros_project/ros2_ws/src/my_robot_description -DAMENT_CMAKE_SYMLINK_INSTALL=1 -DCMAKE_INSTALL_PREFIX=/home/john/Documents/ros_project/ros2_ws/install/my_robot_description
[3.950s] DEBUG:colcon.colcon_core.event_handler.log_command:Invoking command in '/home/john/Documents/ros_project/ros2_ws/build/my_robot_description': CMAKE_PREFIX_PATH=${CMAKE_PREFIX_PATH}:/home/john/Documents/ros2_ws/install/turtlesim_catch_them_all:/home/john/Documents/ros2_ws/install/my_py_pkg:/opt/ros/humble /usr/bin/cmake --build /home/john/Documents/ros_project/ros2_ws/build/my_robot_description -- -j16 -l16
[3.971s] DEBUG:colcon.colcon_core.event_handler.log_command:Invoked command in '/home/john/Documents/ros_project/ros2_ws/build/my_robot_description' returned '0': CMAKE_PREFIX_PATH=${CMAKE_PREFIX_PATH}:/home/john/Documents/ros2_ws/install/turtlesim_catch_them_all:/home/john/Documents/ros2_ws/install/my_py_pkg:/opt/ros/humble /usr/bin/cmake --build /home/john/Documents/ros_project/ros2_ws/build/my_robot_description -- -j16 -l16
[3.988s] DEBUG:colcon.colcon_core.event_handler.log_command:Invoking command in '/home/john/Documents/ros_project/ros2_ws/build/my_robot_description': CMAKE_PREFIX_PATH=${CMAKE_PREFIX_PATH}:/home/john/Documents/ros2_ws/install/turtlesim_catch_them_all:/home/john/Documents/ros2_ws/install/my_py_pkg:/opt/ros/humble /usr/bin/cmake --install /home/john/Documents/ros_project/ros2_ws/build/my_robot_description
[4.117s] Level 1:colcon.colcon_core.environment:create_environment_scripts_only(my_robot_description)
[4.118s] DEBUG:colcon.colcon_core.event_handler.log_command:Invoked command in '/home/john/Documents/ros_project/ros2_ws/build/my_robot_description' returned '0': CMAKE_PREFIX_PATH=${CMAKE_PREFIX_PATH}:/home/john/Documents/ros2_ws/install/turtlesim_catch_them_all:/home/john/Documents/ros2_ws/install/my_py_pkg:/opt/ros/humble /usr/bin/cmake --install /home/john/Documents/ros_project/ros2_ws/build/my_robot_description
[4.120s] Level 1:colcon.colcon_core.environment:checking '/home/john/Documents/ros_project/ros2_ws/install/my_robot_description' for CMake module files
[4.121s] Level 1:colcon.colcon_core.environment:checking '/home/john/Documents/ros_project/ros2_ws/install/my_robot_description' for CMake config files
[4.121s] Level 1:colcon.colcon_core.shell:create_environment_hook('my_robot_description', 'cmake_prefix_path')
[4.121s] INFO:colcon.colcon_core.shell:Creating environment hook '/home/john/Documents/ros_project/ros2_ws/install/my_robot_description/share/my_robot_description/hook/cmake_prefix_path.ps1'
[4.122s] INFO:colcon.colcon_core.shell:Creating environment descriptor '/home/john/Documents/ros_project/ros2_ws/install/my_robot_description/share/my_robot_description/hook/cmake_prefix_path.dsv'
[4.122s] INFO:colcon.colcon_core.shell:Creating environment hook '/home/john/Documents/ros_project/ros2_ws/install/my_robot_description/share/my_robot_description/hook/cmake_prefix_path.sh'
[4.122s] Level 1:colcon.colcon_core.environment:checking '/home/john/Documents/ros_project/ros2_ws/install/my_robot_description/bin'
[4.122s] Level 1:colcon.colcon_core.environment:checking '/home/john/Documents/ros_project/ros2_ws/install/my_robot_description/lib/pkgconfig/my_robot_description.pc'
[4.123s] Level 1:colcon.colcon_core.environment:checking '/home/john/Documents/ros_project/ros2_ws/install/my_robot_description/lib/python3.10/site-packages'
[4.123s] Level 1:colcon.colcon_core.environment:checking '/home/john/Documents/ros_project/ros2_ws/install/my_robot_description/bin'
[4.123s] INFO:colcon.colcon_core.shell:Creating package script '/home/john/Documents/ros_project/ros2_ws/install/my_robot_description/share/my_robot_description/package.ps1'
[4.124s] INFO:colcon.colcon_core.shell:Creating package descriptor '/home/john/Documents/ros_project/ros2_ws/install/my_robot_description/share/my_robot_description/package.dsv'
[4.124s] INFO:colcon.colcon_core.shell:Creating package script '/home/john/Documents/ros_project/ros2_ws/install/my_robot_description/share/my_robot_description/package.sh'
[4.124s] INFO:colcon.colcon_core.shell:Creating package script '/home/john/Documents/ros_project/ros2_ws/install/my_robot_description/share/my_robot_description/package.bash'
[4.125s] INFO:colcon.colcon_core.shell:Creating package script '/home/john/Documents/ros_project/ros2_ws/install/my_robot_description/share/my_robot_description/package.zsh'
[4.125s] Level 1:colcon.colcon_core.environment:create_file_with_runtime_dependencies(/home/john/Documents/ros_project/ros2_ws/install/my_robot_description/share/colcon-core/packages/my_robot_description)
[4.138s] Level 1:colcon.colcon_core.environment:create_environment_scripts_only(my_robot_description)
[4.139s] Level 1:colcon.colcon_core.environment:checking '/home/john/Documents/ros_project/ros2_ws/install/my_robot_description' for CMake module files
[4.140s] Level 1:colcon.colcon_core.environment:checking '/home/john/Documents/ros_project/ros2_ws/install/my_robot_description' for CMake config files
[4.140s] Level 1:colcon.colcon_core.shell:create_environment_hook('my_robot_description', 'cmake_prefix_path')
[4.140s] INFO:colcon.colcon_core.shell:Creating environment hook '/home/john/Documents/ros_project/ros2_ws/install/my_robot_description/share/my_robot_description/hook/cmake_prefix_path.ps1'
[4.141s] INFO:colcon.colcon_core.shell:Creating environment descriptor '/home/john/Documents/ros_project/ros2_ws/install/my_robot_description/share/my_robot_description/hook/cmake_prefix_path.dsv'
[4.141s] INFO:colcon.colcon_core.shell:Creating environment hook '/home/john/Documents/ros_project/ros2_ws/install/my_robot_description/share/my_robot_description/hook/cmake_prefix_path.sh'
[4.141s] Level 1:colcon.colcon_core.environment:checking '/home/john/Documents/ros_project/ros2_ws/install/my_robot_description/bin'
[4.141s] Level 1:colcon.colcon_core.environment:checking '/home/john/Documents/ros_project/ros2_ws/install/my_robot_description/lib/pkgconfig/my_robot_description.pc'
[4.141s] Level 1:colcon.colcon_core.environment:checking '/home/john/Documents/ros_project/ros2_ws/install/my_robot_description/lib/python3.10/site-packages'
[4.141s] Level 1:colcon.colcon_core.environment:checking '/home/john/Documents/ros_project/ros2_ws/install/my_robot_description/bin'
[4.142s] INFO:colcon.colcon_core.shell:Creating package script '/home/john/Documents/ros_project/ros2_ws/install/my_robot_description/share/my_robot_description/package.ps1'
[4.142s] INFO:colcon.colcon_core.shell:Creating package descriptor '/home/john/Documents/ros_project/ros2_ws/install/my_robot_description/share/my_robot_description/package.dsv'
[4.142s] INFO:colcon.colcon_core.shell:Creating package script '/home/john/Documents/ros_project/ros2_ws/install/my_robot_description/share/my_robot_description/package.sh'
[4.143s] INFO:colcon.colcon_core.shell:Creating package script '/home/john/Documents/ros_project/ros2_ws/install/my_robot_description/share/my_robot_description/package.bash'
[4.143s] INFO:colcon.colcon_core.shell:Creating package script '/home/john/Documents/ros_project/ros2_ws/install/my_robot_description/share/my_robot_description/package.zsh'
[4.143s] Level 1:colcon.colcon_core.environment:create_file_with_runtime_dependencies(/home/john/Documents/ros_project/ros2_ws/install/my_robot_description/share/colcon-core/packages/my_robot_description)
[4.143s] INFO:colcon.colcon_ros.task.ament_cmake.build:Building ROS package in '/home/john/Documents/ros_project/ros2_ws/src/my_robot_bringup' with build type 'ament_cmake'
[4.143s] INFO:colcon.colcon_cmake.task.cmake.build:Building CMake package in '/home/john/Documents/ros_project/ros2_ws/src/my_robot_bringup'
[4.144s] INFO:colcon.colcon_core.shell:Skip shell extension 'powershell' for command environment: Not usable outside of PowerShell
[4.144s] DEBUG:colcon.colcon_core.shell:Skip shell extension 'dsv' for command environment
[4.151s] DEBUG:colcon.colcon_core.event_handler.log_command:Invoking command in '/home/john/Documents/ros_project/ros2_ws/build/my_robot_bringup': CMAKE_PREFIX_PATH=/home/john/Documents/ros_project/ros2_ws/install/my_robot_description:/home/john/Documents/ros_project/ros2_ws/install/my_robot_bringup:/home/john/Documents/ros2_ws/install/my_robot_bringup:/home/john/Documents/ros2_ws/install/my_robot_interface:/home/john/Documents/ros2_ws/install/my_cpp_pkg:/home/john/Documents/ros2_ws/install/turtlesim_catch_them_all:/home/john/Documents/ros2_ws/install/my_py_pkg:/opt/ros/humble /usr/bin/cmake /home/john/Documents/ros_project/ros2_ws/src/my_robot_bringup -DAMENT_CMAKE_SYMLINK_INSTALL=1 -DCMAKE_INSTALL_PREFIX=/home/john/Documents/ros_project/ros2_ws/install/my_robot_bringup
[4.651s] DEBUG:colcon.colcon_core.event_handler.log_command:Invoked command in '/home/john/Documents/ros_project/ros2_ws/build/my_robot_bringup' returned '0': CMAKE_PREFIX_PATH=/home/john/Documents/ros_project/ros2_ws/install/my_robot_description:/home/john/Documents/ros_project/ros2_ws/install/my_robot_bringup:/home/john/Documents/ros2_ws/install/my_robot_bringup:/home/john/Documents/ros2_ws/install/my_robot_interface:/home/john/Documents/ros2_ws/install/my_cpp_pkg:/home/john/Documents/ros2_ws/install/turtlesim_catch_them_all:/home/john/Documents/ros2_ws/install/my_py_pkg:/opt/ros/humble /usr/bin/cmake /home/john/Documents/ros_project/ros2_ws/src/my_robot_bringup -DAMENT_CMAKE_SYMLINK_INSTALL=1 -DCMAKE_INSTALL_PREFIX=/home/john/Documents/ros_project/ros2_ws/install/my_robot_bringup
[4.651s] DEBUG:colcon.colcon_core.event_handler.log_command:Invoking command in '/home/john/Documents/ros_project/ros2_ws/build/my_robot_bringup': CMAKE_PREFIX_PATH=/home/john/Documents/ros_project/ros2_ws/install/my_robot_description:/home/john/Documents/ros_project/ros2_ws/install/my_robot_bringup:/home/john/Documents/ros2_ws/install/my_robot_bringup:/home/john/Documents/ros2_ws/install/my_robot_interface:/home/john/Documents/ros2_ws/install/my_cpp_pkg:/home/john/Documents/ros2_ws/install/turtlesim_catch_them_all:/home/john/Documents/ros2_ws/install/my_py_pkg:/opt/ros/humble /usr/bin/cmake --build /home/john/Documents/ros_project/ros2_ws/build/my_robot_bringup -- -j16 -l16
[4.674s] DEBUG:colcon.colcon_core.event_handler.log_command:Invoked command in '/home/john/Documents/ros_project/ros2_ws/build/my_robot_bringup' returned '0': CMAKE_PREFIX_PATH=/home/john/Documents/ros_project/ros2_ws/install/my_robot_description:/home/john/Documents/ros_project/ros2_ws/install/my_robot_bringup:/home/john/Documents/ros2_ws/install/my_robot_bringup:/home/john/Documents/ros2_ws/install/my_robot_interface:/home/john/Documents/ros2_ws/install/my_cpp_pkg:/home/john/Documents/ros2_ws/install/turtlesim_catch_them_all:/home/john/Documents/ros2_ws/install/my_py_pkg:/opt/ros/humble /usr/bin/cmake --build /home/john/Documents/ros_project/ros2_ws/build/my_robot_bringup -- -j16 -l16
[4.688s] DEBUG:colcon.colcon_core.event_handler.log_command:Invoking command in '/home/john/Documents/ros_project/ros2_ws/build/my_robot_bringup': CMAKE_PREFIX_PATH=/home/john/Documents/ros_project/ros2_ws/install/my_robot_description:/home/john/Documents/ros_project/ros2_ws/install/my_robot_bringup:/home/john/Documents/ros2_ws/install/my_robot_bringup:/home/john/Documents/ros2_ws/install/my_robot_interface:/home/john/Documents/ros2_ws/install/my_cpp_pkg:/home/john/Documents/ros2_ws/install/turtlesim_catch_them_all:/home/john/Documents/ros2_ws/install/my_py_pkg:/opt/ros/humble /usr/bin/cmake --install /home/john/Documents/ros_project/ros2_ws/build/my_robot_bringup
[4.790s] Level 1:colcon.colcon_core.environment:create_environment_scripts_only(my_robot_bringup)
[4.791s] Level 1:colcon.colcon_core.environment:checking '/home/john/Documents/ros_project/ros2_ws/install/my_robot_bringup' for CMake module files
[4.792s] DEBUG:colcon.colcon_core.event_handler.log_command:Invoked command in '/home/john/Documents/ros_project/ros2_ws/build/my_robot_bringup' returned '0': CMAKE_PREFIX_PATH=/home/john/Documents/ros_project/ros2_ws/install/my_robot_description:/home/john/Documents/ros_project/ros2_ws/install/my_robot_bringup:/home/john/Documents/ros2_ws/install/my_robot_bringup:/home/john/Documents/ros2_ws/install/my_robot_interface:/home/john/Documents/ros2_ws/install/my_cpp_pkg:/home/john/Documents/ros2_ws/install/turtlesim_catch_them_all:/home/john/Documents/ros2_ws/install/my_py_pkg:/opt/ros/humble /usr/bin/cmake --install /home/john/Documents/ros_project/ros2_ws/build/my_robot_bringup
[4.792s] Level 1:colcon.colcon_core.environment:checking '/home/john/Documents/ros_project/ros2_ws/install/my_robot_bringup' for CMake config files
[4.792s] Level 1:colcon.colcon_core.shell:create_environment_hook('my_robot_bringup', 'cmake_prefix_path')
[4.793s] INFO:colcon.colcon_core.shell:Creating environment hook '/home/john/Documents/ros_project/ros2_ws/install/my_robot_bringup/share/my_robot_bringup/hook/cmake_prefix_path.ps1'
[4.793s] INFO:colcon.colcon_core.shell:Creating environment descriptor '/home/john/Documents/ros_project/ros2_ws/install/my_robot_bringup/share/my_robot_bringup/hook/cmake_prefix_path.dsv'
[4.793s] INFO:colcon.colcon_core.shell:Creating environment hook '/home/john/Documents/ros_project/ros2_ws/install/my_robot_bringup/share/my_robot_bringup/hook/cmake_prefix_path.sh'
[4.794s] Level 1:colcon.colcon_core.environment:checking '/home/john/Documents/ros_project/ros2_ws/install/my_robot_bringup/bin'
[4.794s] Level 1:colcon.colcon_core.environment:checking '/home/john/Documents/ros_project/ros2_ws/install/my_robot_bringup/lib/pkgconfig/my_robot_bringup.pc'
[4.794s] Level 1:colcon.colcon_core.environment:checking '/home/john/Documents/ros_project/ros2_ws/install/my_robot_bringup/lib/python3.10/site-packages'
[4.794s] Level 1:colcon.colcon_core.environment:checking '/home/john/Documents/ros_project/ros2_ws/install/my_robot_bringup/bin'
[4.795s] INFO:colcon.colcon_core.shell:Creating package script '/home/john/Documents/ros_project/ros2_ws/install/my_robot_bringup/share/my_robot_bringup/package.ps1'
[4.795s] INFO:colcon.colcon_core.shell:Creating package descriptor '/home/john/Documents/ros_project/ros2_ws/install/my_robot_bringup/share/my_robot_bringup/package.dsv'
[4.795s] INFO:colcon.colcon_core.shell:Creating package script '/home/john/Documents/ros_project/ros2_ws/install/my_robot_bringup/share/my_robot_bringup/package.sh'
[4.796s] INFO:colcon.colcon_core.shell:Creating package script '/home/john/Documents/ros_project/ros2_ws/install/my_robot_bringup/share/my_robot_bringup/package.bash'
[4.796s] INFO:colcon.colcon_core.shell:Creating package script '/home/john/Documents/ros_project/ros2_ws/install/my_robot_bringup/share/my_robot_bringup/package.zsh'
[4.796s] Level 1:colcon.colcon_core.environment:create_file_with_runtime_dependencies(/home/john/Documents/ros_project/ros2_ws/install/my_robot_bringup/share/colcon-core/packages/my_robot_bringup)
[4.809s] Level 1:colcon.colcon_core.environment:create_environment_scripts_only(my_robot_bringup)
[4.810s] Level 1:colcon.colcon_core.environment:checking '/home/john/Documents/ros_project/ros2_ws/install/my_robot_bringup' for CMake module files
[4.810s] Level 1:colcon.colcon_core.environment:checking '/home/john/Documents/ros_project/ros2_ws/install/my_robot_bringup' for CMake config files
[4.810s] Level 1:colcon.colcon_core.shell:create_environment_hook('my_robot_bringup', 'cmake_prefix_path')
[4.811s] INFO:colcon.colcon_core.shell:Creating environment hook '/home/john/Documents/ros_project/ros2_ws/install/my_robot_bringup/share/my_robot_bringup/hook/cmake_prefix_path.ps1'
[4.811s] INFO:colcon.colcon_core.shell:Creating environment descriptor '/home/john/Documents/ros_project/ros2_ws/install/my_robot_bringup/share/my_robot_bringup/hook/cmake_prefix_path.dsv'
[4.812s] INFO:colcon.colcon_core.shell:Creating environment hook '/home/john/Documents/ros_project/ros2_ws/install/my_robot_bringup/share/my_robot_bringup/hook/cmake_prefix_path.sh'
[4.812s] Level 1:colcon.colcon_core.environment:checking '/home/john/Documents/ros_project/ros2_ws/install/my_robot_bringup/bin'
[4.812s] Level 1:colcon.colcon_core.environment:checking '/home/john/Documents/ros_project/ros2_ws/install/my_robot_bringup/lib/pkgconfig/my_robot_bringup.pc'
[4.812s] Level 1:colcon.colcon_core.environment:checking '/home/john/Documents/ros_project/ros2_ws/install/my_robot_bringup/lib/python3.10/site-packages'
[4.812s] Level 1:colcon.colcon_core.environment:checking '/home/john/Documents/ros_project/ros2_ws/install/my_robot_bringup/bin'
[4.813s] INFO:colcon.colcon_core.shell:Creating package script '/home/john/Documents/ros_project/ros2_ws/install/my_robot_bringup/share/my_robot_bringup/package.ps1'
[4.813s] INFO:colcon.colcon_core.shell:Creating package descriptor '/home/john/Documents/ros_project/ros2_ws/install/my_robot_bringup/share/my_robot_bringup/package.dsv'
[4.814s] INFO:colcon.colcon_core.shell:Creating package script '/home/john/Documents/ros_project/ros2_ws/install/my_robot_bringup/share/my_robot_bringup/package.sh'
[4.814s] INFO:colcon.colcon_core.shell:Creating package script '/home/john/Documents/ros_project/ros2_ws/install/my_robot_bringup/share/my_robot_bringup/package.bash'
[4.814s] INFO:colcon.colcon_core.shell:Creating package script '/home/john/Documents/ros_project/ros2_ws/install/my_robot_bringup/share/my_robot_bringup/package.zsh'
[4.814s] Level 1:colcon.colcon_core.environment:create_file_with_runtime_dependencies(/home/john/Documents/ros_project/ros2_ws/install/my_robot_bringup/share/colcon-core/packages/my_robot_bringup)
[4.814s] DEBUG:colcon.colcon_parallel_executor.executor.parallel:closing loop
[4.815s] DEBUG:colcon.colcon_parallel_executor.executor.parallel:loop closed
[4.815s] DEBUG:colcon.colcon_parallel_executor.executor.parallel:run_until_complete finished with '0'
[4.815s] DEBUG:colcon.colcon_core.event_reactor:joining thread
[4.818s] INFO:colcon.colcon_core.plugin_system:Skipping extension 'colcon_notification.desktop_notification.terminal_notifier': Not used on non-Darwin systems
[4.819s] INFO:colcon.colcon_core.plugin_system:Skipping extension 'colcon_notification.desktop_notification.win32': Not used on non-Windows systems
[4.819s] INFO:colcon.colcon_notification.desktop_notification:Sending desktop notification using 'notify2'
[4.828s] DEBUG:colcon.colcon_core.event_reactor:joined thread
[4.829s] INFO:colcon.colcon_core.shell:Creating prefix script '/home/john/Documents/ros_project/ros2_ws/install/local_setup.ps1'
[4.829s] INFO:colcon.colcon_core.shell:Creating prefix util module '/home/john/Documents/ros_project/ros2_ws/install/_local_setup_util_ps1.py'
[4.830s] INFO:colcon.colcon_core.shell:Creating prefix chain script '/home/john/Documents/ros_project/ros2_ws/install/setup.ps1'
[4.831s] INFO:colcon.colcon_core.shell:Creating prefix script '/home/john/Documents/ros_project/ros2_ws/install/local_setup.sh'
[4.831s] INFO:colcon.colcon_core.shell:Creating prefix util module '/home/john/Documents/ros_project/ros2_ws/install/_local_setup_util_sh.py'
[4.831s] INFO:colcon.colcon_core.shell:Creating prefix chain script '/home/john/Documents/ros_project/ros2_ws/install/setup.sh'
[4.832s] INFO:colcon.colcon_core.shell:Creating prefix script '/home/john/Documents/ros_project/ros2_ws/install/local_setup.bash'
[4.833s] INFO:colcon.colcon_core.shell:Creating prefix chain script '/home/john/Documents/ros_project/ros2_ws/install/setup.bash'
[4.833s] INFO:colcon.colcon_core.shell:Creating prefix script '/home/john/Documents/ros_project/ros2_ws/install/local_setup.zsh'
[4.833s] INFO:colcon.colcon_core.shell:Creating prefix chain script '/home/john/Documents/ros_project/ros2_ws/install/setup.zsh'
