-- Found ament_cmake: 1.3.5 (/opt/ros/humble/share/ament_cmake/cmake)
-- Found rosidl_default_generators: 1.2.0 (/opt/ros/humble/share/rosidl_default_generators/cmake)
-- Using all available rosidl_typesupport_c: rosidl_typesupport_fastrtps_c;rosidl_typesupport_introspection_c
-- Found rosidl_adapter: 3.1.5 (/opt/ros/humble/share/rosidl_adapter/cmake)
-- Using all available rosidl_typesupport_cpp: rosidl_typesupport_fastrtps_cpp;rosidl_typesupport_introspection_cpp
-- Found ament_cmake_ros: 0.10.0 (/opt/ros/humble/share/ament_cmake_ros/cmake)
-- Using all available rosidl_typesupport_c: rosidl_typesupport_fastrtps_c;rosidl_typesupport_introspection_c
-- Using all available rosidl_typesupport_cpp: rosidl_typesupport_fastrtps_cpp;rosidl_typesupport_introspection_cpp
-- Found python_cmake_module: 0.10.0 (/opt/ros/humble/share/python_cmake_module/cmake)
-- Using PYTHON_EXECUTABLE: /usr/bin/python3
-- Using PYTHON_INCLUDE_DIRS: /usr/include/python3.10
-- Using PYTHON_LIBRARIES: /usr/lib/x86_64-linux-gnu/libpython3.10.so
-- Configuring done
-- Generating done
-- Build files have been written to: /home/john/Documents/ros2_ws/build/my_robot_interface
[35m[1mConsolidate compiler generated dependencies of target my_robot_interface__rosidl_generator_c[0m
[  1%] Built target my_robot_interface__cpp
[ 12%] Built target my_robot_interface__rosidl_generator_c
[ 12%] Built target ament_cmake_python_copy_my_robot_interface
[35m[1mConsolidate compiler generated dependencies of target my_robot_interface__rosidl_typesupport_cpp[0m
[35m[1mConsolidate compiler generated dependencies of target my_robot_interface__rosidl_typesupport_introspection_cpp[0m
[35m[1mConsolidate compiler generated dependencies of target my_robot_interface__rosidl_typesupport_fastrtps_cpp[0m
[35m[1mConsolidate compiler generated dependencies of target my_robot_interface__rosidl_typesupport_c[0m
[35m[1mConsolidate compiler generated dependencies of target my_robot_interface__rosidl_typesupport_introspection_c[0m
[35m[1mConsolidate compiler generated dependencies of target my_robot_interface__rosidl_typesupport_fastrtps_c[0m
[ 23%] Built target my_robot_interface__rosidl_typesupport_cpp
[ 34%] Built target my_robot_interface__rosidl_typesupport_c
[ 46%] Built target my_robot_interface__rosidl_typesupport_introspection_c
[ 57%] Built target my_robot_interface__rosidl_typesupport_introspection_cpp
[ 68%] Built target my_robot_interface__rosidl_typesupport_fastrtps_c
[ 79%] Built target my_robot_interface__rosidl_typesupport_fastrtps_cpp
[ 79%] Built target my_robot_interface
[ 80%] Built target my_robot_interface__py
[35m[1mConsolidate compiler generated dependencies of target my_robot_interface__rosidl_generator_py[0m
[ 90%] Built target my_robot_interface__rosidl_generator_py
[35m[1mConsolidate compiler generated dependencies of target my_robot_interface__rosidl_typesupport_fastrtps_c__pyext[0m
[35m[1mConsolidate compiler generated dependencies of target my_robot_interface__rosidl_typesupport_c__pyext[0m
[35m[1mConsolidate compiler generated dependencies of target my_robot_interface__rosidl_typesupport_introspection_c__pyext[0m
[ 93%] Built target my_robot_interface__rosidl_typesupport_fastrtps_c__pyext
[ 96%] Built target my_robot_interface__rosidl_typesupport_c__pyext
[100%] Built target my_robot_interface__rosidl_typesupport_introspection_c__pyext
running egg_info
writing my_robot_interface.egg-info/PKG-INFO
writing dependency_links to my_robot_interface.egg-info/dependency_links.txt
writing top-level names to my_robot_interface.egg-info/top_level.txt
reading manifest file 'my_robot_interface.egg-info/SOURCES.txt'
writing manifest file 'my_robot_interface.egg-info/SOURCES.txt'
[100%] Built target ament_cmake_python_build_my_robot_interface_egg
-- Install configuration: ""
-- Up-to-date: /home/john/Documents/ros2_ws/install/my_robot_interface/share/ament_index/resource_index/rosidl_interfaces/my_robot_interface
-- Up-to-date: /home/john/Documents/ros2_ws/install/my_robot_interface/include/my_robot_interface/my_robot_interface
-- Up-to-date: /home/john/Documents/ros2_ws/install/my_robot_interface/include/my_robot_interface/my_robot_interface/srv
-- Up-to-date: /home/john/Documents/ros2_ws/install/my_robot_interface/include/my_robot_interface/my_robot_interface/srv/detail
-- Up-to-date: /home/john/Documents/ros2_ws/install/my_robot_interface/include/my_robot_interface/my_robot_interface/srv/detail/led_control__type_support.h
-- Up-to-date: /home/john/Documents/ros2_ws/install/my_robot_interface/include/my_robot_interface/my_robot_interface/srv/detail/compute_rectangle_area__struct.h
-- Up-to-date: /home/john/Documents/ros2_ws/install/my_robot_interface/include/my_robot_interface/my_robot_interface/srv/detail/compute_rectangle_area__functions.c
-- Up-to-date: /home/john/Documents/ros2_ws/install/my_robot_interface/include/my_robot_interface/my_robot_interface/srv/detail/compute_rectangle_area__functions.h
-- Up-to-date: /home/john/Documents/ros2_ws/install/my_robot_interface/include/my_robot_interface/my_robot_interface/srv/detail/led_control__struct.h
-- Up-to-date: /home/john/Documents/ros2_ws/install/my_robot_interface/include/my_robot_interface/my_robot_interface/srv/detail/compute_rectangle_area__type_support.h
-- Up-to-date: /home/john/Documents/ros2_ws/install/my_robot_interface/include/my_robot_interface/my_robot_interface/srv/detail/led_control__functions.c
-- Up-to-date: /home/john/Documents/ros2_ws/install/my_robot_interface/include/my_robot_interface/my_robot_interface/srv/detail/led_control__functions.h
-- Up-to-date: /home/john/Documents/ros2_ws/install/my_robot_interface/include/my_robot_interface/my_robot_interface/srv/led_control.h
-- Up-to-date: /home/john/Documents/ros2_ws/install/my_robot_interface/include/my_robot_interface/my_robot_interface/srv/compute_rectangle_area.h
-- Up-to-date: /home/john/Documents/ros2_ws/install/my_robot_interface/include/my_robot_interface/my_robot_interface/msg
-- Up-to-date: /home/john/Documents/ros2_ws/install/my_robot_interface/include/my_robot_interface/my_robot_interface/msg/led_status.h
-- Up-to-date: /home/john/Documents/ros2_ws/install/my_robot_interface/include/my_robot_interface/my_robot_interface/msg/detail
-- Up-to-date: /home/john/Documents/ros2_ws/install/my_robot_interface/include/my_robot_interface/my_robot_interface/msg/detail/turtle_array__functions.h
-- Up-to-date: /home/john/Documents/ros2_ws/install/my_robot_interface/include/my_robot_interface/my_robot_interface/msg/detail/turtle_array__type_support.h
-- Up-to-date: /home/john/Documents/ros2_ws/install/my_robot_interface/include/my_robot_interface/my_robot_interface/msg/detail/hardware_status__struct.h
-- Up-to-date: /home/john/Documents/ros2_ws/install/my_robot_interface/include/my_robot_interface/my_robot_interface/msg/detail/hardware_status__functions.h
-- Up-to-date: /home/john/Documents/ros2_ws/install/my_robot_interface/include/my_robot_interface/my_robot_interface/msg/detail/led_status__type_support.h
-- Up-to-date: /home/john/Documents/ros2_ws/install/my_robot_interface/include/my_robot_interface/my_robot_interface/msg/detail/hardware_status__type_support.h
-- Up-to-date: /home/john/Documents/ros2_ws/install/my_robot_interface/include/my_robot_interface/my_robot_interface/msg/detail/led_status__functions.c
-- Up-to-date: /home/john/Documents/ros2_ws/install/my_robot_interface/include/my_robot_interface/my_robot_interface/msg/detail/led_status__functions.h
-- Up-to-date: /home/john/Documents/ros2_ws/install/my_robot_interface/include/my_robot_interface/my_robot_interface/msg/detail/hardware_status__functions.c
-- Up-to-date: /home/john/Documents/ros2_ws/install/my_robot_interface/include/my_robot_interface/my_robot_interface/msg/detail/turtle_array__struct.h
-- Up-to-date: /home/john/Documents/ros2_ws/install/my_robot_interface/include/my_robot_interface/my_robot_interface/msg/detail/led_status__struct.h
-- Up-to-date: /home/john/Documents/ros2_ws/install/my_robot_interface/include/my_robot_interface/my_robot_interface/msg/detail/turtle_array__functions.c
-- Up-to-date: /home/john/Documents/ros2_ws/install/my_robot_interface/include/my_robot_interface/my_robot_interface/msg/turtle_array.h
-- Up-to-date: /home/john/Documents/ros2_ws/install/my_robot_interface/include/my_robot_interface/my_robot_interface/msg/hardware_status.h
-- Up-to-date: /home/john/Documents/ros2_ws/install/my_robot_interface/include/my_robot_interface/my_robot_interface/msg/rosidl_generator_c__visibility_control.h
-- Up-to-date: /home/john/Documents/ros2_ws/install/my_robot_interface/share/my_robot_interface/environment/library_path.sh
-- Installing: /home/john/Documents/ros2_ws/install/my_robot_interface/share/my_robot_interface/environment/library_path.dsv
-- Up-to-date: /home/john/Documents/ros2_ws/install/my_robot_interface/lib/libmy_robot_interface__rosidl_generator_c.so
-- Up-to-date: /home/john/Documents/ros2_ws/install/my_robot_interface/include/my_robot_interface/my_robot_interface
-- Up-to-date: /home/john/Documents/ros2_ws/install/my_robot_interface/include/my_robot_interface/my_robot_interface/srv
-- Up-to-date: /home/john/Documents/ros2_ws/install/my_robot_interface/include/my_robot_interface/my_robot_interface/srv/detail
-- Up-to-date: /home/john/Documents/ros2_ws/install/my_robot_interface/include/my_robot_interface/my_robot_interface/srv/detail/compute_rectangle_area__rosidl_typesupport_fastrtps_c.h
-- Up-to-date: /home/john/Documents/ros2_ws/install/my_robot_interface/include/my_robot_interface/my_robot_interface/srv/detail/led_control__rosidl_typesupport_fastrtps_c.h
-- Up-to-date: /home/john/Documents/ros2_ws/install/my_robot_interface/include/my_robot_interface/my_robot_interface/msg
-- Up-to-date: /home/john/Documents/ros2_ws/install/my_robot_interface/include/my_robot_interface/my_robot_interface/msg/detail
-- Up-to-date: /home/john/Documents/ros2_ws/install/my_robot_interface/include/my_robot_interface/my_robot_interface/msg/detail/hardware_status__rosidl_typesupport_fastrtps_c.h
-- Up-to-date: /home/john/Documents/ros2_ws/install/my_robot_interface/include/my_robot_interface/my_robot_interface/msg/detail/turtle_array__rosidl_typesupport_fastrtps_c.h
-- Up-to-date: /home/john/Documents/ros2_ws/install/my_robot_interface/include/my_robot_interface/my_robot_interface/msg/detail/led_status__rosidl_typesupport_fastrtps_c.h
-- Up-to-date: /home/john/Documents/ros2_ws/install/my_robot_interface/include/my_robot_interface/my_robot_interface/msg/rosidl_typesupport_fastrtps_c__visibility_control.h
-- Up-to-date: /home/john/Documents/ros2_ws/install/my_robot_interface/lib/libmy_robot_interface__rosidl_typesupport_fastrtps_c.so
-- Up-to-date: /home/john/Documents/ros2_ws/install/my_robot_interface/include/my_robot_interface/my_robot_interface
-- Up-to-date: /home/john/Documents/ros2_ws/install/my_robot_interface/include/my_robot_interface/my_robot_interface/srv
-- Up-to-date: /home/john/Documents/ros2_ws/install/my_robot_interface/include/my_robot_interface/my_robot_interface/srv/detail
-- Up-to-date: /home/john/Documents/ros2_ws/install/my_robot_interface/include/my_robot_interface/my_robot_interface/srv/detail/compute_rectangle_area__rosidl_typesupport_introspection_c.h
-- Up-to-date: /home/john/Documents/ros2_ws/install/my_robot_interface/include/my_robot_interface/my_robot_interface/srv/detail/led_control__rosidl_typesupport_introspection_c.h
-- Up-to-date: /home/john/Documents/ros2_ws/install/my_robot_interface/include/my_robot_interface/my_robot_interface/srv/detail/led_control__type_support.c
-- Up-to-date: /home/john/Documents/ros2_ws/install/my_robot_interface/include/my_robot_interface/my_robot_interface/srv/detail/compute_rectangle_area__type_support.c
-- Up-to-date: /home/john/Documents/ros2_ws/install/my_robot_interface/include/my_robot_interface/my_robot_interface/msg
-- Up-to-date: /home/john/Documents/ros2_ws/install/my_robot_interface/include/my_robot_interface/my_robot_interface/msg/detail
-- Up-to-date: /home/john/Documents/ros2_ws/install/my_robot_interface/include/my_robot_interface/my_robot_interface/msg/detail/turtle_array__type_support.c
-- Up-to-date: /home/john/Documents/ros2_ws/install/my_robot_interface/include/my_robot_interface/my_robot_interface/msg/detail/led_status__type_support.c
-- Up-to-date: /home/john/Documents/ros2_ws/install/my_robot_interface/include/my_robot_interface/my_robot_interface/msg/detail/led_status__rosidl_typesupport_introspection_c.h
-- Up-to-date: /home/john/Documents/ros2_ws/install/my_robot_interface/include/my_robot_interface/my_robot_interface/msg/detail/hardware_status__rosidl_typesupport_introspection_c.h
-- Up-to-date: /home/john/Documents/ros2_ws/install/my_robot_interface/include/my_robot_interface/my_robot_interface/msg/detail/turtle_array__rosidl_typesupport_introspection_c.h
-- Up-to-date: /home/john/Documents/ros2_ws/install/my_robot_interface/include/my_robot_interface/my_robot_interface/msg/detail/hardware_status__type_support.c
-- Up-to-date: /home/john/Documents/ros2_ws/install/my_robot_interface/include/my_robot_interface/my_robot_interface/msg/rosidl_typesupport_introspection_c__visibility_control.h
-- Up-to-date: /home/john/Documents/ros2_ws/install/my_robot_interface/lib/libmy_robot_interface__rosidl_typesupport_introspection_c.so
-- Up-to-date: /home/john/Documents/ros2_ws/install/my_robot_interface/lib/libmy_robot_interface__rosidl_typesupport_c.so
-- Up-to-date: /home/john/Documents/ros2_ws/install/my_robot_interface/include/my_robot_interface/my_robot_interface
-- Up-to-date: /home/john/Documents/ros2_ws/install/my_robot_interface/include/my_robot_interface/my_robot_interface/srv
-- Up-to-date: /home/john/Documents/ros2_ws/install/my_robot_interface/include/my_robot_interface/my_robot_interface/srv/detail
-- Up-to-date: /home/john/Documents/ros2_ws/install/my_robot_interface/include/my_robot_interface/my_robot_interface/srv/detail/led_control__builder.hpp
-- Up-to-date: /home/john/Documents/ros2_ws/install/my_robot_interface/include/my_robot_interface/my_robot_interface/srv/detail/compute_rectangle_area__traits.hpp
-- Up-to-date: /home/john/Documents/ros2_ws/install/my_robot_interface/include/my_robot_interface/my_robot_interface/srv/detail/compute_rectangle_area__builder.hpp
-- Up-to-date: /home/john/Documents/ros2_ws/install/my_robot_interface/include/my_robot_interface/my_robot_interface/srv/detail/led_control__struct.hpp
-- Up-to-date: /home/john/Documents/ros2_ws/install/my_robot_interface/include/my_robot_interface/my_robot_interface/srv/detail/led_control__traits.hpp
-- Up-to-date: /home/john/Documents/ros2_ws/install/my_robot_interface/include/my_robot_interface/my_robot_interface/srv/detail/compute_rectangle_area__struct.hpp
-- Up-to-date: /home/john/Documents/ros2_ws/install/my_robot_interface/include/my_robot_interface/my_robot_interface/srv/led_control.hpp
-- Up-to-date: /home/john/Documents/ros2_ws/install/my_robot_interface/include/my_robot_interface/my_robot_interface/srv/compute_rectangle_area.hpp
-- Up-to-date: /home/john/Documents/ros2_ws/install/my_robot_interface/include/my_robot_interface/my_robot_interface/msg
-- Up-to-date: /home/john/Documents/ros2_ws/install/my_robot_interface/include/my_robot_interface/my_robot_interface/msg/turtle_array.hpp
-- Up-to-date: /home/john/Documents/ros2_ws/install/my_robot_interface/include/my_robot_interface/my_robot_interface/msg/detail
-- Up-to-date: /home/john/Documents/ros2_ws/install/my_robot_interface/include/my_robot_interface/my_robot_interface/msg/detail/hardware_status__struct.hpp
-- Up-to-date: /home/john/Documents/ros2_ws/install/my_robot_interface/include/my_robot_interface/my_robot_interface/msg/detail/hardware_status__builder.hpp
-- Up-to-date: /home/john/Documents/ros2_ws/install/my_robot_interface/include/my_robot_interface/my_robot_interface/msg/detail/hardware_status__traits.hpp
-- Up-to-date: /home/john/Documents/ros2_ws/install/my_robot_interface/include/my_robot_interface/my_robot_interface/msg/detail/turtle_array__traits.hpp
-- Up-to-date: /home/john/Documents/ros2_ws/install/my_robot_interface/include/my_robot_interface/my_robot_interface/msg/detail/turtle_array__builder.hpp
-- Up-to-date: /home/john/Documents/ros2_ws/install/my_robot_interface/include/my_robot_interface/my_robot_interface/msg/detail/turtle_array__struct.hpp
-- Up-to-date: /home/john/Documents/ros2_ws/install/my_robot_interface/include/my_robot_interface/my_robot_interface/msg/detail/led_status__traits.hpp
-- Up-to-date: /home/john/Documents/ros2_ws/install/my_robot_interface/include/my_robot_interface/my_robot_interface/msg/detail/led_status__struct.hpp
-- Up-to-date: /home/john/Documents/ros2_ws/install/my_robot_interface/include/my_robot_interface/my_robot_interface/msg/detail/led_status__builder.hpp
-- Up-to-date: /home/john/Documents/ros2_ws/install/my_robot_interface/include/my_robot_interface/my_robot_interface/msg/led_status.hpp
-- Up-to-date: /home/john/Documents/ros2_ws/install/my_robot_interface/include/my_robot_interface/my_robot_interface/msg/hardware_status.hpp
-- Up-to-date: /home/john/Documents/ros2_ws/install/my_robot_interface/include/my_robot_interface/my_robot_interface
-- Up-to-date: /home/john/Documents/ros2_ws/install/my_robot_interface/include/my_robot_interface/my_robot_interface/srv
-- Up-to-date: /home/john/Documents/ros2_ws/install/my_robot_interface/include/my_robot_interface/my_robot_interface/srv/detail
-- Up-to-date: /home/john/Documents/ros2_ws/install/my_robot_interface/include/my_robot_interface/my_robot_interface/srv/detail/led_control__rosidl_typesupport_fastrtps_cpp.hpp
-- Up-to-date: /home/john/Documents/ros2_ws/install/my_robot_interface/include/my_robot_interface/my_robot_interface/srv/detail/compute_rectangle_area__rosidl_typesupport_fastrtps_cpp.hpp
-- Up-to-date: /home/john/Documents/ros2_ws/install/my_robot_interface/include/my_robot_interface/my_robot_interface/srv/detail/dds_fastrtps
-- Up-to-date: /home/john/Documents/ros2_ws/install/my_robot_interface/include/my_robot_interface/my_robot_interface/msg
-- Up-to-date: /home/john/Documents/ros2_ws/install/my_robot_interface/include/my_robot_interface/my_robot_interface/msg/detail
-- Up-to-date: /home/john/Documents/ros2_ws/install/my_robot_interface/include/my_robot_interface/my_robot_interface/msg/detail/hardware_status__rosidl_typesupport_fastrtps_cpp.hpp
-- Up-to-date: /home/john/Documents/ros2_ws/install/my_robot_interface/include/my_robot_interface/my_robot_interface/msg/detail/led_status__rosidl_typesupport_fastrtps_cpp.hpp
-- Up-to-date: /home/john/Documents/ros2_ws/install/my_robot_interface/include/my_robot_interface/my_robot_interface/msg/detail/turtle_array__rosidl_typesupport_fastrtps_cpp.hpp
-- Up-to-date: /home/john/Documents/ros2_ws/install/my_robot_interface/include/my_robot_interface/my_robot_interface/msg/detail/dds_fastrtps
-- Up-to-date: /home/john/Documents/ros2_ws/install/my_robot_interface/include/my_robot_interface/my_robot_interface/msg/rosidl_typesupport_fastrtps_cpp__visibility_control.h
-- Up-to-date: /home/john/Documents/ros2_ws/install/my_robot_interface/lib/libmy_robot_interface__rosidl_typesupport_fastrtps_cpp.so
-- Up-to-date: /home/john/Documents/ros2_ws/install/my_robot_interface/include/my_robot_interface/my_robot_interface
-- Up-to-date: /home/john/Documents/ros2_ws/install/my_robot_interface/include/my_robot_interface/my_robot_interface/srv
-- Up-to-date: /home/john/Documents/ros2_ws/install/my_robot_interface/include/my_robot_interface/my_robot_interface/srv/detail
-- Up-to-date: /home/john/Documents/ros2_ws/install/my_robot_interface/include/my_robot_interface/my_robot_interface/srv/detail/led_control__rosidl_typesupport_introspection_cpp.hpp
-- Up-to-date: /home/john/Documents/ros2_ws/install/my_robot_interface/include/my_robot_interface/my_robot_interface/srv/detail/led_control__type_support.cpp
-- Up-to-date: /home/john/Documents/ros2_ws/install/my_robot_interface/include/my_robot_interface/my_robot_interface/srv/detail/compute_rectangle_area__type_support.cpp
-- Up-to-date: /home/john/Documents/ros2_ws/install/my_robot_interface/include/my_robot_interface/my_robot_interface/srv/detail/compute_rectangle_area__rosidl_typesupport_introspection_cpp.hpp
-- Up-to-date: /home/john/Documents/ros2_ws/install/my_robot_interface/include/my_robot_interface/my_robot_interface/msg
-- Up-to-date: /home/john/Documents/ros2_ws/install/my_robot_interface/include/my_robot_interface/my_robot_interface/msg/detail
-- Up-to-date: /home/john/Documents/ros2_ws/install/my_robot_interface/include/my_robot_interface/my_robot_interface/msg/detail/hardware_status__rosidl_typesupport_introspection_cpp.hpp
-- Up-to-date: /home/john/Documents/ros2_ws/install/my_robot_interface/include/my_robot_interface/my_robot_interface/msg/detail/led_status__type_support.cpp
-- Up-to-date: /home/john/Documents/ros2_ws/install/my_robot_interface/include/my_robot_interface/my_robot_interface/msg/detail/turtle_array__type_support.cpp
-- Up-to-date: /home/john/Documents/ros2_ws/install/my_robot_interface/include/my_robot_interface/my_robot_interface/msg/detail/hardware_status__type_support.cpp
-- Up-to-date: /home/john/Documents/ros2_ws/install/my_robot_interface/include/my_robot_interface/my_robot_interface/msg/detail/turtle_array__rosidl_typesupport_introspection_cpp.hpp
-- Up-to-date: /home/john/Documents/ros2_ws/install/my_robot_interface/include/my_robot_interface/my_robot_interface/msg/detail/led_status__rosidl_typesupport_introspection_cpp.hpp
-- Up-to-date: /home/john/Documents/ros2_ws/install/my_robot_interface/lib/libmy_robot_interface__rosidl_typesupport_introspection_cpp.so
-- Up-to-date: /home/john/Documents/ros2_ws/install/my_robot_interface/lib/libmy_robot_interface__rosidl_typesupport_cpp.so
-- Up-to-date: /home/john/Documents/ros2_ws/install/my_robot_interface/share/my_robot_interface/environment/pythonpath.sh
-- Installing: /home/john/Documents/ros2_ws/install/my_robot_interface/share/my_robot_interface/environment/pythonpath.dsv
-- Up-to-date: /home/john/Documents/ros2_ws/install/my_robot_interface/local/lib/python3.10/dist-packages/my_robot_interface-0.0.0-py3.10.egg-info
-- Installing: /home/john/Documents/ros2_ws/install/my_robot_interface/local/lib/python3.10/dist-packages/my_robot_interface-0.0.0-py3.10.egg-info/SOURCES.txt
-- Installing: /home/john/Documents/ros2_ws/install/my_robot_interface/local/lib/python3.10/dist-packages/my_robot_interface-0.0.0-py3.10.egg-info/dependency_links.txt
-- Installing: /home/john/Documents/ros2_ws/install/my_robot_interface/local/lib/python3.10/dist-packages/my_robot_interface-0.0.0-py3.10.egg-info/top_level.txt
-- Installing: /home/john/Documents/ros2_ws/install/my_robot_interface/local/lib/python3.10/dist-packages/my_robot_interface-0.0.0-py3.10.egg-info/PKG-INFO
-- Up-to-date: /home/john/Documents/ros2_ws/install/my_robot_interface/local/lib/python3.10/dist-packages/my_robot_interface
-- Up-to-date: /home/john/Documents/ros2_ws/install/my_robot_interface/local/lib/python3.10/dist-packages/my_robot_interface/my_robot_interface_s__rosidl_typesupport_introspection_c.cpython-310-x86_64-linux-gnu.so
-- Up-to-date: /home/john/Documents/ros2_ws/install/my_robot_interface/local/lib/python3.10/dist-packages/my_robot_interface/_my_robot_interface_s.ep.rosidl_typesupport_fastrtps_c.c
-- Up-to-date: /home/john/Documents/ros2_ws/install/my_robot_interface/local/lib/python3.10/dist-packages/my_robot_interface/srv
-- Up-to-date: /home/john/Documents/ros2_ws/install/my_robot_interface/local/lib/python3.10/dist-packages/my_robot_interface/srv/_led_control.py
-- Up-to-date: /home/john/Documents/ros2_ws/install/my_robot_interface/local/lib/python3.10/dist-packages/my_robot_interface/srv/_compute_rectangle_area.py
-- Up-to-date: /home/john/Documents/ros2_ws/install/my_robot_interface/local/lib/python3.10/dist-packages/my_robot_interface/srv/_led_control_s.c
-- Up-to-date: /home/john/Documents/ros2_ws/install/my_robot_interface/local/lib/python3.10/dist-packages/my_robot_interface/srv/_compute_rectangle_area_s.c
-- Up-to-date: /home/john/Documents/ros2_ws/install/my_robot_interface/local/lib/python3.10/dist-packages/my_robot_interface/srv/__init__.py
-- Up-to-date: /home/john/Documents/ros2_ws/install/my_robot_interface/local/lib/python3.10/dist-packages/my_robot_interface/my_robot_interface_s__rosidl_typesupport_fastrtps_c.cpython-310-x86_64-linux-gnu.so
-- Up-to-date: /home/john/Documents/ros2_ws/install/my_robot_interface/local/lib/python3.10/dist-packages/my_robot_interface/my_robot_interface_s__rosidl_typesupport_c.cpython-310-x86_64-linux-gnu.so
-- Up-to-date: /home/john/Documents/ros2_ws/install/my_robot_interface/local/lib/python3.10/dist-packages/my_robot_interface/_my_robot_interface_s.ep.rosidl_typesupport_introspection_c.c
-- Up-to-date: /home/john/Documents/ros2_ws/install/my_robot_interface/local/lib/python3.10/dist-packages/my_robot_interface/_my_robot_interface_s.ep.rosidl_typesupport_c.c
-- Up-to-date: /home/john/Documents/ros2_ws/install/my_robot_interface/local/lib/python3.10/dist-packages/my_robot_interface/libmy_robot_interface__rosidl_generator_py.so
-- Up-to-date: /home/john/Documents/ros2_ws/install/my_robot_interface/local/lib/python3.10/dist-packages/my_robot_interface/msg
-- Up-to-date: /home/john/Documents/ros2_ws/install/my_robot_interface/local/lib/python3.10/dist-packages/my_robot_interface/msg/_hardware_status_s.c
-- Up-to-date: /home/john/Documents/ros2_ws/install/my_robot_interface/local/lib/python3.10/dist-packages/my_robot_interface/msg/_turtle_array.py
-- Up-to-date: /home/john/Documents/ros2_ws/install/my_robot_interface/local/lib/python3.10/dist-packages/my_robot_interface/msg/_turtle_array_s.c
-- Up-to-date: /home/john/Documents/ros2_ws/install/my_robot_interface/local/lib/python3.10/dist-packages/my_robot_interface/msg/_led_status.py
-- Up-to-date: /home/john/Documents/ros2_ws/install/my_robot_interface/local/lib/python3.10/dist-packages/my_robot_interface/msg/_led_status_s.c
-- Up-to-date: /home/john/Documents/ros2_ws/install/my_robot_interface/local/lib/python3.10/dist-packages/my_robot_interface/msg/_hardware_status.py
-- Up-to-date: /home/john/Documents/ros2_ws/install/my_robot_interface/local/lib/python3.10/dist-packages/my_robot_interface/msg/__init__.py
-- Installing: /home/john/Documents/ros2_ws/install/my_robot_interface/local/lib/python3.10/dist-packages/my_robot_interface/__init__.py
Listing '/home/john/Documents/ros2_ws/install/my_robot_interface/local/lib/python3.10/dist-packages/my_robot_interface'...
Compiling '/home/john/Documents/ros2_ws/install/my_robot_interface/local/lib/python3.10/dist-packages/my_robot_interface/__init__.py'...
Listing '/home/john/Documents/ros2_ws/install/my_robot_interface/local/lib/python3.10/dist-packages/my_robot_interface/msg'...
Listing '/home/john/Documents/ros2_ws/install/my_robot_interface/local/lib/python3.10/dist-packages/my_robot_interface/srv'...
-- Up-to-date: /home/john/Documents/ros2_ws/install/my_robot_interface/local/lib/python3.10/dist-packages/my_robot_interface/my_robot_interface_s__rosidl_typesupport_fastrtps_c.cpython-310-x86_64-linux-gnu.so
-- Up-to-date: /home/john/Documents/ros2_ws/install/my_robot_interface/local/lib/python3.10/dist-packages/my_robot_interface/my_robot_interface_s__rosidl_typesupport_introspection_c.cpython-310-x86_64-linux-gnu.so
-- Up-to-date: /home/john/Documents/ros2_ws/install/my_robot_interface/local/lib/python3.10/dist-packages/my_robot_interface/my_robot_interface_s__rosidl_typesupport_c.cpython-310-x86_64-linux-gnu.so
-- Up-to-date: /home/john/Documents/ros2_ws/install/my_robot_interface/lib/libmy_robot_interface__rosidl_generator_py.so
-- Up-to-date: /home/john/Documents/ros2_ws/install/my_robot_interface/share/my_robot_interface/msg/HardwareStatus.idl
-- Up-to-date: /home/john/Documents/ros2_ws/install/my_robot_interface/share/my_robot_interface/msg/LedStatus.idl
-- Up-to-date: /home/john/Documents/ros2_ws/install/my_robot_interface/share/my_robot_interface/msg/TurtleArray.idl
-- Up-to-date: /home/john/Documents/ros2_ws/install/my_robot_interface/share/my_robot_interface/srv/ComputeRectangleArea.idl
-- Up-to-date: /home/john/Documents/ros2_ws/install/my_robot_interface/share/my_robot_interface/srv/LedControl.idl
-- Up-to-date: /home/john/Documents/ros2_ws/install/my_robot_interface/share/my_robot_interface/msg/HardwareStatus.msg
-- Up-to-date: /home/john/Documents/ros2_ws/install/my_robot_interface/share/my_robot_interface/msg/LedStatus.msg
-- Installing: /home/john/Documents/ros2_ws/install/my_robot_interface/share/my_robot_interface/msg/TurtleArray.msg
-- Up-to-date: /home/john/Documents/ros2_ws/install/my_robot_interface/share/my_robot_interface/srv/ComputeRectangleArea.srv
-- Up-to-date: /home/john/Documents/ros2_ws/install/my_robot_interface/share/my_robot_interface/srv/ComputeRectangleArea_Request.msg
-- Up-to-date: /home/john/Documents/ros2_ws/install/my_robot_interface/share/my_robot_interface/srv/ComputeRectangleArea_Response.msg
-- Up-to-date: /home/john/Documents/ros2_ws/install/my_robot_interface/share/my_robot_interface/srv/LedControl.srv
-- Up-to-date: /home/john/Documents/ros2_ws/install/my_robot_interface/share/my_robot_interface/srv/LedControl_Request.msg
-- Up-to-date: /home/john/Documents/ros2_ws/install/my_robot_interface/share/my_robot_interface/srv/LedControl_Response.msg
-- Up-to-date: /home/john/Documents/ros2_ws/install/my_robot_interface/share/ament_index/resource_index/package_run_dependencies/my_robot_interface
-- Up-to-date: /home/john/Documents/ros2_ws/install/my_robot_interface/share/ament_index/resource_index/parent_prefix_path/my_robot_interface
-- Up-to-date: /home/john/Documents/ros2_ws/install/my_robot_interface/share/my_robot_interface/environment/ament_prefix_path.sh
-- Installing: /home/john/Documents/ros2_ws/install/my_robot_interface/share/my_robot_interface/environment/ament_prefix_path.dsv
-- Up-to-date: /home/john/Documents/ros2_ws/install/my_robot_interface/share/my_robot_interface/environment/path.sh
-- Installing: /home/john/Documents/ros2_ws/install/my_robot_interface/share/my_robot_interface/environment/path.dsv
-- Up-to-date: /home/john/Documents/ros2_ws/install/my_robot_interface/share/my_robot_interface/local_setup.bash
-- Up-to-date: /home/john/Documents/ros2_ws/install/my_robot_interface/share/my_robot_interface/local_setup.sh
-- Up-to-date: /home/john/Documents/ros2_ws/install/my_robot_interface/share/my_robot_interface/local_setup.zsh
-- Installing: /home/john/Documents/ros2_ws/install/my_robot_interface/share/my_robot_interface/local_setup.dsv
-- Installing: /home/john/Documents/ros2_ws/install/my_robot_interface/share/my_robot_interface/package.dsv
-- Up-to-date: /home/john/Documents/ros2_ws/install/my_robot_interface/share/ament_index/resource_index/packages/my_robot_interface
-- Up-to-date: /home/john/Documents/ros2_ws/install/my_robot_interface/share/my_robot_interface/cmake/export_my_robot_interface__rosidl_generator_cExport.cmake
-- Up-to-date: /home/john/Documents/ros2_ws/install/my_robot_interface/share/my_robot_interface/cmake/export_my_robot_interface__rosidl_generator_cExport-noconfig.cmake
-- Up-to-date: /home/john/Documents/ros2_ws/install/my_robot_interface/share/my_robot_interface/cmake/export_my_robot_interface__rosidl_typesupport_fastrtps_cExport.cmake
-- Up-to-date: /home/john/Documents/ros2_ws/install/my_robot_interface/share/my_robot_interface/cmake/export_my_robot_interface__rosidl_typesupport_fastrtps_cExport-noconfig.cmake
-- Up-to-date: /home/john/Documents/ros2_ws/install/my_robot_interface/share/my_robot_interface/cmake/my_robot_interface__rosidl_typesupport_introspection_cExport.cmake
-- Up-to-date: /home/john/Documents/ros2_ws/install/my_robot_interface/share/my_robot_interface/cmake/my_robot_interface__rosidl_typesupport_introspection_cExport-noconfig.cmake
-- Up-to-date: /home/john/Documents/ros2_ws/install/my_robot_interface/share/my_robot_interface/cmake/my_robot_interface__rosidl_typesupport_cExport.cmake
-- Up-to-date: /home/john/Documents/ros2_ws/install/my_robot_interface/share/my_robot_interface/cmake/my_robot_interface__rosidl_typesupport_cExport-noconfig.cmake
-- Up-to-date: /home/john/Documents/ros2_ws/install/my_robot_interface/share/my_robot_interface/cmake/export_my_robot_interface__rosidl_generator_cppExport.cmake
-- Up-to-date: /home/john/Documents/ros2_ws/install/my_robot_interface/share/my_robot_interface/cmake/export_my_robot_interface__rosidl_typesupport_fastrtps_cppExport.cmake
-- Up-to-date: /home/john/Documents/ros2_ws/install/my_robot_interface/share/my_robot_interface/cmake/export_my_robot_interface__rosidl_typesupport_fastrtps_cppExport-noconfig.cmake
-- Up-to-date: /home/john/Documents/ros2_ws/install/my_robot_interface/share/my_robot_interface/cmake/my_robot_interface__rosidl_typesupport_introspection_cppExport.cmake
-- Up-to-date: /home/john/Documents/ros2_ws/install/my_robot_interface/share/my_robot_interface/cmake/my_robot_interface__rosidl_typesupport_introspection_cppExport-noconfig.cmake
-- Up-to-date: /home/john/Documents/ros2_ws/install/my_robot_interface/share/my_robot_interface/cmake/my_robot_interface__rosidl_typesupport_cppExport.cmake
-- Up-to-date: /home/john/Documents/ros2_ws/install/my_robot_interface/share/my_robot_interface/cmake/my_robot_interface__rosidl_typesupport_cppExport-noconfig.cmake
-- Up-to-date: /home/john/Documents/ros2_ws/install/my_robot_interface/share/my_robot_interface/cmake/export_my_robot_interface__rosidl_generator_pyExport.cmake
-- Up-to-date: /home/john/Documents/ros2_ws/install/my_robot_interface/share/my_robot_interface/cmake/export_my_robot_interface__rosidl_generator_pyExport-noconfig.cmake
-- Up-to-date: /home/john/Documents/ros2_ws/install/my_robot_interface/share/my_robot_interface/cmake/rosidl_cmake-extras.cmake
-- Up-to-date: /home/john/Documents/ros2_ws/install/my_robot_interface/share/my_robot_interface/cmake/ament_cmake_export_include_directories-extras.cmake
-- Up-to-date: /home/john/Documents/ros2_ws/install/my_robot_interface/share/my_robot_interface/cmake/ament_cmake_export_libraries-extras.cmake
-- Up-to-date: /home/john/Documents/ros2_ws/install/my_robot_interface/share/my_robot_interface/cmake/ament_cmake_export_targets-extras.cmake
-- Up-to-date: /home/john/Documents/ros2_ws/install/my_robot_interface/share/my_robot_interface/cmake/rosidl_cmake_export_typesupport_targets-extras.cmake
-- Up-to-date: /home/john/Documents/ros2_ws/install/my_robot_interface/share/my_robot_interface/cmake/ament_cmake_export_dependencies-extras.cmake
-- Up-to-date: /home/john/Documents/ros2_ws/install/my_robot_interface/share/my_robot_interface/cmake/rosidl_cmake_export_typesupport_libraries-extras.cmake
-- Up-to-date: /home/john/Documents/ros2_ws/install/my_robot_interface/share/my_robot_interface/cmake/my_robot_interfaceConfig.cmake
-- Up-to-date: /home/john/Documents/ros2_ws/install/my_robot_interface/share/my_robot_interface/cmake/my_robot_interfaceConfig-version.cmake
-- Up-to-date: /home/john/Documents/ros2_ws/install/my_robot_interface/share/my_robot_interface/package.xml
