[0.009s] Invoking command in '/home/john/Documents/ros2_ws/build/my_robot_interface': CMAKE_PREFIX_PATH=${CMAKE_PREFIX_PATH}:/home/john/Documents/ros2_ws/install/my_py_pkg:/opt/ros/humble /usr/bin/cmake --build /home/john/Documents/ros2_ws/build/my_robot_interface -- -j16 -l16
[0.023s] -- Found ament_cmake: 1.3.5 (/opt/ros/humble/share/ament_cmake/cmake)
[0.108s] -- Found rosidl_default_generators: 1.2.0 (/opt/ros/humble/share/rosidl_default_generators/cmake)
[0.109s] -- Using all available rosidl_typesupport_c: rosidl_typesupport_fastrtps_c;rosidl_typesupport_introspection_c
[0.110s] -- Found rosidl_adapter: 3.1.5 (/opt/ros/humble/share/rosidl_adapter/cmake)
[0.127s] -- Using all available rosidl_typesupport_cpp: rosidl_typesupport_fastrtps_cpp;rosidl_typesupport_introspection_cpp
[0.297s] -- Found ament_cmake_ros: 0.10.0 (/opt/ros/humble/share/ament_cmake_ros/cmake)
[0.404s] -- Using all available rosidl_typesupport_c: rosidl_typesupport_fastrtps_c;rosidl_typesupport_introspection_c
[0.553s] -- Using all available rosidl_typesupport_cpp: rosidl_typesupport_fastrtps_cpp;rosidl_typesupport_introspection_cpp
[0.567s] -- Found python_cmake_module: 0.10.0 (/opt/ros/humble/share/python_cmake_module/cmake)
[0.581s] -- Using PYTHON_EXECUTABLE: /usr/bin/python3
[0.581s] -- Using PYTHON_INCLUDE_DIRS: /usr/include/python3.10
[0.581s] -- Using PYTHON_LIBRARIES: /usr/lib/x86_64-linux-gnu/libpython3.10.so
[0.589s] -- Configuring done
[0.608s] -- Generating done
[0.610s] -- Build files have been written to: /home/john/Documents/ros2_ws/build/my_robot_interface
[0.624s] [35m[1mConsolidate compiler generated dependencies of target my_robot_interface__rosidl_generator_c[0m
[0.630s] [  1%] Built target my_robot_interface__cpp
[0.632s] [ 12%] Built target my_robot_interface__rosidl_generator_c
[0.636s] [ 12%] Built target ament_cmake_python_copy_my_robot_interface
[0.637s] [35m[1mConsolidate compiler generated dependencies of target my_robot_interface__rosidl_typesupport_cpp[0m
[0.640s] [35m[1mConsolidate compiler generated dependencies of target my_robot_interface__rosidl_typesupport_introspection_cpp[0m
[0.640s] [35m[1mConsolidate compiler generated dependencies of target my_robot_interface__rosidl_typesupport_fastrtps_cpp[0m
[0.640s] [35m[1mConsolidate compiler generated dependencies of target my_robot_interface__rosidl_typesupport_c[0m
[0.641s] [35m[1mConsolidate compiler generated dependencies of target my_robot_interface__rosidl_typesupport_introspection_c[0m
[0.642s] [35m[1mConsolidate compiler generated dependencies of target my_robot_interface__rosidl_typesupport_fastrtps_c[0m
[0.649s] [ 23%] Built target my_robot_interface__rosidl_typesupport_cpp
[0.650s] [ 34%] Built target my_robot_interface__rosidl_typesupport_c
[0.650s] [ 46%] Built target my_robot_interface__rosidl_typesupport_introspection_c
[0.655s] [ 57%] Built target my_robot_interface__rosidl_typesupport_introspection_cpp
[0.658s] [ 68%] Built target my_robot_interface__rosidl_typesupport_fastrtps_c
[0.659s] [ 79%] Built target my_robot_interface__rosidl_typesupport_fastrtps_cpp
[0.672s] [ 79%] Built target my_robot_interface
[0.685s] [ 80%] Built target my_robot_interface__py
[0.691s] [35m[1mConsolidate compiler generated dependencies of target my_robot_interface__rosidl_generator_py[0m
[0.703s] [ 90%] Built target my_robot_interface__rosidl_generator_py
[0.710s] [35m[1mConsolidate compiler generated dependencies of target my_robot_interface__rosidl_typesupport_fastrtps_c__pyext[0m
[0.710s] [35m[1mConsolidate compiler generated dependencies of target my_robot_interface__rosidl_typesupport_c__pyext[0m
[0.711s] [35m[1mConsolidate compiler generated dependencies of target my_robot_interface__rosidl_typesupport_introspection_c__pyext[0m
[0.718s] [ 93%] Built target my_robot_interface__rosidl_typesupport_fastrtps_c__pyext
[0.719s] [ 96%] Built target my_robot_interface__rosidl_typesupport_c__pyext
[0.721s] [100%] Built target my_robot_interface__rosidl_typesupport_introspection_c__pyext
[0.789s] running egg_info
[0.789s] writing my_robot_interface.egg-info/PKG-INFO
[0.789s] writing dependency_links to my_robot_interface.egg-info/dependency_links.txt
[0.789s] writing top-level names to my_robot_interface.egg-info/top_level.txt
[0.791s] reading manifest file 'my_robot_interface.egg-info/SOURCES.txt'
[0.791s] writing manifest file 'my_robot_interface.egg-info/SOURCES.txt'
[0.809s] [100%] Built target ament_cmake_python_build_my_robot_interface_egg
[0.817s] Invoked command in '/home/john/Documents/ros2_ws/build/my_robot_interface' returned '0': CMAKE_PREFIX_PATH=${CMAKE_PREFIX_PATH}:/home/john/Documents/ros2_ws/install/my_py_pkg:/opt/ros/humble /usr/bin/cmake --build /home/john/Documents/ros2_ws/build/my_robot_interface -- -j16 -l16
[0.891s] Invoking command in '/home/john/Documents/ros2_ws/build/my_robot_interface': CMAKE_PREFIX_PATH=${CMAKE_PREFIX_PATH}:/home/john/Documents/ros2_ws/install/my_py_pkg:/opt/ros/humble /usr/bin/cmake --install /home/john/Documents/ros2_ws/build/my_robot_interface
[0.896s] -- Install configuration: ""
[0.896s] -- Up-to-date: /home/john/Documents/ros2_ws/install/my_robot_interface/share/ament_index/resource_index/rosidl_interfaces/my_robot_interface
[0.897s] -- Up-to-date: /home/john/Documents/ros2_ws/install/my_robot_interface/include/my_robot_interface/my_robot_interface
[0.897s] -- Up-to-date: /home/john/Documents/ros2_ws/install/my_robot_interface/include/my_robot_interface/my_robot_interface/srv
[0.897s] -- Up-to-date: /home/john/Documents/ros2_ws/install/my_robot_interface/include/my_robot_interface/my_robot_interface/srv/detail
[0.897s] -- Up-to-date: /home/john/Documents/ros2_ws/install/my_robot_interface/include/my_robot_interface/my_robot_interface/srv/detail/led_control__type_support.h
[0.897s] -- Up-to-date: /home/john/Documents/ros2_ws/install/my_robot_interface/include/my_robot_interface/my_robot_interface/srv/detail/compute_rectangle_area__struct.h
[0.897s] -- Up-to-date: /home/john/Documents/ros2_ws/install/my_robot_interface/include/my_robot_interface/my_robot_interface/srv/detail/compute_rectangle_area__functions.c
[0.897s] -- Up-to-date: /home/john/Documents/ros2_ws/install/my_robot_interface/include/my_robot_interface/my_robot_interface/srv/detail/compute_rectangle_area__functions.h
[0.898s] -- Up-to-date: /home/john/Documents/ros2_ws/install/my_robot_interface/include/my_robot_interface/my_robot_interface/srv/detail/led_control__struct.h
[0.898s] -- Up-to-date: /home/john/Documents/ros2_ws/install/my_robot_interface/include/my_robot_interface/my_robot_interface/srv/detail/compute_rectangle_area__type_support.h
[0.898s] -- Up-to-date: /home/john/Documents/ros2_ws/install/my_robot_interface/include/my_robot_interface/my_robot_interface/srv/detail/led_control__functions.c
[0.898s] -- Up-to-date: /home/john/Documents/ros2_ws/install/my_robot_interface/include/my_robot_interface/my_robot_interface/srv/detail/led_control__functions.h
[0.898s] -- Up-to-date: /home/john/Documents/ros2_ws/install/my_robot_interface/include/my_robot_interface/my_robot_interface/srv/led_control.h
[0.898s] -- Up-to-date: /home/john/Documents/ros2_ws/install/my_robot_interface/include/my_robot_interface/my_robot_interface/srv/compute_rectangle_area.h
[0.898s] -- Up-to-date: /home/john/Documents/ros2_ws/install/my_robot_interface/include/my_robot_interface/my_robot_interface/msg
[0.899s] -- Up-to-date: /home/john/Documents/ros2_ws/install/my_robot_interface/include/my_robot_interface/my_robot_interface/msg/led_status.h
[0.899s] -- Up-to-date: /home/john/Documents/ros2_ws/install/my_robot_interface/include/my_robot_interface/my_robot_interface/msg/detail
[0.899s] -- Up-to-date: /home/john/Documents/ros2_ws/install/my_robot_interface/include/my_robot_interface/my_robot_interface/msg/detail/turtle_array__functions.h
[0.899s] -- Up-to-date: /home/john/Documents/ros2_ws/install/my_robot_interface/include/my_robot_interface/my_robot_interface/msg/detail/turtle_array__type_support.h
[0.899s] -- Up-to-date: /home/john/Documents/ros2_ws/install/my_robot_interface/include/my_robot_interface/my_robot_interface/msg/detail/hardware_status__struct.h
[0.899s] -- Up-to-date: /home/john/Documents/ros2_ws/install/my_robot_interface/include/my_robot_interface/my_robot_interface/msg/detail/hardware_status__functions.h
[0.899s] -- Up-to-date: /home/john/Documents/ros2_ws/install/my_robot_interface/include/my_robot_interface/my_robot_interface/msg/detail/led_status__type_support.h
[0.899s] -- Up-to-date: /home/john/Documents/ros2_ws/install/my_robot_interface/include/my_robot_interface/my_robot_interface/msg/detail/hardware_status__type_support.h
[0.900s] -- Up-to-date: /home/john/Documents/ros2_ws/install/my_robot_interface/include/my_robot_interface/my_robot_interface/msg/detail/led_status__functions.c
[0.900s] -- Up-to-date: /home/john/Documents/ros2_ws/install/my_robot_interface/include/my_robot_interface/my_robot_interface/msg/detail/led_status__functions.h
[0.900s] -- Up-to-date: /home/john/Documents/ros2_ws/install/my_robot_interface/include/my_robot_interface/my_robot_interface/msg/detail/hardware_status__functions.c
[0.900s] -- Up-to-date: /home/john/Documents/ros2_ws/install/my_robot_interface/include/my_robot_interface/my_robot_interface/msg/detail/turtle_array__struct.h
[0.900s] -- Up-to-date: /home/john/Documents/ros2_ws/install/my_robot_interface/include/my_robot_interface/my_robot_interface/msg/detail/led_status__struct.h
[0.900s] -- Up-to-date: /home/john/Documents/ros2_ws/install/my_robot_interface/include/my_robot_interface/my_robot_interface/msg/detail/turtle_array__functions.c
[0.900s] -- Up-to-date: /home/john/Documents/ros2_ws/install/my_robot_interface/include/my_robot_interface/my_robot_interface/msg/turtle_array.h
[0.900s] -- Up-to-date: /home/john/Documents/ros2_ws/install/my_robot_interface/include/my_robot_interface/my_robot_interface/msg/hardware_status.h
[0.900s] -- Up-to-date: /home/john/Documents/ros2_ws/install/my_robot_interface/include/my_robot_interface/my_robot_interface/msg/rosidl_generator_c__visibility_control.h
[0.900s] -- Up-to-date: /home/john/Documents/ros2_ws/install/my_robot_interface/share/my_robot_interface/environment/library_path.sh
[0.900s] -- Installing: /home/john/Documents/ros2_ws/install/my_robot_interface/share/my_robot_interface/environment/library_path.dsv
[0.901s] -- Up-to-date: /home/john/Documents/ros2_ws/install/my_robot_interface/lib/libmy_robot_interface__rosidl_generator_c.so
[0.901s] -- Up-to-date: /home/john/Documents/ros2_ws/install/my_robot_interface/include/my_robot_interface/my_robot_interface
[0.901s] -- Up-to-date: /home/john/Documents/ros2_ws/install/my_robot_interface/include/my_robot_interface/my_robot_interface/srv
[0.901s] -- Up-to-date: /home/john/Documents/ros2_ws/install/my_robot_interface/include/my_robot_interface/my_robot_interface/srv/detail
[0.901s] -- Up-to-date: /home/john/Documents/ros2_ws/install/my_robot_interface/include/my_robot_interface/my_robot_interface/srv/detail/compute_rectangle_area__rosidl_typesupport_fastrtps_c.h
[0.901s] -- Up-to-date: /home/john/Documents/ros2_ws/install/my_robot_interface/include/my_robot_interface/my_robot_interface/srv/detail/led_control__rosidl_typesupport_fastrtps_c.h
[0.901s] -- Up-to-date: /home/john/Documents/ros2_ws/install/my_robot_interface/include/my_robot_interface/my_robot_interface/msg
[0.901s] -- Up-to-date: /home/john/Documents/ros2_ws/install/my_robot_interface/include/my_robot_interface/my_robot_interface/msg/detail
[0.901s] -- Up-to-date: /home/john/Documents/ros2_ws/install/my_robot_interface/include/my_robot_interface/my_robot_interface/msg/detail/hardware_status__rosidl_typesupport_fastrtps_c.h
[0.901s] -- Up-to-date: /home/john/Documents/ros2_ws/install/my_robot_interface/include/my_robot_interface/my_robot_interface/msg/detail/turtle_array__rosidl_typesupport_fastrtps_c.h
[0.901s] -- Up-to-date: /home/john/Documents/ros2_ws/install/my_robot_interface/include/my_robot_interface/my_robot_interface/msg/detail/led_status__rosidl_typesupport_fastrtps_c.h
[0.901s] -- Up-to-date: /home/john/Documents/ros2_ws/install/my_robot_interface/include/my_robot_interface/my_robot_interface/msg/rosidl_typesupport_fastrtps_c__visibility_control.h
[0.901s] -- Up-to-date: /home/john/Documents/ros2_ws/install/my_robot_interface/lib/libmy_robot_interface__rosidl_typesupport_fastrtps_c.so
[0.901s] -- Up-to-date: /home/john/Documents/ros2_ws/install/my_robot_interface/include/my_robot_interface/my_robot_interface
[0.902s] -- Up-to-date: /home/john/Documents/ros2_ws/install/my_robot_interface/include/my_robot_interface/my_robot_interface/srv
[0.902s] -- Up-to-date: /home/john/Documents/ros2_ws/install/my_robot_interface/include/my_robot_interface/my_robot_interface/srv/detail
[0.902s] -- Up-to-date: /home/john/Documents/ros2_ws/install/my_robot_interface/include/my_robot_interface/my_robot_interface/srv/detail/compute_rectangle_area__rosidl_typesupport_introspection_c.h
[0.902s] -- Up-to-date: /home/john/Documents/ros2_ws/install/my_robot_interface/include/my_robot_interface/my_robot_interface/srv/detail/led_control__rosidl_typesupport_introspection_c.h
[0.902s] -- Up-to-date: /home/john/Documents/ros2_ws/install/my_robot_interface/include/my_robot_interface/my_robot_interface/srv/detail/led_control__type_support.c
[0.902s] -- Up-to-date: /home/john/Documents/ros2_ws/install/my_robot_interface/include/my_robot_interface/my_robot_interface/srv/detail/compute_rectangle_area__type_support.c
[0.902s] -- Up-to-date: /home/john/Documents/ros2_ws/install/my_robot_interface/include/my_robot_interface/my_robot_interface/msg
[0.902s] -- Up-to-date: /home/john/Documents/ros2_ws/install/my_robot_interface/include/my_robot_interface/my_robot_interface/msg/detail
[0.902s] -- Up-to-date: /home/john/Documents/ros2_ws/install/my_robot_interface/include/my_robot_interface/my_robot_interface/msg/detail/turtle_array__type_support.c
[0.902s] -- Up-to-date: /home/john/Documents/ros2_ws/install/my_robot_interface/include/my_robot_interface/my_robot_interface/msg/detail/led_status__type_support.c
[0.902s] -- Up-to-date: /home/john/Documents/ros2_ws/install/my_robot_interface/include/my_robot_interface/my_robot_interface/msg/detail/led_status__rosidl_typesupport_introspection_c.h
[0.902s] -- Up-to-date: /home/john/Documents/ros2_ws/install/my_robot_interface/include/my_robot_interface/my_robot_interface/msg/detail/hardware_status__rosidl_typesupport_introspection_c.h
[0.902s] -- Up-to-date: /home/john/Documents/ros2_ws/install/my_robot_interface/include/my_robot_interface/my_robot_interface/msg/detail/turtle_array__rosidl_typesupport_introspection_c.h
[0.903s] -- Up-to-date: /home/john/Documents/ros2_ws/install/my_robot_interface/include/my_robot_interface/my_robot_interface/msg/detail/hardware_status__type_support.c
[0.903s] -- Up-to-date: /home/john/Documents/ros2_ws/install/my_robot_interface/include/my_robot_interface/my_robot_interface/msg/rosidl_typesupport_introspection_c__visibility_control.h
[0.903s] -- Up-to-date: /home/john/Documents/ros2_ws/install/my_robot_interface/lib/libmy_robot_interface__rosidl_typesupport_introspection_c.so
[0.903s] -- Up-to-date: /home/john/Documents/ros2_ws/install/my_robot_interface/lib/libmy_robot_interface__rosidl_typesupport_c.so
[0.903s] -- Up-to-date: /home/john/Documents/ros2_ws/install/my_robot_interface/include/my_robot_interface/my_robot_interface
[0.903s] -- Up-to-date: /home/john/Documents/ros2_ws/install/my_robot_interface/include/my_robot_interface/my_robot_interface/srv
[0.903s] -- Up-to-date: /home/john/Documents/ros2_ws/install/my_robot_interface/include/my_robot_interface/my_robot_interface/srv/detail
[0.903s] -- Up-to-date: /home/john/Documents/ros2_ws/install/my_robot_interface/include/my_robot_interface/my_robot_interface/srv/detail/led_control__builder.hpp
[0.903s] -- Up-to-date: /home/john/Documents/ros2_ws/install/my_robot_interface/include/my_robot_interface/my_robot_interface/srv/detail/compute_rectangle_area__traits.hpp
[0.903s] -- Up-to-date: /home/john/Documents/ros2_ws/install/my_robot_interface/include/my_robot_interface/my_robot_interface/srv/detail/compute_rectangle_area__builder.hpp
[0.903s] -- Up-to-date: /home/john/Documents/ros2_ws/install/my_robot_interface/include/my_robot_interface/my_robot_interface/srv/detail/led_control__struct.hpp
[0.903s] -- Up-to-date: /home/john/Documents/ros2_ws/install/my_robot_interface/include/my_robot_interface/my_robot_interface/srv/detail/led_control__traits.hpp
[0.903s] -- Up-to-date: /home/john/Documents/ros2_ws/install/my_robot_interface/include/my_robot_interface/my_robot_interface/srv/detail/compute_rectangle_area__struct.hpp
[0.903s] -- Up-to-date: /home/john/Documents/ros2_ws/install/my_robot_interface/include/my_robot_interface/my_robot_interface/srv/led_control.hpp
[0.904s] -- Up-to-date: /home/john/Documents/ros2_ws/install/my_robot_interface/include/my_robot_interface/my_robot_interface/srv/compute_rectangle_area.hpp
[0.904s] -- Up-to-date: /home/john/Documents/ros2_ws/install/my_robot_interface/include/my_robot_interface/my_robot_interface/msg
[0.904s] -- Up-to-date: /home/john/Documents/ros2_ws/install/my_robot_interface/include/my_robot_interface/my_robot_interface/msg/turtle_array.hpp
[0.904s] -- Up-to-date: /home/john/Documents/ros2_ws/install/my_robot_interface/include/my_robot_interface/my_robot_interface/msg/detail
[0.904s] -- Up-to-date: /home/john/Documents/ros2_ws/install/my_robot_interface/include/my_robot_interface/my_robot_interface/msg/detail/hardware_status__struct.hpp
[0.904s] -- Up-to-date: /home/john/Documents/ros2_ws/install/my_robot_interface/include/my_robot_interface/my_robot_interface/msg/detail/hardware_status__builder.hpp
[0.904s] -- Up-to-date: /home/john/Documents/ros2_ws/install/my_robot_interface/include/my_robot_interface/my_robot_interface/msg/detail/hardware_status__traits.hpp
[0.904s] -- Up-to-date: /home/john/Documents/ros2_ws/install/my_robot_interface/include/my_robot_interface/my_robot_interface/msg/detail/turtle_array__traits.hpp
[0.904s] -- Up-to-date: /home/john/Documents/ros2_ws/install/my_robot_interface/include/my_robot_interface/my_robot_interface/msg/detail/turtle_array__builder.hpp
[0.904s] -- Up-to-date: /home/john/Documents/ros2_ws/install/my_robot_interface/include/my_robot_interface/my_robot_interface/msg/detail/turtle_array__struct.hpp
[0.905s] -- Up-to-date: /home/john/Documents/ros2_ws/install/my_robot_interface/include/my_robot_interface/my_robot_interface/msg/detail/led_status__traits.hpp
[0.905s] -- Up-to-date: /home/john/Documents/ros2_ws/install/my_robot_interface/include/my_robot_interface/my_robot_interface/msg/detail/led_status__struct.hpp
[0.905s] -- Up-to-date: /home/john/Documents/ros2_ws/install/my_robot_interface/include/my_robot_interface/my_robot_interface/msg/detail/led_status__builder.hpp
[0.905s] -- Up-to-date: /home/john/Documents/ros2_ws/install/my_robot_interface/include/my_robot_interface/my_robot_interface/msg/led_status.hpp
[0.905s] -- Up-to-date: /home/john/Documents/ros2_ws/install/my_robot_interface/include/my_robot_interface/my_robot_interface/msg/hardware_status.hpp
[0.905s] -- Up-to-date: /home/john/Documents/ros2_ws/install/my_robot_interface/include/my_robot_interface/my_robot_interface
[0.905s] -- Up-to-date: /home/john/Documents/ros2_ws/install/my_robot_interface/include/my_robot_interface/my_robot_interface/srv
[0.905s] -- Up-to-date: /home/john/Documents/ros2_ws/install/my_robot_interface/include/my_robot_interface/my_robot_interface/srv/detail
[0.905s] -- Up-to-date: /home/john/Documents/ros2_ws/install/my_robot_interface/include/my_robot_interface/my_robot_interface/srv/detail/led_control__rosidl_typesupport_fastrtps_cpp.hpp
[0.905s] -- Up-to-date: /home/john/Documents/ros2_ws/install/my_robot_interface/include/my_robot_interface/my_robot_interface/srv/detail/compute_rectangle_area__rosidl_typesupport_fastrtps_cpp.hpp
[0.905s] -- Up-to-date: /home/john/Documents/ros2_ws/install/my_robot_interface/include/my_robot_interface/my_robot_interface/srv/detail/dds_fastrtps
[0.905s] -- Up-to-date: /home/john/Documents/ros2_ws/install/my_robot_interface/include/my_robot_interface/my_robot_interface/msg
[0.905s] -- Up-to-date: /home/john/Documents/ros2_ws/install/my_robot_interface/include/my_robot_interface/my_robot_interface/msg/detail
[0.905s] -- Up-to-date: /home/john/Documents/ros2_ws/install/my_robot_interface/include/my_robot_interface/my_robot_interface/msg/detail/hardware_status__rosidl_typesupport_fastrtps_cpp.hpp
[0.906s] -- Up-to-date: /home/john/Documents/ros2_ws/install/my_robot_interface/include/my_robot_interface/my_robot_interface/msg/detail/led_status__rosidl_typesupport_fastrtps_cpp.hpp
[0.906s] -- Up-to-date: /home/john/Documents/ros2_ws/install/my_robot_interface/include/my_robot_interface/my_robot_interface/msg/detail/turtle_array__rosidl_typesupport_fastrtps_cpp.hpp
[0.906s] -- Up-to-date: /home/john/Documents/ros2_ws/install/my_robot_interface/include/my_robot_interface/my_robot_interface/msg/detail/dds_fastrtps
[0.906s] -- Up-to-date: /home/john/Documents/ros2_ws/install/my_robot_interface/include/my_robot_interface/my_robot_interface/msg/rosidl_typesupport_fastrtps_cpp__visibility_control.h
[0.906s] -- Up-to-date: /home/john/Documents/ros2_ws/install/my_robot_interface/lib/libmy_robot_interface__rosidl_typesupport_fastrtps_cpp.so
[0.906s] -- Up-to-date: /home/john/Documents/ros2_ws/install/my_robot_interface/include/my_robot_interface/my_robot_interface
[0.906s] -- Up-to-date: /home/john/Documents/ros2_ws/install/my_robot_interface/include/my_robot_interface/my_robot_interface/srv
[0.906s] -- Up-to-date: /home/john/Documents/ros2_ws/install/my_robot_interface/include/my_robot_interface/my_robot_interface/srv/detail
[0.906s] -- Up-to-date: /home/john/Documents/ros2_ws/install/my_robot_interface/include/my_robot_interface/my_robot_interface/srv/detail/led_control__rosidl_typesupport_introspection_cpp.hpp
[0.906s] -- Up-to-date: /home/john/Documents/ros2_ws/install/my_robot_interface/include/my_robot_interface/my_robot_interface/srv/detail/led_control__type_support.cpp
[0.906s] -- Up-to-date: /home/john/Documents/ros2_ws/install/my_robot_interface/include/my_robot_interface/my_robot_interface/srv/detail/compute_rectangle_area__type_support.cpp
[0.906s] -- Up-to-date: /home/john/Documents/ros2_ws/install/my_robot_interface/include/my_robot_interface/my_robot_interface/srv/detail/compute_rectangle_area__rosidl_typesupport_introspection_cpp.hpp
[0.906s] -- Up-to-date: /home/john/Documents/ros2_ws/install/my_robot_interface/include/my_robot_interface/my_robot_interface/msg
[0.907s] -- Up-to-date: /home/john/Documents/ros2_ws/install/my_robot_interface/include/my_robot_interface/my_robot_interface/msg/detail
[0.907s] -- Up-to-date: /home/john/Documents/ros2_ws/install/my_robot_interface/include/my_robot_interface/my_robot_interface/msg/detail/hardware_status__rosidl_typesupport_introspection_cpp.hpp
[0.907s] -- Up-to-date: /home/john/Documents/ros2_ws/install/my_robot_interface/include/my_robot_interface/my_robot_interface/msg/detail/led_status__type_support.cpp
[0.907s] -- Up-to-date: /home/john/Documents/ros2_ws/install/my_robot_interface/include/my_robot_interface/my_robot_interface/msg/detail/turtle_array__type_support.cpp
[0.907s] -- Up-to-date: /home/john/Documents/ros2_ws/install/my_robot_interface/include/my_robot_interface/my_robot_interface/msg/detail/hardware_status__type_support.cpp
[0.907s] -- Up-to-date: /home/john/Documents/ros2_ws/install/my_robot_interface/include/my_robot_interface/my_robot_interface/msg/detail/turtle_array__rosidl_typesupport_introspection_cpp.hpp
[0.907s] -- Up-to-date: /home/john/Documents/ros2_ws/install/my_robot_interface/include/my_robot_interface/my_robot_interface/msg/detail/led_status__rosidl_typesupport_introspection_cpp.hpp
[0.907s] -- Up-to-date: /home/john/Documents/ros2_ws/install/my_robot_interface/lib/libmy_robot_interface__rosidl_typesupport_introspection_cpp.so
[0.907s] -- Up-to-date: /home/john/Documents/ros2_ws/install/my_robot_interface/lib/libmy_robot_interface__rosidl_typesupport_cpp.so
[0.907s] -- Up-to-date: /home/john/Documents/ros2_ws/install/my_robot_interface/share/my_robot_interface/environment/pythonpath.sh
[0.907s] -- Installing: /home/john/Documents/ros2_ws/install/my_robot_interface/share/my_robot_interface/environment/pythonpath.dsv
[0.907s] -- Up-to-date: /home/john/Documents/ros2_ws/install/my_robot_interface/local/lib/python3.10/dist-packages/my_robot_interface-0.0.0-py3.10.egg-info
[0.907s] -- Installing: /home/john/Documents/ros2_ws/install/my_robot_interface/local/lib/python3.10/dist-packages/my_robot_interface-0.0.0-py3.10.egg-info/SOURCES.txt
[0.907s] -- Installing: /home/john/Documents/ros2_ws/install/my_robot_interface/local/lib/python3.10/dist-packages/my_robot_interface-0.0.0-py3.10.egg-info/dependency_links.txt
[0.908s] -- Installing: /home/john/Documents/ros2_ws/install/my_robot_interface/local/lib/python3.10/dist-packages/my_robot_interface-0.0.0-py3.10.egg-info/top_level.txt
[0.908s] -- Installing: /home/john/Documents/ros2_ws/install/my_robot_interface/local/lib/python3.10/dist-packages/my_robot_interface-0.0.0-py3.10.egg-info/PKG-INFO
[0.908s] -- Up-to-date: /home/john/Documents/ros2_ws/install/my_robot_interface/local/lib/python3.10/dist-packages/my_robot_interface
[0.908s] -- Up-to-date: /home/john/Documents/ros2_ws/install/my_robot_interface/local/lib/python3.10/dist-packages/my_robot_interface/my_robot_interface_s__rosidl_typesupport_introspection_c.cpython-310-x86_64-linux-gnu.so
[0.908s] -- Up-to-date: /home/john/Documents/ros2_ws/install/my_robot_interface/local/lib/python3.10/dist-packages/my_robot_interface/_my_robot_interface_s.ep.rosidl_typesupport_fastrtps_c.c
[0.908s] -- Up-to-date: /home/john/Documents/ros2_ws/install/my_robot_interface/local/lib/python3.10/dist-packages/my_robot_interface/srv
[0.908s] -- Up-to-date: /home/john/Documents/ros2_ws/install/my_robot_interface/local/lib/python3.10/dist-packages/my_robot_interface/srv/_led_control.py
[0.908s] -- Up-to-date: /home/john/Documents/ros2_ws/install/my_robot_interface/local/lib/python3.10/dist-packages/my_robot_interface/srv/_compute_rectangle_area.py
[0.908s] -- Up-to-date: /home/john/Documents/ros2_ws/install/my_robot_interface/local/lib/python3.10/dist-packages/my_robot_interface/srv/_led_control_s.c
[0.908s] -- Up-to-date: /home/john/Documents/ros2_ws/install/my_robot_interface/local/lib/python3.10/dist-packages/my_robot_interface/srv/_compute_rectangle_area_s.c
[0.908s] -- Up-to-date: /home/john/Documents/ros2_ws/install/my_robot_interface/local/lib/python3.10/dist-packages/my_robot_interface/srv/__init__.py
[0.908s] -- Up-to-date: /home/john/Documents/ros2_ws/install/my_robot_interface/local/lib/python3.10/dist-packages/my_robot_interface/my_robot_interface_s__rosidl_typesupport_fastrtps_c.cpython-310-x86_64-linux-gnu.so
[0.908s] -- Up-to-date: /home/john/Documents/ros2_ws/install/my_robot_interface/local/lib/python3.10/dist-packages/my_robot_interface/my_robot_interface_s__rosidl_typesupport_c.cpython-310-x86_64-linux-gnu.so
[0.909s] -- Up-to-date: /home/john/Documents/ros2_ws/install/my_robot_interface/local/lib/python3.10/dist-packages/my_robot_interface/_my_robot_interface_s.ep.rosidl_typesupport_introspection_c.c
[0.909s] -- Up-to-date: /home/john/Documents/ros2_ws/install/my_robot_interface/local/lib/python3.10/dist-packages/my_robot_interface/_my_robot_interface_s.ep.rosidl_typesupport_c.c
[0.909s] -- Up-to-date: /home/john/Documents/ros2_ws/install/my_robot_interface/local/lib/python3.10/dist-packages/my_robot_interface/libmy_robot_interface__rosidl_generator_py.so
[0.909s] -- Up-to-date: /home/john/Documents/ros2_ws/install/my_robot_interface/local/lib/python3.10/dist-packages/my_robot_interface/msg
[0.909s] -- Up-to-date: /home/john/Documents/ros2_ws/install/my_robot_interface/local/lib/python3.10/dist-packages/my_robot_interface/msg/_hardware_status_s.c
[0.909s] -- Up-to-date: /home/john/Documents/ros2_ws/install/my_robot_interface/local/lib/python3.10/dist-packages/my_robot_interface/msg/_turtle_array.py
[0.909s] -- Up-to-date: /home/john/Documents/ros2_ws/install/my_robot_interface/local/lib/python3.10/dist-packages/my_robot_interface/msg/_turtle_array_s.c
[0.909s] -- Up-to-date: /home/john/Documents/ros2_ws/install/my_robot_interface/local/lib/python3.10/dist-packages/my_robot_interface/msg/_led_status.py
[0.909s] -- Up-to-date: /home/john/Documents/ros2_ws/install/my_robot_interface/local/lib/python3.10/dist-packages/my_robot_interface/msg/_led_status_s.c
[0.909s] -- Up-to-date: /home/john/Documents/ros2_ws/install/my_robot_interface/local/lib/python3.10/dist-packages/my_robot_interface/msg/_hardware_status.py
[0.909s] -- Up-to-date: /home/john/Documents/ros2_ws/install/my_robot_interface/local/lib/python3.10/dist-packages/my_robot_interface/msg/__init__.py
[0.909s] -- Installing: /home/john/Documents/ros2_ws/install/my_robot_interface/local/lib/python3.10/dist-packages/my_robot_interface/__init__.py
[0.924s] Listing '/home/john/Documents/ros2_ws/install/my_robot_interface/local/lib/python3.10/dist-packages/my_robot_interface'...
[0.924s] Compiling '/home/john/Documents/ros2_ws/install/my_robot_interface/local/lib/python3.10/dist-packages/my_robot_interface/__init__.py'...
[0.924s] Listing '/home/john/Documents/ros2_ws/install/my_robot_interface/local/lib/python3.10/dist-packages/my_robot_interface/msg'...
[0.924s] Listing '/home/john/Documents/ros2_ws/install/my_robot_interface/local/lib/python3.10/dist-packages/my_robot_interface/srv'...
[0.928s] -- Up-to-date: /home/john/Documents/ros2_ws/install/my_robot_interface/local/lib/python3.10/dist-packages/my_robot_interface/my_robot_interface_s__rosidl_typesupport_fastrtps_c.cpython-310-x86_64-linux-gnu.so
[0.928s] -- Up-to-date: /home/john/Documents/ros2_ws/install/my_robot_interface/local/lib/python3.10/dist-packages/my_robot_interface/my_robot_interface_s__rosidl_typesupport_introspection_c.cpython-310-x86_64-linux-gnu.so
[0.928s] -- Up-to-date: /home/john/Documents/ros2_ws/install/my_robot_interface/local/lib/python3.10/dist-packages/my_robot_interface/my_robot_interface_s__rosidl_typesupport_c.cpython-310-x86_64-linux-gnu.so
[0.929s] -- Up-to-date: /home/john/Documents/ros2_ws/install/my_robot_interface/lib/libmy_robot_interface__rosidl_generator_py.so
[0.929s] -- Up-to-date: /home/john/Documents/ros2_ws/install/my_robot_interface/share/my_robot_interface/msg/HardwareStatus.idl
[0.929s] -- Up-to-date: /home/john/Documents/ros2_ws/install/my_robot_interface/share/my_robot_interface/msg/LedStatus.idl
[0.929s] -- Up-to-date: /home/john/Documents/ros2_ws/install/my_robot_interface/share/my_robot_interface/msg/TurtleArray.idl
[0.929s] -- Up-to-date: /home/john/Documents/ros2_ws/install/my_robot_interface/share/my_robot_interface/srv/ComputeRectangleArea.idl
[0.929s] -- Up-to-date: /home/john/Documents/ros2_ws/install/my_robot_interface/share/my_robot_interface/srv/LedControl.idl
[0.929s] -- Up-to-date: /home/john/Documents/ros2_ws/install/my_robot_interface/share/my_robot_interface/msg/HardwareStatus.msg
[0.929s] -- Up-to-date: /home/john/Documents/ros2_ws/install/my_robot_interface/share/my_robot_interface/msg/LedStatus.msg
[0.930s] -- Installing: /home/john/Documents/ros2_ws/install/my_robot_interface/share/my_robot_interface/msg/TurtleArray.msg
[0.930s] -- Up-to-date: /home/john/Documents/ros2_ws/install/my_robot_interface/share/my_robot_interface/srv/ComputeRectangleArea.srv
[0.930s] -- Up-to-date: /home/john/Documents/ros2_ws/install/my_robot_interface/share/my_robot_interface/srv/ComputeRectangleArea_Request.msg
[0.930s] -- Up-to-date: /home/john/Documents/ros2_ws/install/my_robot_interface/share/my_robot_interface/srv/ComputeRectangleArea_Response.msg
[0.930s] -- Up-to-date: /home/john/Documents/ros2_ws/install/my_robot_interface/share/my_robot_interface/srv/LedControl.srv
[0.930s] -- Up-to-date: /home/john/Documents/ros2_ws/install/my_robot_interface/share/my_robot_interface/srv/LedControl_Request.msg
[0.930s] -- Up-to-date: /home/john/Documents/ros2_ws/install/my_robot_interface/share/my_robot_interface/srv/LedControl_Response.msg
[0.930s] -- Up-to-date: /home/john/Documents/ros2_ws/install/my_robot_interface/share/ament_index/resource_index/package_run_dependencies/my_robot_interface
[0.930s] -- Up-to-date: /home/john/Documents/ros2_ws/install/my_robot_interface/share/ament_index/resource_index/parent_prefix_path/my_robot_interface
[0.930s] -- Up-to-date: /home/john/Documents/ros2_ws/install/my_robot_interface/share/my_robot_interface/environment/ament_prefix_path.sh
[0.931s] -- Installing: /home/john/Documents/ros2_ws/install/my_robot_interface/share/my_robot_interface/environment/ament_prefix_path.dsv
[0.931s] -- Up-to-date: /home/john/Documents/ros2_ws/install/my_robot_interface/share/my_robot_interface/environment/path.sh
[0.931s] -- Installing: /home/john/Documents/ros2_ws/install/my_robot_interface/share/my_robot_interface/environment/path.dsv
[0.931s] -- Up-to-date: /home/john/Documents/ros2_ws/install/my_robot_interface/share/my_robot_interface/local_setup.bash
[0.931s] -- Up-to-date: /home/john/Documents/ros2_ws/install/my_robot_interface/share/my_robot_interface/local_setup.sh
[0.931s] -- Up-to-date: /home/john/Documents/ros2_ws/install/my_robot_interface/share/my_robot_interface/local_setup.zsh
[0.931s] -- Installing: /home/john/Documents/ros2_ws/install/my_robot_interface/share/my_robot_interface/local_setup.dsv
[0.931s] -- Installing: /home/john/Documents/ros2_ws/install/my_robot_interface/share/my_robot_interface/package.dsv
[0.931s] -- Up-to-date: /home/john/Documents/ros2_ws/install/my_robot_interface/share/ament_index/resource_index/packages/my_robot_interface
[0.931s] -- Up-to-date: /home/john/Documents/ros2_ws/install/my_robot_interface/share/my_robot_interface/cmake/export_my_robot_interface__rosidl_generator_cExport.cmake
[0.931s] -- Up-to-date: /home/john/Documents/ros2_ws/install/my_robot_interface/share/my_robot_interface/cmake/export_my_robot_interface__rosidl_generator_cExport-noconfig.cmake
[0.931s] -- Up-to-date: /home/john/Documents/ros2_ws/install/my_robot_interface/share/my_robot_interface/cmake/export_my_robot_interface__rosidl_typesupport_fastrtps_cExport.cmake
[0.931s] -- Up-to-date: /home/john/Documents/ros2_ws/install/my_robot_interface/share/my_robot_interface/cmake/export_my_robot_interface__rosidl_typesupport_fastrtps_cExport-noconfig.cmake
[0.931s] -- Up-to-date: /home/john/Documents/ros2_ws/install/my_robot_interface/share/my_robot_interface/cmake/my_robot_interface__rosidl_typesupport_introspection_cExport.cmake
[0.931s] -- Up-to-date: /home/john/Documents/ros2_ws/install/my_robot_interface/share/my_robot_interface/cmake/my_robot_interface__rosidl_typesupport_introspection_cExport-noconfig.cmake
[0.932s] -- Up-to-date: /home/john/Documents/ros2_ws/install/my_robot_interface/share/my_robot_interface/cmake/my_robot_interface__rosidl_typesupport_cExport.cmake
[0.932s] -- Up-to-date: /home/john/Documents/ros2_ws/install/my_robot_interface/share/my_robot_interface/cmake/my_robot_interface__rosidl_typesupport_cExport-noconfig.cmake
[0.932s] -- Up-to-date: /home/john/Documents/ros2_ws/install/my_robot_interface/share/my_robot_interface/cmake/export_my_robot_interface__rosidl_generator_cppExport.cmake
[0.932s] -- Up-to-date: /home/john/Documents/ros2_ws/install/my_robot_interface/share/my_robot_interface/cmake/export_my_robot_interface__rosidl_typesupport_fastrtps_cppExport.cmake
[0.932s] -- Up-to-date: /home/john/Documents/ros2_ws/install/my_robot_interface/share/my_robot_interface/cmake/export_my_robot_interface__rosidl_typesupport_fastrtps_cppExport-noconfig.cmake
[0.932s] -- Up-to-date: /home/john/Documents/ros2_ws/install/my_robot_interface/share/my_robot_interface/cmake/my_robot_interface__rosidl_typesupport_introspection_cppExport.cmake
[0.932s] -- Up-to-date: /home/john/Documents/ros2_ws/install/my_robot_interface/share/my_robot_interface/cmake/my_robot_interface__rosidl_typesupport_introspection_cppExport-noconfig.cmake
[0.932s] -- Up-to-date: /home/john/Documents/ros2_ws/install/my_robot_interface/share/my_robot_interface/cmake/my_robot_interface__rosidl_typesupport_cppExport.cmake
[0.932s] -- Up-to-date: /home/john/Documents/ros2_ws/install/my_robot_interface/share/my_robot_interface/cmake/my_robot_interface__rosidl_typesupport_cppExport-noconfig.cmake
[0.932s] -- Up-to-date: /home/john/Documents/ros2_ws/install/my_robot_interface/share/my_robot_interface/cmake/export_my_robot_interface__rosidl_generator_pyExport.cmake
[0.932s] -- Up-to-date: /home/john/Documents/ros2_ws/install/my_robot_interface/share/my_robot_interface/cmake/export_my_robot_interface__rosidl_generator_pyExport-noconfig.cmake
[0.932s] -- Up-to-date: /home/john/Documents/ros2_ws/install/my_robot_interface/share/my_robot_interface/cmake/rosidl_cmake-extras.cmake
[0.932s] -- Up-to-date: /home/john/Documents/ros2_ws/install/my_robot_interface/share/my_robot_interface/cmake/ament_cmake_export_include_directories-extras.cmake
[0.932s] -- Up-to-date: /home/john/Documents/ros2_ws/install/my_robot_interface/share/my_robot_interface/cmake/ament_cmake_export_libraries-extras.cmake
[0.932s] -- Up-to-date: /home/john/Documents/ros2_ws/install/my_robot_interface/share/my_robot_interface/cmake/ament_cmake_export_targets-extras.cmake
[0.932s] -- Up-to-date: /home/john/Documents/ros2_ws/install/my_robot_interface/share/my_robot_interface/cmake/rosidl_cmake_export_typesupport_targets-extras.cmake
[0.932s] -- Up-to-date: /home/john/Documents/ros2_ws/install/my_robot_interface/share/my_robot_interface/cmake/ament_cmake_export_dependencies-extras.cmake
[0.932s] -- Up-to-date: /home/john/Documents/ros2_ws/install/my_robot_interface/share/my_robot_interface/cmake/rosidl_cmake_export_typesupport_libraries-extras.cmake
[0.932s] -- Up-to-date: /home/john/Documents/ros2_ws/install/my_robot_interface/share/my_robot_interface/cmake/my_robot_interfaceConfig.cmake
[0.932s] -- Up-to-date: /home/john/Documents/ros2_ws/install/my_robot_interface/share/my_robot_interface/cmake/my_robot_interfaceConfig-version.cmake
[0.932s] -- Up-to-date: /home/john/Documents/ros2_ws/install/my_robot_interface/share/my_robot_interface/package.xml
[0.934s] Invoked command in '/home/john/Documents/ros2_ws/build/my_robot_interface' returned '0': CMAKE_PREFIX_PATH=${CMAKE_PREFIX_PATH}:/home/john/Documents/ros2_ws/install/my_py_pkg:/opt/ros/humble /usr/bin/cmake --install /home/john/Documents/ros2_ws/build/my_robot_interface
