[0.007s] Invoking command in '/home/john/Documents/ros_project/ros2_ws/build/my_robot_description': CMAKE_PREFIX_PATH=${CMAKE_PREFIX_PATH}:/home/john/Documents/ros2_ws/install/turtlesim_catch_them_all:/home/john/Documents/ros2_ws/install/my_py_pkg:/opt/ros/humble /usr/bin/cmake /home/john/Documents/ros_project/ros2_ws/src/my_robot_description -DAMENT_CMAKE_SYMLINK_INSTALL=1 -DCMAKE_INSTALL_PREFIX=/home/john/Documents/ros_project/ros2_ws/install/my_robot_description
[2.152s] -- The C compiler identification is GNU 11.4.0
[2.654s] -- The CXX compiler identification is GNU 11.4.0
[2.753s] -- Detecting C compiler ABI info
[2.943s] -- Detecting C compiler ABI info - done
[2.948s] -- Check for working C compiler: /usr/bin/cc - skipped
[2.948s] -- Detecting C compile features
[2.974s] -- Detecting C compile features - done
[2.978s] -- Detecting CXX compiler ABI info
[3.089s] -- Detecting CXX compiler ABI info - done
[3.093s] -- Check for working CXX compiler: /usr/bin/c++ - skipped
[3.094s] -- Detecting CXX compile features
[3.094s] -- Detecting CXX compile features - done
[3.169s] -- Found ament_cmake: 1.3.5 (/opt/ros/humble/share/ament_cmake/cmake)
[3.444s] -- Found Python3: /usr/bin/python3.10 (found version "3.10.12") found components: Interpreter 
[3.531s] -- Override CMake install command with custom implementation using symlinks instead of copying resources
[3.693s] -- Configuring done
[3.695s] -- Generating done
[3.695s] -- Build files have been written to: /home/john/Documents/ros_project/ros2_ws/build/my_robot_description
[3.699s] Invoked command in '/home/john/Documents/ros_project/ros2_ws/build/my_robot_description' returned '0': CMAKE_PREFIX_PATH=${CMAKE_PREFIX_PATH}:/home/john/Documents/ros2_ws/install/turtlesim_catch_them_all:/home/john/Documents/ros2_ws/install/my_py_pkg:/opt/ros/humble /usr/bin/cmake /home/john/Documents/ros_project/ros2_ws/src/my_robot_description -DAMENT_CMAKE_SYMLINK_INSTALL=1 -DCMAKE_INSTALL_PREFIX=/home/john/Documents/ros_project/ros2_ws/install/my_robot_description
[3.699s] Invoking command in '/home/john/Documents/ros_project/ros2_ws/build/my_robot_description': CMAKE_PREFIX_PATH=${CMAKE_PREFIX_PATH}:/home/john/Documents/ros2_ws/install/turtlesim_catch_them_all:/home/john/Documents/ros2_ws/install/my_py_pkg:/opt/ros/humble /usr/bin/cmake --build /home/john/Documents/ros_project/ros2_ws/build/my_robot_description -- -j16 -l16
[3.721s] Invoked command in '/home/john/Documents/ros_project/ros2_ws/build/my_robot_description' returned '0': CMAKE_PREFIX_PATH=${CMAKE_PREFIX_PATH}:/home/john/Documents/ros2_ws/install/turtlesim_catch_them_all:/home/john/Documents/ros2_ws/install/my_py_pkg:/opt/ros/humble /usr/bin/cmake --build /home/john/Documents/ros_project/ros2_ws/build/my_robot_description -- -j16 -l16
[3.738s] Invoking command in '/home/john/Documents/ros_project/ros2_ws/build/my_robot_description': CMAKE_PREFIX_PATH=${CMAKE_PREFIX_PATH}:/home/john/Documents/ros2_ws/install/turtlesim_catch_them_all:/home/john/Documents/ros2_ws/install/my_py_pkg:/opt/ros/humble /usr/bin/cmake --install /home/john/Documents/ros_project/ros2_ws/build/my_robot_description
[3.743s] -- Install configuration: ""
[3.743s] -- Execute custom install script
[3.743s] -- Symlinking: /home/john/Documents/ros_project/ros2_ws/install/my_robot_description/share/my_robot_description//urdf/arm.xacro
[3.749s] -- Symlinking: /home/john/Documents/ros_project/ros2_ws/install/my_robot_description/share/my_robot_description//urdf/arm_gazebo.xacro
[3.753s] -- Symlinking: /home/john/Documents/ros_project/ros2_ws/install/my_robot_description/share/my_robot_description//urdf/camera.xacro
[3.758s] -- Symlinking: /home/john/Documents/ros_project/ros2_ws/install/my_robot_description/share/my_robot_description//urdf/common_properties.xacro
[3.763s] -- Symlinking: /home/john/Documents/ros_project/ros2_ws/install/my_robot_description/share/my_robot_description//urdf/mobile_base.xacro
[3.768s] -- Symlinking: /home/john/Documents/ros_project/ros2_ws/install/my_robot_description/share/my_robot_description//urdf/mobile_base_gazebo.xacro
[3.772s] -- Symlinking: /home/john/Documents/ros_project/ros2_ws/install/my_robot_description/share/my_robot_description//urdf/my_robot.urdf.xacro
[3.777s] -- Symlinking: /home/john/Documents/ros_project/ros2_ws/install/my_robot_description/share/my_robot_description//urdf/standalone_arm.urdf.xacro
[3.782s] -- Symlinking: /home/john/Documents/ros_project/ros2_ws/install/my_robot_description/share/my_robot_description//launch/display.launch.py
[3.786s] -- Symlinking: /home/john/Documents/ros_project/ros2_ws/install/my_robot_description/share/my_robot_description//launch/display.launch.xml
[3.791s] -- Symlinking: /home/john/Documents/ros_project/ros2_ws/install/my_robot_description/share/my_robot_description//rviz/my_robot_config.rviz
[3.795s] -- Symlinking: /home/john/Documents/ros_project/ros2_ws/install/my_robot_description/share/ament_index/resource_index/package_run_dependencies/my_robot_description
[3.800s] -- Symlinking: /home/john/Documents/ros_project/ros2_ws/install/my_robot_description/share/ament_index/resource_index/parent_prefix_path/my_robot_description
[3.804s] -- Symlinking: /home/john/Documents/ros_project/ros2_ws/install/my_robot_description/share/my_robot_description/environment/ament_prefix_path.sh
[3.809s] -- Symlinking: /home/john/Documents/ros_project/ros2_ws/install/my_robot_description/share/my_robot_description/environment/ament_prefix_path.dsv
[3.814s] -- Symlinking: /home/john/Documents/ros_project/ros2_ws/install/my_robot_description/share/my_robot_description/environment/path.sh
[3.819s] -- Symlinking: /home/john/Documents/ros_project/ros2_ws/install/my_robot_description/share/my_robot_description/environment/path.dsv
[3.823s] -- Symlinking: /home/john/Documents/ros_project/ros2_ws/install/my_robot_description/share/my_robot_description/local_setup.bash
[3.828s] -- Symlinking: /home/john/Documents/ros_project/ros2_ws/install/my_robot_description/share/my_robot_description/local_setup.sh
[3.833s] -- Symlinking: /home/john/Documents/ros_project/ros2_ws/install/my_robot_description/share/my_robot_description/local_setup.zsh
[3.837s] -- Symlinking: /home/john/Documents/ros_project/ros2_ws/install/my_robot_description/share/my_robot_description/local_setup.dsv
[3.842s] -- Symlinking: /home/john/Documents/ros_project/ros2_ws/install/my_robot_description/share/my_robot_description/package.dsv
[3.847s] -- Symlinking: /home/john/Documents/ros_project/ros2_ws/install/my_robot_description/share/ament_index/resource_index/packages/my_robot_description
[3.852s] -- Symlinking: /home/john/Documents/ros_project/ros2_ws/install/my_robot_description/share/my_robot_description/cmake/my_robot_descriptionConfig.cmake
[3.857s] -- Symlinking: /home/john/Documents/ros_project/ros2_ws/install/my_robot_description/share/my_robot_description/cmake/my_robot_descriptionConfig-version.cmake
[3.861s] -- Symlinking: /home/john/Documents/ros_project/ros2_ws/install/my_robot_description/share/my_robot_description/package.xml
[3.868s] Invoked command in '/home/john/Documents/ros_project/ros2_ws/build/my_robot_description' returned '0': CMAKE_PREFIX_PATH=${CMAKE_PREFIX_PATH}:/home/john/Documents/ros2_ws/install/turtlesim_catch_them_all:/home/john/Documents/ros2_ws/install/my_py_pkg:/opt/ros/humble /usr/bin/cmake --install /home/john/Documents/ros_project/ros2_ws/build/my_robot_description
