[0.006s] Invoking command in '/home/john/Documents/ros_project/ros2_ws/build/my_robot_bringup': CMAKE_PREFIX_PATH=/home/john/Documents/ros_project/ros2_ws/install/my_robot_description:/home/john/Documents/ros_project/ros2_ws/install/my_robot_bringup:/home/john/Documents/ros2_ws/install/my_robot_bringup:/home/john/Documents/ros2_ws/install/my_robot_interface:/home/john/Documents/ros2_ws/install/my_cpp_pkg:/home/john/Documents/ros2_ws/install/turtlesim_catch_them_all:/home/john/Documents/ros2_ws/install/my_py_pkg:/opt/ros/humble /usr/bin/cmake /home/john/Documents/ros_project/ros2_ws/src/my_robot_bringup -DAMENT_CMAKE_SYMLINK_INSTALL=1 -DCMAKE_INSTALL_PREFIX=/home/john/Documents/ros_project/ros2_ws/install/my_robot_bringup
[0.059s] -- The C compiler identification is GNU 11.4.0
[0.092s] -- The CXX compiler identification is GNU 11.4.0
[0.096s] -- Detecting C compiler ABI info
[0.136s] -- Detecting C compiler ABI info - done
[0.140s] -- Check for working C compiler: /usr/bin/cc - skipped
[0.140s] -- Detecting C compile features
[0.141s] -- Detecting C compile features - done
[0.143s] -- Detecting CXX compiler ABI info
[0.191s] -- Detecting CXX compiler ABI info - done
[0.196s] -- Check for working CXX compiler: /usr/bin/c++ - skipped
[0.196s] -- Detecting CXX compile features
[0.197s] -- Detecting CXX compile features - done
[0.198s] -- Found ament_cmake: 1.3.5 (/opt/ros/humble/share/ament_cmake/cmake)
[0.377s] -- Found Python3: /usr/bin/python3.10 (found version "3.10.12") found components: Interpreter 
[0.426s] -- Override CMake install command with custom implementation using symlinks instead of copying resources
[0.500s] -- Configuring done
[0.501s] -- Generating done
[0.502s] -- Build files have been written to: /home/john/Documents/ros_project/ros2_ws/build/my_robot_bringup
[0.506s] Invoked command in '/home/john/Documents/ros_project/ros2_ws/build/my_robot_bringup' returned '0': CMAKE_PREFIX_PATH=/home/john/Documents/ros_project/ros2_ws/install/my_robot_description:/home/john/Documents/ros_project/ros2_ws/install/my_robot_bringup:/home/john/Documents/ros2_ws/install/my_robot_bringup:/home/john/Documents/ros2_ws/install/my_robot_interface:/home/john/Documents/ros2_ws/install/my_cpp_pkg:/home/john/Documents/ros2_ws/install/turtlesim_catch_them_all:/home/john/Documents/ros2_ws/install/my_py_pkg:/opt/ros/humble /usr/bin/cmake /home/john/Documents/ros_project/ros2_ws/src/my_robot_bringup -DAMENT_CMAKE_SYMLINK_INSTALL=1 -DCMAKE_INSTALL_PREFIX=/home/john/Documents/ros_project/ros2_ws/install/my_robot_bringup
[0.506s] Invoking command in '/home/john/Documents/ros_project/ros2_ws/build/my_robot_bringup': CMAKE_PREFIX_PATH=/home/john/Documents/ros_project/ros2_ws/install/my_robot_description:/home/john/Documents/ros_project/ros2_ws/install/my_robot_bringup:/home/john/Documents/ros2_ws/install/my_robot_bringup:/home/john/Documents/ros2_ws/install/my_robot_interface:/home/john/Documents/ros2_ws/install/my_cpp_pkg:/home/john/Documents/ros2_ws/install/turtlesim_catch_them_all:/home/john/Documents/ros2_ws/install/my_py_pkg:/opt/ros/humble /usr/bin/cmake --build /home/john/Documents/ros_project/ros2_ws/build/my_robot_bringup -- -j16 -l16
[0.529s] Invoked command in '/home/john/Documents/ros_project/ros2_ws/build/my_robot_bringup' returned '0': CMAKE_PREFIX_PATH=/home/john/Documents/ros_project/ros2_ws/install/my_robot_description:/home/john/Documents/ros_project/ros2_ws/install/my_robot_bringup:/home/john/Documents/ros2_ws/install/my_robot_bringup:/home/john/Documents/ros2_ws/install/my_robot_interface:/home/john/Documents/ros2_ws/install/my_cpp_pkg:/home/john/Documents/ros2_ws/install/turtlesim_catch_them_all:/home/john/Documents/ros2_ws/install/my_py_pkg:/opt/ros/humble /usr/bin/cmake --build /home/john/Documents/ros_project/ros2_ws/build/my_robot_bringup -- -j16 -l16
[0.543s] Invoking command in '/home/john/Documents/ros_project/ros2_ws/build/my_robot_bringup': CMAKE_PREFIX_PATH=/home/john/Documents/ros_project/ros2_ws/install/my_robot_description:/home/john/Documents/ros_project/ros2_ws/install/my_robot_bringup:/home/john/Documents/ros2_ws/install/my_robot_bringup:/home/john/Documents/ros2_ws/install/my_robot_interface:/home/john/Documents/ros2_ws/install/my_cpp_pkg:/home/john/Documents/ros2_ws/install/turtlesim_catch_them_all:/home/john/Documents/ros2_ws/install/my_py_pkg:/opt/ros/humble /usr/bin/cmake --install /home/john/Documents/ros_project/ros2_ws/build/my_robot_bringup
[0.548s] -- Install configuration: ""
[0.548s] -- Execute custom install script
[0.548s] -- Symlinking: /home/john/Documents/ros_project/ros2_ws/install/my_robot_bringup/share/my_robot_bringup//launch/my_robot_gazebo.launch.xml
[0.554s] -- Symlinking: /home/john/Documents/ros_project/ros2_ws/install/my_robot_bringup/share/my_robot_bringup//rviz/my_robot_config.rviz
[0.560s] -- Symlinking: /home/john/Documents/ros_project/ros2_ws/install/my_robot_bringup/share/my_robot_bringup//worlds/my_world.world
[0.565s] -- Symlinking: /home/john/Documents/ros_project/ros2_ws/install/my_robot_bringup/share/ament_index/resource_index/package_run_dependencies/my_robot_bringup
[0.571s] -- Symlinking: /home/john/Documents/ros_project/ros2_ws/install/my_robot_bringup/share/ament_index/resource_index/parent_prefix_path/my_robot_bringup
[0.577s] -- Symlinking: /home/john/Documents/ros_project/ros2_ws/install/my_robot_bringup/share/my_robot_bringup/environment/ament_prefix_path.sh
[0.582s] -- Symlinking: /home/john/Documents/ros_project/ros2_ws/install/my_robot_bringup/share/my_robot_bringup/environment/ament_prefix_path.dsv
[0.587s] -- Symlinking: /home/john/Documents/ros_project/ros2_ws/install/my_robot_bringup/share/my_robot_bringup/environment/path.sh
[0.593s] -- Symlinking: /home/john/Documents/ros_project/ros2_ws/install/my_robot_bringup/share/my_robot_bringup/environment/path.dsv
[0.598s] -- Symlinking: /home/john/Documents/ros_project/ros2_ws/install/my_robot_bringup/share/my_robot_bringup/local_setup.bash
[0.603s] -- Symlinking: /home/john/Documents/ros_project/ros2_ws/install/my_robot_bringup/share/my_robot_bringup/local_setup.sh
[0.609s] -- Symlinking: /home/john/Documents/ros_project/ros2_ws/install/my_robot_bringup/share/my_robot_bringup/local_setup.zsh
[0.614s] -- Symlinking: /home/john/Documents/ros_project/ros2_ws/install/my_robot_bringup/share/my_robot_bringup/local_setup.dsv
[0.619s] -- Symlinking: /home/john/Documents/ros_project/ros2_ws/install/my_robot_bringup/share/my_robot_bringup/package.dsv
[0.624s] -- Symlinking: /home/john/Documents/ros_project/ros2_ws/install/my_robot_bringup/share/ament_index/resource_index/packages/my_robot_bringup
[0.629s] -- Symlinking: /home/john/Documents/ros_project/ros2_ws/install/my_robot_bringup/share/my_robot_bringup/cmake/my_robot_bringupConfig.cmake
[0.634s] -- Symlinking: /home/john/Documents/ros_project/ros2_ws/install/my_robot_bringup/share/my_robot_bringup/cmake/my_robot_bringupConfig-version.cmake
[0.639s] -- Symlinking: /home/john/Documents/ros_project/ros2_ws/install/my_robot_bringup/share/my_robot_bringup/package.xml
[0.647s] Invoked command in '/home/john/Documents/ros_project/ros2_ws/build/my_robot_bringup' returned '0': CMAKE_PREFIX_PATH=/home/john/Documents/ros_project/ros2_ws/install/my_robot_description:/home/john/Documents/ros_project/ros2_ws/install/my_robot_bringup:/home/john/Documents/ros2_ws/install/my_robot_bringup:/home/john/Documents/ros2_ws/install/my_robot_interface:/home/john/Documents/ros2_ws/install/my_cpp_pkg:/home/john/Documents/ros2_ws/install/turtlesim_catch_them_all:/home/john/Documents/ros2_ws/install/my_py_pkg:/opt/ros/humble /usr/bin/cmake --install /home/john/Documents/ros_project/ros2_ws/build/my_robot_bringup
