-- Found ament_cmake: 1.3.5 (/opt/ros/humble/share/ament_cmake/cmake)
-- Found rosidl_default_generators: 1.2.0 (/opt/ros/humble/share/rosidl_default_generators/cmake)
-- Using all available rosidl_typesupport_c: rosidl_typesupport_fastrtps_c;rosidl_typesupport_introspection_c
-- Found rosidl_adapter: 3.1.5 (/opt/ros/humble/share/rosidl_adapter/cmake)
-- Using all available rosidl_typesupport_cpp: rosidl_typesupport_fastrtps_cpp;rosidl_typesupport_introspection_cpp
-- Found ament_cmake_ros: 0.10.0 (/opt/ros/humble/share/ament_cmake_ros/cmake)
-- Using all available rosidl_typesupport_c: rosidl_typesupport_fastrtps_c;rosidl_typesupport_introspection_c
-- Using all available rosidl_typesupport_cpp: rosidl_typesupport_fastrtps_cpp;rosidl_typesupport_introspection_cpp
-- Found python_cmake_module: 0.10.0 (/opt/ros/humble/share/python_cmake_module/cmake)
-- Using PYTHON_EXECUTABLE: /usr/bin/python3
-- Using PYTHON_INCLUDE_DIRS: /usr/include/python3.10
-- Using PYTHON_LIBRARIES: /usr/lib/x86_64-linux-gnu/libpython3.10.so
-- Configuring done
-- Generating done
-- Build files have been written to: /home/john/Documents/ros2_ws/build/my_robot_interface
[  1%] [34m[1mGenerating C code for ROS interfaces[0m
[  3%] [34m[1mGenerating C++ code for ROS interfaces[0m
[  3%] Built target ament_cmake_python_copy_my_robot_interface
running egg_info
writing my_robot_interface.egg-info/PKG-INFO
writing dependency_links to my_robot_interface.egg-info/dependency_links.txt
writing top-level names to my_robot_interface.egg-info/top_level.txt
reading manifest file 'my_robot_interface.egg-info/SOURCES.txt'
writing manifest file 'my_robot_interface.egg-info/SOURCES.txt'
[  3%] Built target ament_cmake_python_build_my_robot_interface_egg
[  3%] Built target my_robot_interface__cpp
[  6%] [34m[1mGenerating C++ type support for eProsima Fast-RTPS[0m
[  6%] [34m[1mGenerating C++ introspection for ROS interfaces[0m
[  7%] [34m[1mGenerating C++ type support dispatch for ROS interfaces[0m
[35m[1mConsolidate compiler generated dependencies of target my_robot_interface__rosidl_generator_c[0m
[ 11%] [32mBuilding C object CMakeFiles/my_robot_interface__rosidl_generator_c.dir/rosidl_generator_c/my_robot_interface/msg/detail/hardware_status__functions.c.o[0m
[ 11%] [32mBuilding C object CMakeFiles/my_robot_interface__rosidl_generator_c.dir/rosidl_generator_c/my_robot_interface/msg/detail/led_status__functions.c.o[0m
[ 15%] [32mBuilding C object CMakeFiles/my_robot_interface__rosidl_generator_c.dir/rosidl_generator_c/my_robot_interface/srv/detail/compute_rectangle_area__functions.c.o[0m
[ 15%] [32mBuilding C object CMakeFiles/my_robot_interface__rosidl_generator_c.dir/rosidl_generator_c/my_robot_interface/msg/detail/turtle_array__functions.c.o[0m
[ 15%] [32mBuilding C object CMakeFiles/my_robot_interface__rosidl_generator_c.dir/rosidl_generator_c/my_robot_interface/srv/detail/led_control__functions.c.o[0m
[35m[1mConsolidate compiler generated dependencies of target my_robot_interface__rosidl_typesupport_cpp[0m
[35m[1mConsolidate compiler generated dependencies of target my_robot_interface__rosidl_typesupport_introspection_cpp[0m
[ 17%] [32mBuilding CXX object CMakeFiles/my_robot_interface__rosidl_typesupport_introspection_cpp.dir/rosidl_typesupport_introspection_cpp/my_robot_interface/msg/detail/hardware_status__type_support.cpp.o[0m
[ 19%] [32mBuilding CXX object CMakeFiles/my_robot_interface__rosidl_typesupport_cpp.dir/rosidl_typesupport_cpp/my_robot_interface/srv/led_control__type_support.cpp.o[0m
[ 20%] [32mBuilding CXX object CMakeFiles/my_robot_interface__rosidl_typesupport_cpp.dir/rosidl_typesupport_cpp/my_robot_interface/msg/hardware_status__type_support.cpp.o[0m
[ 22%] [32mBuilding CXX object CMakeFiles/my_robot_interface__rosidl_typesupport_cpp.dir/rosidl_typesupport_cpp/my_robot_interface/msg/led_status__type_support.cpp.o[0m
[ 23%] [32mBuilding CXX object CMakeFiles/my_robot_interface__rosidl_typesupport_cpp.dir/rosidl_typesupport_cpp/my_robot_interface/msg/turtle_array__type_support.cpp.o[0m
[ 28%] [32mBuilding CXX object CMakeFiles/my_robot_interface__rosidl_typesupport_introspection_cpp.dir/rosidl_typesupport_introspection_cpp/my_robot_interface/msg/detail/turtle_array__type_support.cpp.o[0m
[ 28%] [32mBuilding CXX object CMakeFiles/my_robot_interface__rosidl_typesupport_introspection_cpp.dir/rosidl_typesupport_introspection_cpp/my_robot_interface/srv/detail/compute_rectangle_area__type_support.cpp.o[0m
[ 28%] [32mBuilding CXX object CMakeFiles/my_robot_interface__rosidl_typesupport_introspection_cpp.dir/rosidl_typesupport_introspection_cpp/my_robot_interface/msg/detail/led_status__type_support.cpp.o[0m
[ 30%] [32mBuilding CXX object CMakeFiles/my_robot_interface__rosidl_typesupport_introspection_cpp.dir/rosidl_typesupport_introspection_cpp/my_robot_interface/srv/detail/led_control__type_support.cpp.o[0m
[ 31%] [32mBuilding CXX object CMakeFiles/my_robot_interface__rosidl_typesupport_cpp.dir/rosidl_typesupport_cpp/my_robot_interface/srv/compute_rectangle_area__type_support.cpp.o[0m
[35m[1mConsolidate compiler generated dependencies of target my_robot_interface__rosidl_typesupport_fastrtps_cpp[0m
[ 33%] [32mBuilding CXX object CMakeFiles/my_robot_interface__rosidl_typesupport_fastrtps_cpp.dir/rosidl_typesupport_fastrtps_cpp/my_robot_interface/msg/detail/dds_fastrtps/hardware_status__type_support.cpp.o[0m
[ 38%] [32mBuilding CXX object CMakeFiles/my_robot_interface__rosidl_typesupport_fastrtps_cpp.dir/rosidl_typesupport_fastrtps_cpp/my_robot_interface/msg/detail/dds_fastrtps/turtle_array__type_support.cpp.o[0m
[ 38%] [32mBuilding CXX object CMakeFiles/my_robot_interface__rosidl_typesupport_fastrtps_cpp.dir/rosidl_typesupport_fastrtps_cpp/my_robot_interface/msg/detail/dds_fastrtps/led_status__type_support.cpp.o[0m
[ 38%] [32mBuilding CXX object CMakeFiles/my_robot_interface__rosidl_typesupport_fastrtps_cpp.dir/rosidl_typesupport_fastrtps_cpp/my_robot_interface/srv/detail/dds_fastrtps/compute_rectangle_area__type_support.cpp.o[0m
[ 39%] [32m[1mLinking C shared library libmy_robot_interface__rosidl_generator_c.so[0m
[ 41%] [32mBuilding CXX object CMakeFiles/my_robot_interface__rosidl_typesupport_fastrtps_cpp.dir/rosidl_typesupport_fastrtps_cpp/my_robot_interface/srv/detail/dds_fastrtps/led_control__type_support.cpp.o[0m
[ 41%] Built target my_robot_interface__rosidl_generator_c
[ 42%] [34m[1mGenerating C type support for eProsima Fast-RTPS[0m
[ 46%] [34m[1mGenerating C introspection for ROS interfaces[0m
[ 46%] [34m[1mGenerating C type support dispatch for ROS interfaces[0m
[ 47%] [32m[1mLinking CXX shared library libmy_robot_interface__rosidl_typesupport_cpp.so[0m
[35m[1mConsolidate compiler generated dependencies of target my_robot_interface__rosidl_typesupport_fastrtps_c[0m
[ 49%] [32mBuilding CXX object CMakeFiles/my_robot_interface__rosidl_typesupport_fastrtps_c.dir/rosidl_typesupport_fastrtps_c/my_robot_interface/msg/detail/hardware_status__type_support_c.cpp.o[0m
[ 52%] [32mBuilding CXX object CMakeFiles/my_robot_interface__rosidl_typesupport_fastrtps_c.dir/rosidl_typesupport_fastrtps_c/my_robot_interface/msg/detail/led_status__type_support_c.cpp.o[0m
[ 52%] [32mBuilding CXX object CMakeFiles/my_robot_interface__rosidl_typesupport_fastrtps_c.dir/rosidl_typesupport_fastrtps_c/my_robot_interface/msg/detail/turtle_array__type_support_c.cpp.o[0m
[ 53%] [32mBuilding CXX object CMakeFiles/my_robot_interface__rosidl_typesupport_fastrtps_c.dir/rosidl_typesupport_fastrtps_c/my_robot_interface/srv/detail/compute_rectangle_area__type_support_c.cpp.o[0m
[ 55%] [32mBuilding CXX object CMakeFiles/my_robot_interface__rosidl_typesupport_fastrtps_c.dir/rosidl_typesupport_fastrtps_c/my_robot_interface/srv/detail/led_control__type_support_c.cpp.o[0m
[ 57%] [32m[1mLinking CXX shared library libmy_robot_interface__rosidl_typesupport_introspection_cpp.so[0m
[ 58%] [32m[1mLinking CXX shared library libmy_robot_interface__rosidl_typesupport_fastrtps_cpp.so[0m
[ 58%] Built target my_robot_interface__rosidl_typesupport_cpp
[ 58%] Built target my_robot_interface__rosidl_typesupport_introspection_cpp
[ 58%] Built target my_robot_interface__rosidl_typesupport_fastrtps_cpp
[35m[1mConsolidate compiler generated dependencies of target my_robot_interface__rosidl_typesupport_c[0m
[ 61%] [32mBuilding CXX object CMakeFiles/my_robot_interface__rosidl_typesupport_c.dir/rosidl_typesupport_c/my_robot_interface/msg/hardware_status__type_support.cpp.o[0m
[ 63%] [32mBuilding CXX object CMakeFiles/my_robot_interface__rosidl_typesupport_c.dir/rosidl_typesupport_c/my_robot_interface/msg/led_status__type_support.cpp.o[0m
[ 63%] [32mBuilding CXX object CMakeFiles/my_robot_interface__rosidl_typesupport_c.dir/rosidl_typesupport_c/my_robot_interface/msg/turtle_array__type_support.cpp.o[0m
[ 66%] [32mBuilding CXX object CMakeFiles/my_robot_interface__rosidl_typesupport_c.dir/rosidl_typesupport_c/my_robot_interface/srv/led_control__type_support.cpp.o[0m
[ 66%] [32mBuilding CXX object CMakeFiles/my_robot_interface__rosidl_typesupport_c.dir/rosidl_typesupport_c/my_robot_interface/srv/compute_rectangle_area__type_support.cpp.o[0m
[ 68%] [32m[1mLinking CXX shared library libmy_robot_interface__rosidl_typesupport_fastrtps_c.so[0m
[35m[1mConsolidate compiler generated dependencies of target my_robot_interface__rosidl_typesupport_introspection_c[0m
[ 69%] [32mBuilding C object CMakeFiles/my_robot_interface__rosidl_typesupport_introspection_c.dir/rosidl_typesupport_introspection_c/my_robot_interface/msg/detail/hardware_status__type_support.c.o[0m
[ 74%] [32mBuilding C object CMakeFiles/my_robot_interface__rosidl_typesupport_introspection_c.dir/rosidl_typesupport_introspection_c/my_robot_interface/msg/detail/turtle_array__type_support.c.o[0m
[ 74%] [32mBuilding C object CMakeFiles/my_robot_interface__rosidl_typesupport_introspection_c.dir/rosidl_typesupport_introspection_c/my_robot_interface/msg/detail/led_status__type_support.c.o[0m
[ 74%] [32mBuilding C object CMakeFiles/my_robot_interface__rosidl_typesupport_introspection_c.dir/rosidl_typesupport_introspection_c/my_robot_interface/srv/detail/compute_rectangle_area__type_support.c.o[0m
[ 76%] [32mBuilding C object CMakeFiles/my_robot_interface__rosidl_typesupport_introspection_c.dir/rosidl_typesupport_introspection_c/my_robot_interface/srv/detail/led_control__type_support.c.o[0m
[ 77%] [32m[1mLinking CXX shared library libmy_robot_interface__rosidl_typesupport_c.so[0m
[ 77%] Built target my_robot_interface__rosidl_typesupport_c
[ 77%] Built target my_robot_interface__rosidl_typesupport_fastrtps_c
[ 79%] [32m[1mLinking C shared library libmy_robot_interface__rosidl_typesupport_introspection_c.so[0m
[ 79%] Built target my_robot_interface__rosidl_typesupport_introspection_c
[ 79%] Built target my_robot_interface
[ 80%] [34m[1mGenerating Python code for ROS interfaces[0m
[ 80%] Built target my_robot_interface__py
[35m[1mConsolidate compiler generated dependencies of target my_robot_interface__rosidl_generator_py[0m
[ 85%] [32mBuilding C object CMakeFiles/my_robot_interface__rosidl_generator_py.dir/rosidl_generator_py/my_robot_interface/msg/_hardware_status_s.c.o[0m
[ 85%] [32mBuilding C object CMakeFiles/my_robot_interface__rosidl_generator_py.dir/rosidl_generator_py/my_robot_interface/msg/_turtle_array_s.c.o[0m
[ 85%] [32mBuilding C object CMakeFiles/my_robot_interface__rosidl_generator_py.dir/rosidl_generator_py/my_robot_interface/msg/_led_status_s.c.o[0m
[ 87%] [32mBuilding C object CMakeFiles/my_robot_interface__rosidl_generator_py.dir/rosidl_generator_py/my_robot_interface/srv/_compute_rectangle_area_s.c.o[0m
[ 88%] [32mBuilding C object CMakeFiles/my_robot_interface__rosidl_generator_py.dir/rosidl_generator_py/my_robot_interface/srv/_led_control_s.c.o[0m
[ 90%] [32m[1mLinking C shared library rosidl_generator_py/my_robot_interface/libmy_robot_interface__rosidl_generator_py.so[0m
[ 90%] Built target my_robot_interface__rosidl_generator_py
[35m[1mConsolidate compiler generated dependencies of target my_robot_interface__rosidl_typesupport_c__pyext[0m
[ 92%] [32mBuilding C object CMakeFiles/my_robot_interface__rosidl_typesupport_c__pyext.dir/rosidl_generator_py/my_robot_interface/_my_robot_interface_s.ep.rosidl_typesupport_c.c.o[0m
[35m[1mConsolidate compiler generated dependencies of target my_robot_interface__rosidl_typesupport_fastrtps_c__pyext[0m
[35m[1mConsolidate compiler generated dependencies of target my_robot_interface__rosidl_typesupport_introspection_c__pyext[0m
[ 95%] [32mBuilding C object CMakeFiles/my_robot_interface__rosidl_typesupport_introspection_c__pyext.dir/rosidl_generator_py/my_robot_interface/_my_robot_interface_s.ep.rosidl_typesupport_introspection_c.c.o[0m
[ 95%] [32mBuilding C object CMakeFiles/my_robot_interface__rosidl_typesupport_fastrtps_c__pyext.dir/rosidl_generator_py/my_robot_interface/_my_robot_interface_s.ep.rosidl_typesupport_fastrtps_c.c.o[0m
[ 96%] [32m[1mLinking C shared library rosidl_generator_py/my_robot_interface/my_robot_interface_s__rosidl_typesupport_fastrtps_c.cpython-310-x86_64-linux-gnu.so[0m
[ 98%] [32m[1mLinking C shared library rosidl_generator_py/my_robot_interface/my_robot_interface_s__rosidl_typesupport_c.cpython-310-x86_64-linux-gnu.so[0m
[ 98%] Built target my_robot_interface__rosidl_typesupport_fastrtps_c__pyext
[ 98%] Built target my_robot_interface__rosidl_typesupport_c__pyext
[100%] [32m[1mLinking C shared library rosidl_generator_py/my_robot_interface/my_robot_interface_s__rosidl_typesupport_introspection_c.cpython-310-x86_64-linux-gnu.so[0m
[100%] Built target my_robot_interface__rosidl_typesupport_introspection_c__pyext
-- Install configuration: ""
-- Installing: /home/john/Documents/ros2_ws/install/my_robot_interface/share/ament_index/resource_index/rosidl_interfaces/my_robot_interface
-- Up-to-date: /home/john/Documents/ros2_ws/install/my_robot_interface/include/my_robot_interface/my_robot_interface
-- Up-to-date: /home/john/Documents/ros2_ws/install/my_robot_interface/include/my_robot_interface/my_robot_interface/srv
-- Up-to-date: /home/john/Documents/ros2_ws/install/my_robot_interface/include/my_robot_interface/my_robot_interface/srv/detail
-- Installing: /home/john/Documents/ros2_ws/install/my_robot_interface/include/my_robot_interface/my_robot_interface/srv/detail/led_control__type_support.h
-- Installing: /home/john/Documents/ros2_ws/install/my_robot_interface/include/my_robot_interface/my_robot_interface/srv/detail/compute_rectangle_area__struct.h
-- Installing: /home/john/Documents/ros2_ws/install/my_robot_interface/include/my_robot_interface/my_robot_interface/srv/detail/compute_rectangle_area__functions.c
-- Installing: /home/john/Documents/ros2_ws/install/my_robot_interface/include/my_robot_interface/my_robot_interface/srv/detail/compute_rectangle_area__functions.h
-- Installing: /home/john/Documents/ros2_ws/install/my_robot_interface/include/my_robot_interface/my_robot_interface/srv/detail/led_control__struct.h
-- Installing: /home/john/Documents/ros2_ws/install/my_robot_interface/include/my_robot_interface/my_robot_interface/srv/detail/compute_rectangle_area__type_support.h
-- Installing: /home/john/Documents/ros2_ws/install/my_robot_interface/include/my_robot_interface/my_robot_interface/srv/detail/led_control__functions.c
-- Installing: /home/john/Documents/ros2_ws/install/my_robot_interface/include/my_robot_interface/my_robot_interface/srv/detail/led_control__functions.h
-- Installing: /home/john/Documents/ros2_ws/install/my_robot_interface/include/my_robot_interface/my_robot_interface/srv/led_control.h
-- Installing: /home/john/Documents/ros2_ws/install/my_robot_interface/include/my_robot_interface/my_robot_interface/srv/compute_rectangle_area.h
-- Up-to-date: /home/john/Documents/ros2_ws/install/my_robot_interface/include/my_robot_interface/my_robot_interface/msg
-- Installing: /home/john/Documents/ros2_ws/install/my_robot_interface/include/my_robot_interface/my_robot_interface/msg/led_status.h
-- Up-to-date: /home/john/Documents/ros2_ws/install/my_robot_interface/include/my_robot_interface/my_robot_interface/msg/detail
-- Installing: /home/john/Documents/ros2_ws/install/my_robot_interface/include/my_robot_interface/my_robot_interface/msg/detail/turtle_array__functions.h
-- Installing: /home/john/Documents/ros2_ws/install/my_robot_interface/include/my_robot_interface/my_robot_interface/msg/detail/turtle_array__type_support.h
-- Installing: /home/john/Documents/ros2_ws/install/my_robot_interface/include/my_robot_interface/my_robot_interface/msg/detail/hardware_status__struct.h
-- Installing: /home/john/Documents/ros2_ws/install/my_robot_interface/include/my_robot_interface/my_robot_interface/msg/detail/hardware_status__functions.h
-- Installing: /home/john/Documents/ros2_ws/install/my_robot_interface/include/my_robot_interface/my_robot_interface/msg/detail/led_status__type_support.h
-- Installing: /home/john/Documents/ros2_ws/install/my_robot_interface/include/my_robot_interface/my_robot_interface/msg/detail/hardware_status__type_support.h
-- Installing: /home/john/Documents/ros2_ws/install/my_robot_interface/include/my_robot_interface/my_robot_interface/msg/detail/led_status__functions.c
-- Installing: /home/john/Documents/ros2_ws/install/my_robot_interface/include/my_robot_interface/my_robot_interface/msg/detail/led_status__functions.h
-- Installing: /home/john/Documents/ros2_ws/install/my_robot_interface/include/my_robot_interface/my_robot_interface/msg/detail/hardware_status__functions.c
-- Installing: /home/john/Documents/ros2_ws/install/my_robot_interface/include/my_robot_interface/my_robot_interface/msg/detail/turtle_array__struct.h
-- Installing: /home/john/Documents/ros2_ws/install/my_robot_interface/include/my_robot_interface/my_robot_interface/msg/detail/led_status__struct.h
-- Installing: /home/john/Documents/ros2_ws/install/my_robot_interface/include/my_robot_interface/my_robot_interface/msg/detail/turtle_array__functions.c
-- Installing: /home/john/Documents/ros2_ws/install/my_robot_interface/include/my_robot_interface/my_robot_interface/msg/turtle_array.h
-- Installing: /home/john/Documents/ros2_ws/install/my_robot_interface/include/my_robot_interface/my_robot_interface/msg/hardware_status.h
-- Up-to-date: /home/john/Documents/ros2_ws/install/my_robot_interface/include/my_robot_interface/my_robot_interface/msg/rosidl_generator_c__visibility_control.h
-- Up-to-date: /home/john/Documents/ros2_ws/install/my_robot_interface/share/my_robot_interface/environment/library_path.sh
-- Installing: /home/john/Documents/ros2_ws/install/my_robot_interface/share/my_robot_interface/environment/library_path.dsv
-- Installing: /home/john/Documents/ros2_ws/install/my_robot_interface/lib/libmy_robot_interface__rosidl_generator_c.so
-- Set runtime path of "/home/john/Documents/ros2_ws/install/my_robot_interface/lib/libmy_robot_interface__rosidl_generator_c.so" to ""
-- Up-to-date: /home/john/Documents/ros2_ws/install/my_robot_interface/include/my_robot_interface/my_robot_interface
-- Up-to-date: /home/john/Documents/ros2_ws/install/my_robot_interface/include/my_robot_interface/my_robot_interface/srv
-- Up-to-date: /home/john/Documents/ros2_ws/install/my_robot_interface/include/my_robot_interface/my_robot_interface/srv/detail
-- Installing: /home/john/Documents/ros2_ws/install/my_robot_interface/include/my_robot_interface/my_robot_interface/srv/detail/compute_rectangle_area__rosidl_typesupport_fastrtps_c.h
-- Installing: /home/john/Documents/ros2_ws/install/my_robot_interface/include/my_robot_interface/my_robot_interface/srv/detail/led_control__rosidl_typesupport_fastrtps_c.h
-- Up-to-date: /home/john/Documents/ros2_ws/install/my_robot_interface/include/my_robot_interface/my_robot_interface/msg
-- Up-to-date: /home/john/Documents/ros2_ws/install/my_robot_interface/include/my_robot_interface/my_robot_interface/msg/detail
-- Installing: /home/john/Documents/ros2_ws/install/my_robot_interface/include/my_robot_interface/my_robot_interface/msg/detail/hardware_status__rosidl_typesupport_fastrtps_c.h
-- Installing: /home/john/Documents/ros2_ws/install/my_robot_interface/include/my_robot_interface/my_robot_interface/msg/detail/turtle_array__rosidl_typesupport_fastrtps_c.h
-- Installing: /home/john/Documents/ros2_ws/install/my_robot_interface/include/my_robot_interface/my_robot_interface/msg/detail/led_status__rosidl_typesupport_fastrtps_c.h
-- Up-to-date: /home/john/Documents/ros2_ws/install/my_robot_interface/include/my_robot_interface/my_robot_interface/msg/rosidl_typesupport_fastrtps_c__visibility_control.h
-- Installing: /home/john/Documents/ros2_ws/install/my_robot_interface/lib/libmy_robot_interface__rosidl_typesupport_fastrtps_c.so
-- Set runtime path of "/home/john/Documents/ros2_ws/install/my_robot_interface/lib/libmy_robot_interface__rosidl_typesupport_fastrtps_c.so" to ""
-- Up-to-date: /home/john/Documents/ros2_ws/install/my_robot_interface/include/my_robot_interface/my_robot_interface
-- Up-to-date: /home/john/Documents/ros2_ws/install/my_robot_interface/include/my_robot_interface/my_robot_interface/srv
-- Up-to-date: /home/john/Documents/ros2_ws/install/my_robot_interface/include/my_robot_interface/my_robot_interface/srv/detail
-- Installing: /home/john/Documents/ros2_ws/install/my_robot_interface/include/my_robot_interface/my_robot_interface/srv/detail/compute_rectangle_area__rosidl_typesupport_introspection_c.h
-- Installing: /home/john/Documents/ros2_ws/install/my_robot_interface/include/my_robot_interface/my_robot_interface/srv/detail/led_control__rosidl_typesupport_introspection_c.h
-- Installing: /home/john/Documents/ros2_ws/install/my_robot_interface/include/my_robot_interface/my_robot_interface/srv/detail/led_control__type_support.c
-- Installing: /home/john/Documents/ros2_ws/install/my_robot_interface/include/my_robot_interface/my_robot_interface/srv/detail/compute_rectangle_area__type_support.c
-- Up-to-date: /home/john/Documents/ros2_ws/install/my_robot_interface/include/my_robot_interface/my_robot_interface/msg
-- Up-to-date: /home/john/Documents/ros2_ws/install/my_robot_interface/include/my_robot_interface/my_robot_interface/msg/detail
-- Installing: /home/john/Documents/ros2_ws/install/my_robot_interface/include/my_robot_interface/my_robot_interface/msg/detail/turtle_array__type_support.c
-- Installing: /home/john/Documents/ros2_ws/install/my_robot_interface/include/my_robot_interface/my_robot_interface/msg/detail/led_status__type_support.c
-- Installing: /home/john/Documents/ros2_ws/install/my_robot_interface/include/my_robot_interface/my_robot_interface/msg/detail/led_status__rosidl_typesupport_introspection_c.h
-- Installing: /home/john/Documents/ros2_ws/install/my_robot_interface/include/my_robot_interface/my_robot_interface/msg/detail/hardware_status__rosidl_typesupport_introspection_c.h
-- Installing: /home/john/Documents/ros2_ws/install/my_robot_interface/include/my_robot_interface/my_robot_interface/msg/detail/turtle_array__rosidl_typesupport_introspection_c.h
-- Installing: /home/john/Documents/ros2_ws/install/my_robot_interface/include/my_robot_interface/my_robot_interface/msg/detail/hardware_status__type_support.c
-- Up-to-date: /home/john/Documents/ros2_ws/install/my_robot_interface/include/my_robot_interface/my_robot_interface/msg/rosidl_typesupport_introspection_c__visibility_control.h
-- Installing: /home/john/Documents/ros2_ws/install/my_robot_interface/lib/libmy_robot_interface__rosidl_typesupport_introspection_c.so
-- Set runtime path of "/home/john/Documents/ros2_ws/install/my_robot_interface/lib/libmy_robot_interface__rosidl_typesupport_introspection_c.so" to ""
-- Installing: /home/john/Documents/ros2_ws/install/my_robot_interface/lib/libmy_robot_interface__rosidl_typesupport_c.so
-- Set runtime path of "/home/john/Documents/ros2_ws/install/my_robot_interface/lib/libmy_robot_interface__rosidl_typesupport_c.so" to ""
-- Up-to-date: /home/john/Documents/ros2_ws/install/my_robot_interface/include/my_robot_interface/my_robot_interface
-- Up-to-date: /home/john/Documents/ros2_ws/install/my_robot_interface/include/my_robot_interface/my_robot_interface/srv
-- Up-to-date: /home/john/Documents/ros2_ws/install/my_robot_interface/include/my_robot_interface/my_robot_interface/srv/detail
-- Installing: /home/john/Documents/ros2_ws/install/my_robot_interface/include/my_robot_interface/my_robot_interface/srv/detail/led_control__builder.hpp
-- Installing: /home/john/Documents/ros2_ws/install/my_robot_interface/include/my_robot_interface/my_robot_interface/srv/detail/compute_rectangle_area__traits.hpp
-- Installing: /home/john/Documents/ros2_ws/install/my_robot_interface/include/my_robot_interface/my_robot_interface/srv/detail/compute_rectangle_area__builder.hpp
-- Installing: /home/john/Documents/ros2_ws/install/my_robot_interface/include/my_robot_interface/my_robot_interface/srv/detail/led_control__struct.hpp
-- Installing: /home/john/Documents/ros2_ws/install/my_robot_interface/include/my_robot_interface/my_robot_interface/srv/detail/led_control__traits.hpp
-- Installing: /home/john/Documents/ros2_ws/install/my_robot_interface/include/my_robot_interface/my_robot_interface/srv/detail/compute_rectangle_area__struct.hpp
-- Installing: /home/john/Documents/ros2_ws/install/my_robot_interface/include/my_robot_interface/my_robot_interface/srv/led_control.hpp
-- Installing: /home/john/Documents/ros2_ws/install/my_robot_interface/include/my_robot_interface/my_robot_interface/srv/compute_rectangle_area.hpp
-- Up-to-date: /home/john/Documents/ros2_ws/install/my_robot_interface/include/my_robot_interface/my_robot_interface/msg
-- Installing: /home/john/Documents/ros2_ws/install/my_robot_interface/include/my_robot_interface/my_robot_interface/msg/turtle_array.hpp
-- Up-to-date: /home/john/Documents/ros2_ws/install/my_robot_interface/include/my_robot_interface/my_robot_interface/msg/detail
-- Installing: /home/john/Documents/ros2_ws/install/my_robot_interface/include/my_robot_interface/my_robot_interface/msg/detail/hardware_status__struct.hpp
-- Installing: /home/john/Documents/ros2_ws/install/my_robot_interface/include/my_robot_interface/my_robot_interface/msg/detail/hardware_status__builder.hpp
-- Installing: /home/john/Documents/ros2_ws/install/my_robot_interface/include/my_robot_interface/my_robot_interface/msg/detail/hardware_status__traits.hpp
-- Installing: /home/john/Documents/ros2_ws/install/my_robot_interface/include/my_robot_interface/my_robot_interface/msg/detail/turtle_array__traits.hpp
-- Installing: /home/john/Documents/ros2_ws/install/my_robot_interface/include/my_robot_interface/my_robot_interface/msg/detail/turtle_array__builder.hpp
-- Installing: /home/john/Documents/ros2_ws/install/my_robot_interface/include/my_robot_interface/my_robot_interface/msg/detail/turtle_array__struct.hpp
-- Installing: /home/john/Documents/ros2_ws/install/my_robot_interface/include/my_robot_interface/my_robot_interface/msg/detail/led_status__traits.hpp
-- Installing: /home/john/Documents/ros2_ws/install/my_robot_interface/include/my_robot_interface/my_robot_interface/msg/detail/led_status__struct.hpp
-- Installing: /home/john/Documents/ros2_ws/install/my_robot_interface/include/my_robot_interface/my_robot_interface/msg/detail/led_status__builder.hpp
-- Installing: /home/john/Documents/ros2_ws/install/my_robot_interface/include/my_robot_interface/my_robot_interface/msg/led_status.hpp
-- Installing: /home/john/Documents/ros2_ws/install/my_robot_interface/include/my_robot_interface/my_robot_interface/msg/hardware_status.hpp
-- Up-to-date: /home/john/Documents/ros2_ws/install/my_robot_interface/include/my_robot_interface/my_robot_interface
-- Up-to-date: /home/john/Documents/ros2_ws/install/my_robot_interface/include/my_robot_interface/my_robot_interface/srv
-- Up-to-date: /home/john/Documents/ros2_ws/install/my_robot_interface/include/my_robot_interface/my_robot_interface/srv/detail
-- Installing: /home/john/Documents/ros2_ws/install/my_robot_interface/include/my_robot_interface/my_robot_interface/srv/detail/led_control__rosidl_typesupport_fastrtps_cpp.hpp
-- Installing: /home/john/Documents/ros2_ws/install/my_robot_interface/include/my_robot_interface/my_robot_interface/srv/detail/compute_rectangle_area__rosidl_typesupport_fastrtps_cpp.hpp
-- Up-to-date: /home/john/Documents/ros2_ws/install/my_robot_interface/include/my_robot_interface/my_robot_interface/srv/detail/dds_fastrtps
-- Up-to-date: /home/john/Documents/ros2_ws/install/my_robot_interface/include/my_robot_interface/my_robot_interface/msg
-- Up-to-date: /home/john/Documents/ros2_ws/install/my_robot_interface/include/my_robot_interface/my_robot_interface/msg/detail
-- Installing: /home/john/Documents/ros2_ws/install/my_robot_interface/include/my_robot_interface/my_robot_interface/msg/detail/hardware_status__rosidl_typesupport_fastrtps_cpp.hpp
-- Installing: /home/john/Documents/ros2_ws/install/my_robot_interface/include/my_robot_interface/my_robot_interface/msg/detail/led_status__rosidl_typesupport_fastrtps_cpp.hpp
-- Installing: /home/john/Documents/ros2_ws/install/my_robot_interface/include/my_robot_interface/my_robot_interface/msg/detail/turtle_array__rosidl_typesupport_fastrtps_cpp.hpp
-- Up-to-date: /home/john/Documents/ros2_ws/install/my_robot_interface/include/my_robot_interface/my_robot_interface/msg/detail/dds_fastrtps
-- Up-to-date: /home/john/Documents/ros2_ws/install/my_robot_interface/include/my_robot_interface/my_robot_interface/msg/rosidl_typesupport_fastrtps_cpp__visibility_control.h
-- Installing: /home/john/Documents/ros2_ws/install/my_robot_interface/lib/libmy_robot_interface__rosidl_typesupport_fastrtps_cpp.so
-- Set runtime path of "/home/john/Documents/ros2_ws/install/my_robot_interface/lib/libmy_robot_interface__rosidl_typesupport_fastrtps_cpp.so" to ""
-- Up-to-date: /home/john/Documents/ros2_ws/install/my_robot_interface/include/my_robot_interface/my_robot_interface
-- Up-to-date: /home/john/Documents/ros2_ws/install/my_robot_interface/include/my_robot_interface/my_robot_interface/srv
-- Up-to-date: /home/john/Documents/ros2_ws/install/my_robot_interface/include/my_robot_interface/my_robot_interface/srv/detail
-- Installing: /home/john/Documents/ros2_ws/install/my_robot_interface/include/my_robot_interface/my_robot_interface/srv/detail/led_control__rosidl_typesupport_introspection_cpp.hpp
-- Installing: /home/john/Documents/ros2_ws/install/my_robot_interface/include/my_robot_interface/my_robot_interface/srv/detail/led_control__type_support.cpp
-- Installing: /home/john/Documents/ros2_ws/install/my_robot_interface/include/my_robot_interface/my_robot_interface/srv/detail/compute_rectangle_area__type_support.cpp
-- Installing: /home/john/Documents/ros2_ws/install/my_robot_interface/include/my_robot_interface/my_robot_interface/srv/detail/compute_rectangle_area__rosidl_typesupport_introspection_cpp.hpp
-- Up-to-date: /home/john/Documents/ros2_ws/install/my_robot_interface/include/my_robot_interface/my_robot_interface/msg
-- Up-to-date: /home/john/Documents/ros2_ws/install/my_robot_interface/include/my_robot_interface/my_robot_interface/msg/detail
-- Installing: /home/john/Documents/ros2_ws/install/my_robot_interface/include/my_robot_interface/my_robot_interface/msg/detail/hardware_status__rosidl_typesupport_introspection_cpp.hpp
-- Installing: /home/john/Documents/ros2_ws/install/my_robot_interface/include/my_robot_interface/my_robot_interface/msg/detail/led_status__type_support.cpp
-- Installing: /home/john/Documents/ros2_ws/install/my_robot_interface/include/my_robot_interface/my_robot_interface/msg/detail/turtle_array__type_support.cpp
-- Installing: /home/john/Documents/ros2_ws/install/my_robot_interface/include/my_robot_interface/my_robot_interface/msg/detail/hardware_status__type_support.cpp
-- Installing: /home/john/Documents/ros2_ws/install/my_robot_interface/include/my_robot_interface/my_robot_interface/msg/detail/turtle_array__rosidl_typesupport_introspection_cpp.hpp
-- Installing: /home/john/Documents/ros2_ws/install/my_robot_interface/include/my_robot_interface/my_robot_interface/msg/detail/led_status__rosidl_typesupport_introspection_cpp.hpp
-- Installing: /home/john/Documents/ros2_ws/install/my_robot_interface/lib/libmy_robot_interface__rosidl_typesupport_introspection_cpp.so
-- Set runtime path of "/home/john/Documents/ros2_ws/install/my_robot_interface/lib/libmy_robot_interface__rosidl_typesupport_introspection_cpp.so" to ""
-- Installing: /home/john/Documents/ros2_ws/install/my_robot_interface/lib/libmy_robot_interface__rosidl_typesupport_cpp.so
-- Set runtime path of "/home/john/Documents/ros2_ws/install/my_robot_interface/lib/libmy_robot_interface__rosidl_typesupport_cpp.so" to ""
-- Up-to-date: /home/john/Documents/ros2_ws/install/my_robot_interface/share/my_robot_interface/environment/pythonpath.sh
-- Installing: /home/john/Documents/ros2_ws/install/my_robot_interface/share/my_robot_interface/environment/pythonpath.dsv
-- Up-to-date: /home/john/Documents/ros2_ws/install/my_robot_interface/local/lib/python3.10/dist-packages/my_robot_interface-0.0.0-py3.10.egg-info
-- Installing: /home/john/Documents/ros2_ws/install/my_robot_interface/local/lib/python3.10/dist-packages/my_robot_interface-0.0.0-py3.10.egg-info/SOURCES.txt
-- Installing: /home/john/Documents/ros2_ws/install/my_robot_interface/local/lib/python3.10/dist-packages/my_robot_interface-0.0.0-py3.10.egg-info/dependency_links.txt
-- Installing: /home/john/Documents/ros2_ws/install/my_robot_interface/local/lib/python3.10/dist-packages/my_robot_interface-0.0.0-py3.10.egg-info/top_level.txt
-- Installing: /home/john/Documents/ros2_ws/install/my_robot_interface/local/lib/python3.10/dist-packages/my_robot_interface-0.0.0-py3.10.egg-info/PKG-INFO
-- Up-to-date: /home/john/Documents/ros2_ws/install/my_robot_interface/local/lib/python3.10/dist-packages/my_robot_interface
-- Installing: /home/john/Documents/ros2_ws/install/my_robot_interface/local/lib/python3.10/dist-packages/my_robot_interface/my_robot_interface_s__rosidl_typesupport_introspection_c.cpython-310-x86_64-linux-gnu.so
-- Installing: /home/john/Documents/ros2_ws/install/my_robot_interface/local/lib/python3.10/dist-packages/my_robot_interface/_my_robot_interface_s.ep.rosidl_typesupport_fastrtps_c.c
-- Up-to-date: /home/john/Documents/ros2_ws/install/my_robot_interface/local/lib/python3.10/dist-packages/my_robot_interface/srv
-- Installing: /home/john/Documents/ros2_ws/install/my_robot_interface/local/lib/python3.10/dist-packages/my_robot_interface/srv/_led_control.py
-- Installing: /home/john/Documents/ros2_ws/install/my_robot_interface/local/lib/python3.10/dist-packages/my_robot_interface/srv/_compute_rectangle_area.py
-- Installing: /home/john/Documents/ros2_ws/install/my_robot_interface/local/lib/python3.10/dist-packages/my_robot_interface/srv/_led_control_s.c
-- Installing: /home/john/Documents/ros2_ws/install/my_robot_interface/local/lib/python3.10/dist-packages/my_robot_interface/srv/_compute_rectangle_area_s.c
-- Installing: /home/john/Documents/ros2_ws/install/my_robot_interface/local/lib/python3.10/dist-packages/my_robot_interface/srv/__init__.py
-- Installing: /home/john/Documents/ros2_ws/install/my_robot_interface/local/lib/python3.10/dist-packages/my_robot_interface/my_robot_interface_s__rosidl_typesupport_fastrtps_c.cpython-310-x86_64-linux-gnu.so
-- Installing: /home/john/Documents/ros2_ws/install/my_robot_interface/local/lib/python3.10/dist-packages/my_robot_interface/my_robot_interface_s__rosidl_typesupport_c.cpython-310-x86_64-linux-gnu.so
-- Installing: /home/john/Documents/ros2_ws/install/my_robot_interface/local/lib/python3.10/dist-packages/my_robot_interface/_my_robot_interface_s.ep.rosidl_typesupport_introspection_c.c
-- Installing: /home/john/Documents/ros2_ws/install/my_robot_interface/local/lib/python3.10/dist-packages/my_robot_interface/_my_robot_interface_s.ep.rosidl_typesupport_c.c
-- Installing: /home/john/Documents/ros2_ws/install/my_robot_interface/local/lib/python3.10/dist-packages/my_robot_interface/libmy_robot_interface__rosidl_generator_py.so
-- Up-to-date: /home/john/Documents/ros2_ws/install/my_robot_interface/local/lib/python3.10/dist-packages/my_robot_interface/msg
-- Installing: /home/john/Documents/ros2_ws/install/my_robot_interface/local/lib/python3.10/dist-packages/my_robot_interface/msg/_hardware_status_s.c
-- Installing: /home/john/Documents/ros2_ws/install/my_robot_interface/local/lib/python3.10/dist-packages/my_robot_interface/msg/_turtle_array.py
-- Installing: /home/john/Documents/ros2_ws/install/my_robot_interface/local/lib/python3.10/dist-packages/my_robot_interface/msg/_turtle_array_s.c
-- Installing: /home/john/Documents/ros2_ws/install/my_robot_interface/local/lib/python3.10/dist-packages/my_robot_interface/msg/_led_status.py
-- Installing: /home/john/Documents/ros2_ws/install/my_robot_interface/local/lib/python3.10/dist-packages/my_robot_interface/msg/_led_status_s.c
-- Installing: /home/john/Documents/ros2_ws/install/my_robot_interface/local/lib/python3.10/dist-packages/my_robot_interface/msg/_hardware_status.py
-- Installing: /home/john/Documents/ros2_ws/install/my_robot_interface/local/lib/python3.10/dist-packages/my_robot_interface/msg/__init__.py
-- Installing: /home/john/Documents/ros2_ws/install/my_robot_interface/local/lib/python3.10/dist-packages/my_robot_interface/__init__.py
Listing '/home/john/Documents/ros2_ws/install/my_robot_interface/local/lib/python3.10/dist-packages/my_robot_interface'...
Compiling '/home/john/Documents/ros2_ws/install/my_robot_interface/local/lib/python3.10/dist-packages/my_robot_interface/__init__.py'...
Listing '/home/john/Documents/ros2_ws/install/my_robot_interface/local/lib/python3.10/dist-packages/my_robot_interface/msg'...
Compiling '/home/john/Documents/ros2_ws/install/my_robot_interface/local/lib/python3.10/dist-packages/my_robot_interface/msg/__init__.py'...
Compiling '/home/john/Documents/ros2_ws/install/my_robot_interface/local/lib/python3.10/dist-packages/my_robot_interface/msg/_hardware_status.py'...
Compiling '/home/john/Documents/ros2_ws/install/my_robot_interface/local/lib/python3.10/dist-packages/my_robot_interface/msg/_led_status.py'...
Compiling '/home/john/Documents/ros2_ws/install/my_robot_interface/local/lib/python3.10/dist-packages/my_robot_interface/msg/_turtle_array.py'...
Listing '/home/john/Documents/ros2_ws/install/my_robot_interface/local/lib/python3.10/dist-packages/my_robot_interface/srv'...
Compiling '/home/john/Documents/ros2_ws/install/my_robot_interface/local/lib/python3.10/dist-packages/my_robot_interface/srv/__init__.py'...
Compiling '/home/john/Documents/ros2_ws/install/my_robot_interface/local/lib/python3.10/dist-packages/my_robot_interface/srv/_compute_rectangle_area.py'...
Compiling '/home/john/Documents/ros2_ws/install/my_robot_interface/local/lib/python3.10/dist-packages/my_robot_interface/srv/_led_control.py'...
-- Installing: /home/john/Documents/ros2_ws/install/my_robot_interface/local/lib/python3.10/dist-packages/my_robot_interface/my_robot_interface_s__rosidl_typesupport_fastrtps_c.cpython-310-x86_64-linux-gnu.so
-- Set runtime path of "/home/john/Documents/ros2_ws/install/my_robot_interface/local/lib/python3.10/dist-packages/my_robot_interface/my_robot_interface_s__rosidl_typesupport_fastrtps_c.cpython-310-x86_64-linux-gnu.so" to ""
-- Installing: /home/john/Documents/ros2_ws/install/my_robot_interface/local/lib/python3.10/dist-packages/my_robot_interface/my_robot_interface_s__rosidl_typesupport_introspection_c.cpython-310-x86_64-linux-gnu.so
-- Set runtime path of "/home/john/Documents/ros2_ws/install/my_robot_interface/local/lib/python3.10/dist-packages/my_robot_interface/my_robot_interface_s__rosidl_typesupport_introspection_c.cpython-310-x86_64-linux-gnu.so" to ""
-- Installing: /home/john/Documents/ros2_ws/install/my_robot_interface/local/lib/python3.10/dist-packages/my_robot_interface/my_robot_interface_s__rosidl_typesupport_c.cpython-310-x86_64-linux-gnu.so
-- Set runtime path of "/home/john/Documents/ros2_ws/install/my_robot_interface/local/lib/python3.10/dist-packages/my_robot_interface/my_robot_interface_s__rosidl_typesupport_c.cpython-310-x86_64-linux-gnu.so" to ""
-- Installing: /home/john/Documents/ros2_ws/install/my_robot_interface/lib/libmy_robot_interface__rosidl_generator_py.so
-- Set runtime path of "/home/john/Documents/ros2_ws/install/my_robot_interface/lib/libmy_robot_interface__rosidl_generator_py.so" to ""
-- Up-to-date: /home/john/Documents/ros2_ws/install/my_robot_interface/share/my_robot_interface/msg/HardwareStatus.idl
-- Up-to-date: /home/john/Documents/ros2_ws/install/my_robot_interface/share/my_robot_interface/msg/LedStatus.idl
-- Installing: /home/john/Documents/ros2_ws/install/my_robot_interface/share/my_robot_interface/msg/TurtleArray.idl
-- Up-to-date: /home/john/Documents/ros2_ws/install/my_robot_interface/share/my_robot_interface/srv/ComputeRectangleArea.idl
-- Up-to-date: /home/john/Documents/ros2_ws/install/my_robot_interface/share/my_robot_interface/srv/LedControl.idl
-- Up-to-date: /home/john/Documents/ros2_ws/install/my_robot_interface/share/my_robot_interface/msg/HardwareStatus.msg
-- Up-to-date: /home/john/Documents/ros2_ws/install/my_robot_interface/share/my_robot_interface/msg/LedStatus.msg
-- Installing: /home/john/Documents/ros2_ws/install/my_robot_interface/share/my_robot_interface/msg/TurtleArray.msg
-- Up-to-date: /home/john/Documents/ros2_ws/install/my_robot_interface/share/my_robot_interface/srv/ComputeRectangleArea.srv
-- Up-to-date: /home/john/Documents/ros2_ws/install/my_robot_interface/share/my_robot_interface/srv/ComputeRectangleArea_Request.msg
-- Up-to-date: /home/john/Documents/ros2_ws/install/my_robot_interface/share/my_robot_interface/srv/ComputeRectangleArea_Response.msg
-- Up-to-date: /home/john/Documents/ros2_ws/install/my_robot_interface/share/my_robot_interface/srv/LedControl.srv
-- Up-to-date: /home/john/Documents/ros2_ws/install/my_robot_interface/share/my_robot_interface/srv/LedControl_Request.msg
-- Up-to-date: /home/john/Documents/ros2_ws/install/my_robot_interface/share/my_robot_interface/srv/LedControl_Response.msg
-- Up-to-date: /home/john/Documents/ros2_ws/install/my_robot_interface/share/ament_index/resource_index/package_run_dependencies/my_robot_interface
-- Installing: /home/john/Documents/ros2_ws/install/my_robot_interface/share/ament_index/resource_index/parent_prefix_path/my_robot_interface
-- Up-to-date: /home/john/Documents/ros2_ws/install/my_robot_interface/share/my_robot_interface/environment/ament_prefix_path.sh
-- Installing: /home/john/Documents/ros2_ws/install/my_robot_interface/share/my_robot_interface/environment/ament_prefix_path.dsv
-- Up-to-date: /home/john/Documents/ros2_ws/install/my_robot_interface/share/my_robot_interface/environment/path.sh
-- Installing: /home/john/Documents/ros2_ws/install/my_robot_interface/share/my_robot_interface/environment/path.dsv
-- Up-to-date: /home/john/Documents/ros2_ws/install/my_robot_interface/share/my_robot_interface/local_setup.bash
-- Up-to-date: /home/john/Documents/ros2_ws/install/my_robot_interface/share/my_robot_interface/local_setup.sh
-- Up-to-date: /home/john/Documents/ros2_ws/install/my_robot_interface/share/my_robot_interface/local_setup.zsh
-- Installing: /home/john/Documents/ros2_ws/install/my_robot_interface/share/my_robot_interface/local_setup.dsv
-- Installing: /home/john/Documents/ros2_ws/install/my_robot_interface/share/my_robot_interface/package.dsv
-- Up-to-date: /home/john/Documents/ros2_ws/install/my_robot_interface/share/ament_index/resource_index/packages/my_robot_interface
-- Up-to-date: /home/john/Documents/ros2_ws/install/my_robot_interface/share/my_robot_interface/cmake/export_my_robot_interface__rosidl_generator_cExport.cmake
-- Up-to-date: /home/john/Documents/ros2_ws/install/my_robot_interface/share/my_robot_interface/cmake/export_my_robot_interface__rosidl_generator_cExport-noconfig.cmake
-- Up-to-date: /home/john/Documents/ros2_ws/install/my_robot_interface/share/my_robot_interface/cmake/export_my_robot_interface__rosidl_typesupport_fastrtps_cExport.cmake
-- Up-to-date: /home/john/Documents/ros2_ws/install/my_robot_interface/share/my_robot_interface/cmake/export_my_robot_interface__rosidl_typesupport_fastrtps_cExport-noconfig.cmake
-- Up-to-date: /home/john/Documents/ros2_ws/install/my_robot_interface/share/my_robot_interface/cmake/my_robot_interface__rosidl_typesupport_introspection_cExport.cmake
-- Up-to-date: /home/john/Documents/ros2_ws/install/my_robot_interface/share/my_robot_interface/cmake/my_robot_interface__rosidl_typesupport_introspection_cExport-noconfig.cmake
-- Up-to-date: /home/john/Documents/ros2_ws/install/my_robot_interface/share/my_robot_interface/cmake/my_robot_interface__rosidl_typesupport_cExport.cmake
-- Up-to-date: /home/john/Documents/ros2_ws/install/my_robot_interface/share/my_robot_interface/cmake/my_robot_interface__rosidl_typesupport_cExport-noconfig.cmake
-- Up-to-date: /home/john/Documents/ros2_ws/install/my_robot_interface/share/my_robot_interface/cmake/export_my_robot_interface__rosidl_generator_cppExport.cmake
-- Up-to-date: /home/john/Documents/ros2_ws/install/my_robot_interface/share/my_robot_interface/cmake/export_my_robot_interface__rosidl_typesupport_fastrtps_cppExport.cmake
-- Up-to-date: /home/john/Documents/ros2_ws/install/my_robot_interface/share/my_robot_interface/cmake/export_my_robot_interface__rosidl_typesupport_fastrtps_cppExport-noconfig.cmake
-- Up-to-date: /home/john/Documents/ros2_ws/install/my_robot_interface/share/my_robot_interface/cmake/my_robot_interface__rosidl_typesupport_introspection_cppExport.cmake
-- Up-to-date: /home/john/Documents/ros2_ws/install/my_robot_interface/share/my_robot_interface/cmake/my_robot_interface__rosidl_typesupport_introspection_cppExport-noconfig.cmake
-- Up-to-date: /home/john/Documents/ros2_ws/install/my_robot_interface/share/my_robot_interface/cmake/my_robot_interface__rosidl_typesupport_cppExport.cmake
-- Up-to-date: /home/john/Documents/ros2_ws/install/my_robot_interface/share/my_robot_interface/cmake/my_robot_interface__rosidl_typesupport_cppExport-noconfig.cmake
-- Up-to-date: /home/john/Documents/ros2_ws/install/my_robot_interface/share/my_robot_interface/cmake/export_my_robot_interface__rosidl_generator_pyExport.cmake
-- Up-to-date: /home/john/Documents/ros2_ws/install/my_robot_interface/share/my_robot_interface/cmake/export_my_robot_interface__rosidl_generator_pyExport-noconfig.cmake
-- Installing: /home/john/Documents/ros2_ws/install/my_robot_interface/share/my_robot_interface/cmake/rosidl_cmake-extras.cmake
-- Up-to-date: /home/john/Documents/ros2_ws/install/my_robot_interface/share/my_robot_interface/cmake/ament_cmake_export_include_directories-extras.cmake
-- Up-to-date: /home/john/Documents/ros2_ws/install/my_robot_interface/share/my_robot_interface/cmake/ament_cmake_export_libraries-extras.cmake
-- Up-to-date: /home/john/Documents/ros2_ws/install/my_robot_interface/share/my_robot_interface/cmake/ament_cmake_export_targets-extras.cmake
-- Up-to-date: /home/john/Documents/ros2_ws/install/my_robot_interface/share/my_robot_interface/cmake/rosidl_cmake_export_typesupport_targets-extras.cmake
-- Up-to-date: /home/john/Documents/ros2_ws/install/my_robot_interface/share/my_robot_interface/cmake/ament_cmake_export_dependencies-extras.cmake
-- Up-to-date: /home/john/Documents/ros2_ws/install/my_robot_interface/share/my_robot_interface/cmake/rosidl_cmake_export_typesupport_libraries-extras.cmake
-- Up-to-date: /home/john/Documents/ros2_ws/install/my_robot_interface/share/my_robot_interface/cmake/my_robot_interfaceConfig.cmake
-- Up-to-date: /home/john/Documents/ros2_ws/install/my_robot_interface/share/my_robot_interface/cmake/my_robot_interfaceConfig-version.cmake
-- Up-to-date: /home/john/Documents/ros2_ws/install/my_robot_interface/share/my_robot_interface/package.xml
