[0.094s] Invoking command in '/home/john/Documents/ros2_ws/build/my_robot_interface': CMAKE_PREFIX_PATH=${CMAKE_PREFIX_PATH}:/home/john/Documents/ros2_ws/install/my_py_pkg:/opt/ros/humble /usr/bin/cmake --build /home/john/Documents/ros2_ws/build/my_robot_interface -- -j16 -l16
[1.011s] -- Found ament_cmake: 1.3.5 (/opt/ros/humble/share/ament_cmake/cmake)
[2.114s] -- Found rosidl_default_generators: 1.2.0 (/opt/ros/humble/share/rosidl_default_generators/cmake)
[2.311s] -- Using all available rosidl_typesupport_c: rosidl_typesupport_fastrtps_c;rosidl_typesupport_introspection_c
[2.458s] -- Found rosidl_adapter: 3.1.5 (/opt/ros/humble/share/rosidl_adapter/cmake)
[2.638s] -- Using all available rosidl_typesupport_cpp: rosidl_typesupport_fastrtps_cpp;rosidl_typesupport_introspection_cpp
[3.374s] -- Found ament_cmake_ros: 0.10.0 (/opt/ros/humble/share/ament_cmake_ros/cmake)
[3.976s] -- Using all available rosidl_typesupport_c: rosidl_typesupport_fastrtps_c;rosidl_typesupport_introspection_c
[4.346s] -- Using all available rosidl_typesupport_cpp: rosidl_typesupport_fastrtps_cpp;rosidl_typesupport_introspection_cpp
[4.429s] -- Found python_cmake_module: 0.10.0 (/opt/ros/humble/share/python_cmake_module/cmake)
[4.600s] -- Using PYTHON_EXECUTABLE: /usr/bin/python3
[4.600s] -- Using PYTHON_INCLUDE_DIRS: /usr/include/python3.10
[4.600s] -- Using PYTHON_LIBRARIES: /usr/lib/x86_64-linux-gnu/libpython3.10.so
[5.483s] -- Configuring done
[6.276s] -- Generating done
[6.277s] -- Build files have been written to: /home/john/Documents/ros2_ws/build/my_robot_interface
[6.292s] [  1%] [34m[1mGenerating C code for ROS interfaces[0m
[6.298s] [  3%] [34m[1mGenerating C++ code for ROS interfaces[0m
[6.307s] [  3%] Built target ament_cmake_python_copy_my_robot_interface
[6.456s] running egg_info
[6.456s] writing my_robot_interface.egg-info/PKG-INFO
[6.456s] writing dependency_links to my_robot_interface.egg-info/dependency_links.txt
[6.456s] writing top-level names to my_robot_interface.egg-info/top_level.txt
[6.458s] reading manifest file 'my_robot_interface.egg-info/SOURCES.txt'
[6.506s] writing manifest file 'my_robot_interface.egg-info/SOURCES.txt'
[6.525s] [  3%] Built target ament_cmake_python_build_my_robot_interface_egg
[7.068s] [  3%] Built target my_robot_interface__cpp
[7.074s] [  6%] [34m[1mGenerating C++ type support for eProsima Fast-RTPS[0m
[7.074s] [  6%] [34m[1mGenerating C++ introspection for ROS interfaces[0m
[7.076s] [  7%] [34m[1mGenerating C++ type support dispatch for ROS interfaces[0m
[7.272s] [35m[1mConsolidate compiler generated dependencies of target my_robot_interface__rosidl_generator_c[0m
[7.281s] [ 11%] [32mBuilding C object CMakeFiles/my_robot_interface__rosidl_generator_c.dir/rosidl_generator_c/my_robot_interface/msg/detail/hardware_status__functions.c.o[0m
[7.281s] [ 11%] [32mBuilding C object CMakeFiles/my_robot_interface__rosidl_generator_c.dir/rosidl_generator_c/my_robot_interface/msg/detail/led_status__functions.c.o[0m
[7.283s] [ 15%] [32mBuilding C object CMakeFiles/my_robot_interface__rosidl_generator_c.dir/rosidl_generator_c/my_robot_interface/srv/detail/compute_rectangle_area__functions.c.o[0m
[7.283s] [ 15%] [32mBuilding C object CMakeFiles/my_robot_interface__rosidl_generator_c.dir/rosidl_generator_c/my_robot_interface/msg/detail/turtle_array__functions.c.o[0m
[7.283s] [ 15%] [32mBuilding C object CMakeFiles/my_robot_interface__rosidl_generator_c.dir/rosidl_generator_c/my_robot_interface/srv/detail/led_control__functions.c.o[0m
[7.683s] [35m[1mConsolidate compiler generated dependencies of target my_robot_interface__rosidl_typesupport_cpp[0m
[7.683s] [35m[1mConsolidate compiler generated dependencies of target my_robot_interface__rosidl_typesupport_introspection_cpp[0m
[7.694s] [ 17%] [32mBuilding CXX object CMakeFiles/my_robot_interface__rosidl_typesupport_introspection_cpp.dir/rosidl_typesupport_introspection_cpp/my_robot_interface/msg/detail/hardware_status__type_support.cpp.o[0m
[7.695s] [ 19%] [32mBuilding CXX object CMakeFiles/my_robot_interface__rosidl_typesupport_cpp.dir/rosidl_typesupport_cpp/my_robot_interface/srv/led_control__type_support.cpp.o[0m
[7.695s] [ 20%] [32mBuilding CXX object CMakeFiles/my_robot_interface__rosidl_typesupport_cpp.dir/rosidl_typesupport_cpp/my_robot_interface/msg/hardware_status__type_support.cpp.o[0m
[7.695s] [ 22%] [32mBuilding CXX object CMakeFiles/my_robot_interface__rosidl_typesupport_cpp.dir/rosidl_typesupport_cpp/my_robot_interface/msg/led_status__type_support.cpp.o[0m
[7.695s] [ 23%] [32mBuilding CXX object CMakeFiles/my_robot_interface__rosidl_typesupport_cpp.dir/rosidl_typesupport_cpp/my_robot_interface/msg/turtle_array__type_support.cpp.o[0m
[7.696s] [ 28%] [32mBuilding CXX object CMakeFiles/my_robot_interface__rosidl_typesupport_introspection_cpp.dir/rosidl_typesupport_introspection_cpp/my_robot_interface/msg/detail/turtle_array__type_support.cpp.o[0m
[7.696s] [ 28%] [32mBuilding CXX object CMakeFiles/my_robot_interface__rosidl_typesupport_introspection_cpp.dir/rosidl_typesupport_introspection_cpp/my_robot_interface/srv/detail/compute_rectangle_area__type_support.cpp.o[0m
[7.696s] [ 28%] [32mBuilding CXX object CMakeFiles/my_robot_interface__rosidl_typesupport_introspection_cpp.dir/rosidl_typesupport_introspection_cpp/my_robot_interface/msg/detail/led_status__type_support.cpp.o[0m
[7.696s] [ 30%] [32mBuilding CXX object CMakeFiles/my_robot_interface__rosidl_typesupport_introspection_cpp.dir/rosidl_typesupport_introspection_cpp/my_robot_interface/srv/detail/led_control__type_support.cpp.o[0m
[7.696s] [ 31%] [32mBuilding CXX object CMakeFiles/my_robot_interface__rosidl_typesupport_cpp.dir/rosidl_typesupport_cpp/my_robot_interface/srv/compute_rectangle_area__type_support.cpp.o[0m
[7.950s] [35m[1mConsolidate compiler generated dependencies of target my_robot_interface__rosidl_typesupport_fastrtps_cpp[0m
[7.963s] [ 33%] [32mBuilding CXX object CMakeFiles/my_robot_interface__rosidl_typesupport_fastrtps_cpp.dir/rosidl_typesupport_fastrtps_cpp/my_robot_interface/msg/detail/dds_fastrtps/hardware_status__type_support.cpp.o[0m
[10.920s] [ 38%] [32mBuilding CXX object CMakeFiles/my_robot_interface__rosidl_typesupport_fastrtps_cpp.dir/rosidl_typesupport_fastrtps_cpp/my_robot_interface/msg/detail/dds_fastrtps/turtle_array__type_support.cpp.o[0m
[10.921s] [ 38%] [32mBuilding CXX object CMakeFiles/my_robot_interface__rosidl_typesupport_fastrtps_cpp.dir/rosidl_typesupport_fastrtps_cpp/my_robot_interface/msg/detail/dds_fastrtps/led_status__type_support.cpp.o[0m
[10.921s] [ 38%] [32mBuilding CXX object CMakeFiles/my_robot_interface__rosidl_typesupport_fastrtps_cpp.dir/rosidl_typesupport_fastrtps_cpp/my_robot_interface/srv/detail/dds_fastrtps/compute_rectangle_area__type_support.cpp.o[0m
[10.921s] [ 39%] [32m[1mLinking C shared library libmy_robot_interface__rosidl_generator_c.so[0m
[10.921s] [ 41%] [32mBuilding CXX object CMakeFiles/my_robot_interface__rosidl_typesupport_fastrtps_cpp.dir/rosidl_typesupport_fastrtps_cpp/my_robot_interface/srv/detail/dds_fastrtps/led_control__type_support.cpp.o[0m
[12.695s] [ 41%] Built target my_robot_interface__rosidl_generator_c
[12.701s] [ 42%] [34m[1mGenerating C type support for eProsima Fast-RTPS[0m
[13.423s] [ 46%] [34m[1mGenerating C introspection for ROS interfaces[0m
[13.423s] [ 46%] [34m[1mGenerating C type support dispatch for ROS interfaces[0m
[13.434s] [ 47%] [32m[1mLinking CXX shared library libmy_robot_interface__rosidl_typesupport_cpp.so[0m
[13.453s] [35m[1mConsolidate compiler generated dependencies of target my_robot_interface__rosidl_typesupport_fastrtps_c[0m
[13.464s] [ 49%] [32mBuilding CXX object CMakeFiles/my_robot_interface__rosidl_typesupport_fastrtps_c.dir/rosidl_typesupport_fastrtps_c/my_robot_interface/msg/detail/hardware_status__type_support_c.cpp.o[0m
[13.466s] [ 52%] [32mBuilding CXX object CMakeFiles/my_robot_interface__rosidl_typesupport_fastrtps_c.dir/rosidl_typesupport_fastrtps_c/my_robot_interface/msg/detail/led_status__type_support_c.cpp.o[0m
[13.466s] [ 52%] [32mBuilding CXX object CMakeFiles/my_robot_interface__rosidl_typesupport_fastrtps_c.dir/rosidl_typesupport_fastrtps_c/my_robot_interface/msg/detail/turtle_array__type_support_c.cpp.o[0m
[13.467s] [ 53%] [32mBuilding CXX object CMakeFiles/my_robot_interface__rosidl_typesupport_fastrtps_c.dir/rosidl_typesupport_fastrtps_c/my_robot_interface/srv/detail/compute_rectangle_area__type_support_c.cpp.o[0m
[13.627s] [ 55%] [32mBuilding CXX object CMakeFiles/my_robot_interface__rosidl_typesupport_fastrtps_c.dir/rosidl_typesupport_fastrtps_c/my_robot_interface/srv/detail/led_control__type_support_c.cpp.o[0m
[13.631s] [ 57%] [32m[1mLinking CXX shared library libmy_robot_interface__rosidl_typesupport_introspection_cpp.so[0m
[13.841s] [ 58%] [32m[1mLinking CXX shared library libmy_robot_interface__rosidl_typesupport_fastrtps_cpp.so[0m
[13.972s] [ 58%] Built target my_robot_interface__rosidl_typesupport_cpp
[13.997s] [ 58%] Built target my_robot_interface__rosidl_typesupport_introspection_cpp
[13.998s] [ 58%] Built target my_robot_interface__rosidl_typesupport_fastrtps_cpp
[14.293s] [35m[1mConsolidate compiler generated dependencies of target my_robot_interface__rosidl_typesupport_c[0m
[14.301s] [ 61%] [32mBuilding CXX object CMakeFiles/my_robot_interface__rosidl_typesupport_c.dir/rosidl_typesupport_c/my_robot_interface/msg/hardware_status__type_support.cpp.o[0m
[14.301s] [ 63%] [32mBuilding CXX object CMakeFiles/my_robot_interface__rosidl_typesupport_c.dir/rosidl_typesupport_c/my_robot_interface/msg/led_status__type_support.cpp.o[0m
[14.301s] [ 63%] [32mBuilding CXX object CMakeFiles/my_robot_interface__rosidl_typesupport_c.dir/rosidl_typesupport_c/my_robot_interface/msg/turtle_array__type_support.cpp.o[0m
[14.302s] [ 66%] [32mBuilding CXX object CMakeFiles/my_robot_interface__rosidl_typesupport_c.dir/rosidl_typesupport_c/my_robot_interface/srv/led_control__type_support.cpp.o[0m
[14.302s] [ 66%] [32mBuilding CXX object CMakeFiles/my_robot_interface__rosidl_typesupport_c.dir/rosidl_typesupport_c/my_robot_interface/srv/compute_rectangle_area__type_support.cpp.o[0m
[14.344s] [ 68%] [32m[1mLinking CXX shared library libmy_robot_interface__rosidl_typesupport_fastrtps_c.so[0m
[14.352s] [35m[1mConsolidate compiler generated dependencies of target my_robot_interface__rosidl_typesupport_introspection_c[0m
[14.361s] [ 69%] [32mBuilding C object CMakeFiles/my_robot_interface__rosidl_typesupport_introspection_c.dir/rosidl_typesupport_introspection_c/my_robot_interface/msg/detail/hardware_status__type_support.c.o[0m
[14.362s] [ 74%] [32mBuilding C object CMakeFiles/my_robot_interface__rosidl_typesupport_introspection_c.dir/rosidl_typesupport_introspection_c/my_robot_interface/msg/detail/turtle_array__type_support.c.o[0m
[14.363s] [ 74%] [32mBuilding C object CMakeFiles/my_robot_interface__rosidl_typesupport_introspection_c.dir/rosidl_typesupport_introspection_c/my_robot_interface/msg/detail/led_status__type_support.c.o[0m
[14.363s] [ 74%] [32mBuilding C object CMakeFiles/my_robot_interface__rosidl_typesupport_introspection_c.dir/rosidl_typesupport_introspection_c/my_robot_interface/srv/detail/compute_rectangle_area__type_support.c.o[0m
[14.363s] [ 76%] [32mBuilding C object CMakeFiles/my_robot_interface__rosidl_typesupport_introspection_c.dir/rosidl_typesupport_introspection_c/my_robot_interface/srv/detail/led_control__type_support.c.o[0m
[14.370s] [ 77%] [32m[1mLinking CXX shared library libmy_robot_interface__rosidl_typesupport_c.so[0m
[14.398s] [ 77%] Built target my_robot_interface__rosidl_typesupport_c
[14.399s] [ 77%] Built target my_robot_interface__rosidl_typesupport_fastrtps_c
[14.771s] [ 79%] [32m[1mLinking C shared library libmy_robot_interface__rosidl_typesupport_introspection_c.so[0m
[14.789s] [ 79%] Built target my_robot_interface__rosidl_typesupport_introspection_c
[14.802s] [ 79%] Built target my_robot_interface
[14.813s] [ 80%] [34m[1mGenerating Python code for ROS interfaces[0m
[15.398s] [ 80%] Built target my_robot_interface__py
[15.565s] [35m[1mConsolidate compiler generated dependencies of target my_robot_interface__rosidl_generator_py[0m
[15.576s] [ 85%] [32mBuilding C object CMakeFiles/my_robot_interface__rosidl_generator_py.dir/rosidl_generator_py/my_robot_interface/msg/_hardware_status_s.c.o[0m
[15.576s] [ 85%] [32mBuilding C object CMakeFiles/my_robot_interface__rosidl_generator_py.dir/rosidl_generator_py/my_robot_interface/msg/_turtle_array_s.c.o[0m
[15.576s] [ 85%] [32mBuilding C object CMakeFiles/my_robot_interface__rosidl_generator_py.dir/rosidl_generator_py/my_robot_interface/msg/_led_status_s.c.o[0m
[15.578s] [ 87%] [32mBuilding C object CMakeFiles/my_robot_interface__rosidl_generator_py.dir/rosidl_generator_py/my_robot_interface/srv/_compute_rectangle_area_s.c.o[0m
[15.578s] [ 88%] [32mBuilding C object CMakeFiles/my_robot_interface__rosidl_generator_py.dir/rosidl_generator_py/my_robot_interface/srv/_led_control_s.c.o[0m
[16.591s] [ 90%] [32m[1mLinking C shared library rosidl_generator_py/my_robot_interface/libmy_robot_interface__rosidl_generator_py.so[0m
[16.616s] [ 90%] Built target my_robot_interface__rosidl_generator_py
[16.721s] [35m[1mConsolidate compiler generated dependencies of target my_robot_interface__rosidl_typesupport_c__pyext[0m
[16.730s] [ 92%] [32mBuilding C object CMakeFiles/my_robot_interface__rosidl_typesupport_c__pyext.dir/rosidl_generator_py/my_robot_interface/_my_robot_interface_s.ep.rosidl_typesupport_c.c.o[0m
[16.732s] [35m[1mConsolidate compiler generated dependencies of target my_robot_interface__rosidl_typesupport_fastrtps_c__pyext[0m
[16.732s] [35m[1mConsolidate compiler generated dependencies of target my_robot_interface__rosidl_typesupport_introspection_c__pyext[0m
[16.742s] [ 95%] [32mBuilding C object CMakeFiles/my_robot_interface__rosidl_typesupport_introspection_c__pyext.dir/rosidl_generator_py/my_robot_interface/_my_robot_interface_s.ep.rosidl_typesupport_introspection_c.c.o[0m
[16.742s] [ 95%] [32mBuilding C object CMakeFiles/my_robot_interface__rosidl_typesupport_fastrtps_c__pyext.dir/rosidl_generator_py/my_robot_interface/_my_robot_interface_s.ep.rosidl_typesupport_fastrtps_c.c.o[0m
[16.845s] [ 96%] [32m[1mLinking C shared library rosidl_generator_py/my_robot_interface/my_robot_interface_s__rosidl_typesupport_fastrtps_c.cpython-310-x86_64-linux-gnu.so[0m
[16.847s] [ 98%] [32m[1mLinking C shared library rosidl_generator_py/my_robot_interface/my_robot_interface_s__rosidl_typesupport_c.cpython-310-x86_64-linux-gnu.so[0m
[16.867s] [ 98%] Built target my_robot_interface__rosidl_typesupport_fastrtps_c__pyext
[16.867s] [ 98%] Built target my_robot_interface__rosidl_typesupport_c__pyext
[16.898s] [100%] [32m[1mLinking C shared library rosidl_generator_py/my_robot_interface/my_robot_interface_s__rosidl_typesupport_introspection_c.cpython-310-x86_64-linux-gnu.so[0m
[16.917s] [100%] Built target my_robot_interface__rosidl_typesupport_introspection_c__pyext
[16.956s] Invoked command in '/home/john/Documents/ros2_ws/build/my_robot_interface' returned '0': CMAKE_PREFIX_PATH=${CMAKE_PREFIX_PATH}:/home/john/Documents/ros2_ws/install/my_py_pkg:/opt/ros/humble /usr/bin/cmake --build /home/john/Documents/ros2_ws/build/my_robot_interface -- -j16 -l16
[17.031s] Invoking command in '/home/john/Documents/ros2_ws/build/my_robot_interface': CMAKE_PREFIX_PATH=${CMAKE_PREFIX_PATH}:/home/john/Documents/ros2_ws/install/my_py_pkg:/opt/ros/humble /usr/bin/cmake --install /home/john/Documents/ros2_ws/build/my_robot_interface
[17.035s] -- Install configuration: ""
[17.035s] -- Installing: /home/john/Documents/ros2_ws/install/my_robot_interface/share/ament_index/resource_index/rosidl_interfaces/my_robot_interface
[17.035s] -- Up-to-date: /home/john/Documents/ros2_ws/install/my_robot_interface/include/my_robot_interface/my_robot_interface
[17.036s] -- Up-to-date: /home/john/Documents/ros2_ws/install/my_robot_interface/include/my_robot_interface/my_robot_interface/srv
[17.036s] -- Up-to-date: /home/john/Documents/ros2_ws/install/my_robot_interface/include/my_robot_interface/my_robot_interface/srv/detail
[17.036s] -- Installing: /home/john/Documents/ros2_ws/install/my_robot_interface/include/my_robot_interface/my_robot_interface/srv/detail/led_control__type_support.h
[17.036s] -- Installing: /home/john/Documents/ros2_ws/install/my_robot_interface/include/my_robot_interface/my_robot_interface/srv/detail/compute_rectangle_area__struct.h
[17.036s] -- Installing: /home/john/Documents/ros2_ws/install/my_robot_interface/include/my_robot_interface/my_robot_interface/srv/detail/compute_rectangle_area__functions.c
[17.036s] -- Installing: /home/john/Documents/ros2_ws/install/my_robot_interface/include/my_robot_interface/my_robot_interface/srv/detail/compute_rectangle_area__functions.h
[17.036s] -- Installing: /home/john/Documents/ros2_ws/install/my_robot_interface/include/my_robot_interface/my_robot_interface/srv/detail/led_control__struct.h
[17.036s] -- Installing: /home/john/Documents/ros2_ws/install/my_robot_interface/include/my_robot_interface/my_robot_interface/srv/detail/compute_rectangle_area__type_support.h
[17.036s] -- Installing: /home/john/Documents/ros2_ws/install/my_robot_interface/include/my_robot_interface/my_robot_interface/srv/detail/led_control__functions.c
[17.037s] -- Installing: /home/john/Documents/ros2_ws/install/my_robot_interface/include/my_robot_interface/my_robot_interface/srv/detail/led_control__functions.h
[17.037s] -- Installing: /home/john/Documents/ros2_ws/install/my_robot_interface/include/my_robot_interface/my_robot_interface/srv/led_control.h
[17.037s] -- Installing: /home/john/Documents/ros2_ws/install/my_robot_interface/include/my_robot_interface/my_robot_interface/srv/compute_rectangle_area.h
[17.037s] -- Up-to-date: /home/john/Documents/ros2_ws/install/my_robot_interface/include/my_robot_interface/my_robot_interface/msg
[17.037s] -- Installing: /home/john/Documents/ros2_ws/install/my_robot_interface/include/my_robot_interface/my_robot_interface/msg/led_status.h
[17.037s] -- Up-to-date: /home/john/Documents/ros2_ws/install/my_robot_interface/include/my_robot_interface/my_robot_interface/msg/detail
[17.037s] -- Installing: /home/john/Documents/ros2_ws/install/my_robot_interface/include/my_robot_interface/my_robot_interface/msg/detail/turtle_array__functions.h
[17.037s] -- Installing: /home/john/Documents/ros2_ws/install/my_robot_interface/include/my_robot_interface/my_robot_interface/msg/detail/turtle_array__type_support.h
[17.037s] -- Installing: /home/john/Documents/ros2_ws/install/my_robot_interface/include/my_robot_interface/my_robot_interface/msg/detail/hardware_status__struct.h
[17.038s] -- Installing: /home/john/Documents/ros2_ws/install/my_robot_interface/include/my_robot_interface/my_robot_interface/msg/detail/hardware_status__functions.h
[17.038s] -- Installing: /home/john/Documents/ros2_ws/install/my_robot_interface/include/my_robot_interface/my_robot_interface/msg/detail/led_status__type_support.h
[17.038s] -- Installing: /home/john/Documents/ros2_ws/install/my_robot_interface/include/my_robot_interface/my_robot_interface/msg/detail/hardware_status__type_support.h
[17.038s] -- Installing: /home/john/Documents/ros2_ws/install/my_robot_interface/include/my_robot_interface/my_robot_interface/msg/detail/led_status__functions.c
[17.038s] -- Installing: /home/john/Documents/ros2_ws/install/my_robot_interface/include/my_robot_interface/my_robot_interface/msg/detail/led_status__functions.h
[17.038s] -- Installing: /home/john/Documents/ros2_ws/install/my_robot_interface/include/my_robot_interface/my_robot_interface/msg/detail/hardware_status__functions.c
[17.038s] -- Installing: /home/john/Documents/ros2_ws/install/my_robot_interface/include/my_robot_interface/my_robot_interface/msg/detail/turtle_array__struct.h
[17.038s] -- Installing: /home/john/Documents/ros2_ws/install/my_robot_interface/include/my_robot_interface/my_robot_interface/msg/detail/led_status__struct.h
[17.038s] -- Installing: /home/john/Documents/ros2_ws/install/my_robot_interface/include/my_robot_interface/my_robot_interface/msg/detail/turtle_array__functions.c
[17.038s] -- Installing: /home/john/Documents/ros2_ws/install/my_robot_interface/include/my_robot_interface/my_robot_interface/msg/turtle_array.h
[17.038s] -- Installing: /home/john/Documents/ros2_ws/install/my_robot_interface/include/my_robot_interface/my_robot_interface/msg/hardware_status.h
[17.038s] -- Up-to-date: /home/john/Documents/ros2_ws/install/my_robot_interface/include/my_robot_interface/my_robot_interface/msg/rosidl_generator_c__visibility_control.h
[17.038s] -- Up-to-date: /home/john/Documents/ros2_ws/install/my_robot_interface/share/my_robot_interface/environment/library_path.sh
[17.038s] -- Installing: /home/john/Documents/ros2_ws/install/my_robot_interface/share/my_robot_interface/environment/library_path.dsv
[17.095s] -- Installing: /home/john/Documents/ros2_ws/install/my_robot_interface/lib/libmy_robot_interface__rosidl_generator_c.so
[17.096s] -- Set runtime path of "/home/john/Documents/ros2_ws/install/my_robot_interface/lib/libmy_robot_interface__rosidl_generator_c.so" to ""
[17.096s] -- Up-to-date: /home/john/Documents/ros2_ws/install/my_robot_interface/include/my_robot_interface/my_robot_interface
[17.096s] -- Up-to-date: /home/john/Documents/ros2_ws/install/my_robot_interface/include/my_robot_interface/my_robot_interface/srv
[17.096s] -- Up-to-date: /home/john/Documents/ros2_ws/install/my_robot_interface/include/my_robot_interface/my_robot_interface/srv/detail
[17.096s] -- Installing: /home/john/Documents/ros2_ws/install/my_robot_interface/include/my_robot_interface/my_robot_interface/srv/detail/compute_rectangle_area__rosidl_typesupport_fastrtps_c.h
[17.096s] -- Installing: /home/john/Documents/ros2_ws/install/my_robot_interface/include/my_robot_interface/my_robot_interface/srv/detail/led_control__rosidl_typesupport_fastrtps_c.h
[17.096s] -- Up-to-date: /home/john/Documents/ros2_ws/install/my_robot_interface/include/my_robot_interface/my_robot_interface/msg
[17.096s] -- Up-to-date: /home/john/Documents/ros2_ws/install/my_robot_interface/include/my_robot_interface/my_robot_interface/msg/detail
[17.096s] -- Installing: /home/john/Documents/ros2_ws/install/my_robot_interface/include/my_robot_interface/my_robot_interface/msg/detail/hardware_status__rosidl_typesupport_fastrtps_c.h
[17.096s] -- Installing: /home/john/Documents/ros2_ws/install/my_robot_interface/include/my_robot_interface/my_robot_interface/msg/detail/turtle_array__rosidl_typesupport_fastrtps_c.h
[17.096s] -- Installing: /home/john/Documents/ros2_ws/install/my_robot_interface/include/my_robot_interface/my_robot_interface/msg/detail/led_status__rosidl_typesupport_fastrtps_c.h
[17.096s] -- Up-to-date: /home/john/Documents/ros2_ws/install/my_robot_interface/include/my_robot_interface/my_robot_interface/msg/rosidl_typesupport_fastrtps_c__visibility_control.h
[17.097s] -- Installing: /home/john/Documents/ros2_ws/install/my_robot_interface/lib/libmy_robot_interface__rosidl_typesupport_fastrtps_c.so
[17.097s] -- Set runtime path of "/home/john/Documents/ros2_ws/install/my_robot_interface/lib/libmy_robot_interface__rosidl_typesupport_fastrtps_c.so" to ""
[17.097s] -- Up-to-date: /home/john/Documents/ros2_ws/install/my_robot_interface/include/my_robot_interface/my_robot_interface
[17.097s] -- Up-to-date: /home/john/Documents/ros2_ws/install/my_robot_interface/include/my_robot_interface/my_robot_interface/srv
[17.097s] -- Up-to-date: /home/john/Documents/ros2_ws/install/my_robot_interface/include/my_robot_interface/my_robot_interface/srv/detail
[17.097s] -- Installing: /home/john/Documents/ros2_ws/install/my_robot_interface/include/my_robot_interface/my_robot_interface/srv/detail/compute_rectangle_area__rosidl_typesupport_introspection_c.h
[17.097s] -- Installing: /home/john/Documents/ros2_ws/install/my_robot_interface/include/my_robot_interface/my_robot_interface/srv/detail/led_control__rosidl_typesupport_introspection_c.h
[17.097s] -- Installing: /home/john/Documents/ros2_ws/install/my_robot_interface/include/my_robot_interface/my_robot_interface/srv/detail/led_control__type_support.c
[17.098s] -- Installing: /home/john/Documents/ros2_ws/install/my_robot_interface/include/my_robot_interface/my_robot_interface/srv/detail/compute_rectangle_area__type_support.c
[17.098s] -- Up-to-date: /home/john/Documents/ros2_ws/install/my_robot_interface/include/my_robot_interface/my_robot_interface/msg
[17.098s] -- Up-to-date: /home/john/Documents/ros2_ws/install/my_robot_interface/include/my_robot_interface/my_robot_interface/msg/detail
[17.098s] -- Installing: /home/john/Documents/ros2_ws/install/my_robot_interface/include/my_robot_interface/my_robot_interface/msg/detail/turtle_array__type_support.c
[17.098s] -- Installing: /home/john/Documents/ros2_ws/install/my_robot_interface/include/my_robot_interface/my_robot_interface/msg/detail/led_status__type_support.c
[17.098s] -- Installing: /home/john/Documents/ros2_ws/install/my_robot_interface/include/my_robot_interface/my_robot_interface/msg/detail/led_status__rosidl_typesupport_introspection_c.h
[17.098s] -- Installing: /home/john/Documents/ros2_ws/install/my_robot_interface/include/my_robot_interface/my_robot_interface/msg/detail/hardware_status__rosidl_typesupport_introspection_c.h
[17.098s] -- Installing: /home/john/Documents/ros2_ws/install/my_robot_interface/include/my_robot_interface/my_robot_interface/msg/detail/turtle_array__rosidl_typesupport_introspection_c.h
[17.098s] -- Installing: /home/john/Documents/ros2_ws/install/my_robot_interface/include/my_robot_interface/my_robot_interface/msg/detail/hardware_status__type_support.c
[17.098s] -- Up-to-date: /home/john/Documents/ros2_ws/install/my_robot_interface/include/my_robot_interface/my_robot_interface/msg/rosidl_typesupport_introspection_c__visibility_control.h
[17.098s] -- Installing: /home/john/Documents/ros2_ws/install/my_robot_interface/lib/libmy_robot_interface__rosidl_typesupport_introspection_c.so
[17.099s] -- Set runtime path of "/home/john/Documents/ros2_ws/install/my_robot_interface/lib/libmy_robot_interface__rosidl_typesupport_introspection_c.so" to ""
[17.099s] -- Installing: /home/john/Documents/ros2_ws/install/my_robot_interface/lib/libmy_robot_interface__rosidl_typesupport_c.so
[17.100s] -- Set runtime path of "/home/john/Documents/ros2_ws/install/my_robot_interface/lib/libmy_robot_interface__rosidl_typesupport_c.so" to ""
[17.100s] -- Up-to-date: /home/john/Documents/ros2_ws/install/my_robot_interface/include/my_robot_interface/my_robot_interface
[17.100s] -- Up-to-date: /home/john/Documents/ros2_ws/install/my_robot_interface/include/my_robot_interface/my_robot_interface/srv
[17.100s] -- Up-to-date: /home/john/Documents/ros2_ws/install/my_robot_interface/include/my_robot_interface/my_robot_interface/srv/detail
[17.100s] -- Installing: /home/john/Documents/ros2_ws/install/my_robot_interface/include/my_robot_interface/my_robot_interface/srv/detail/led_control__builder.hpp
[17.100s] -- Installing: /home/john/Documents/ros2_ws/install/my_robot_interface/include/my_robot_interface/my_robot_interface/srv/detail/compute_rectangle_area__traits.hpp
[17.100s] -- Installing: /home/john/Documents/ros2_ws/install/my_robot_interface/include/my_robot_interface/my_robot_interface/srv/detail/compute_rectangle_area__builder.hpp
[17.100s] -- Installing: /home/john/Documents/ros2_ws/install/my_robot_interface/include/my_robot_interface/my_robot_interface/srv/detail/led_control__struct.hpp
[17.100s] -- Installing: /home/john/Documents/ros2_ws/install/my_robot_interface/include/my_robot_interface/my_robot_interface/srv/detail/led_control__traits.hpp
[17.100s] -- Installing: /home/john/Documents/ros2_ws/install/my_robot_interface/include/my_robot_interface/my_robot_interface/srv/detail/compute_rectangle_area__struct.hpp
[17.101s] -- Installing: /home/john/Documents/ros2_ws/install/my_robot_interface/include/my_robot_interface/my_robot_interface/srv/led_control.hpp
[17.101s] -- Installing: /home/john/Documents/ros2_ws/install/my_robot_interface/include/my_robot_interface/my_robot_interface/srv/compute_rectangle_area.hpp
[17.101s] -- Up-to-date: /home/john/Documents/ros2_ws/install/my_robot_interface/include/my_robot_interface/my_robot_interface/msg
[17.101s] -- Installing: /home/john/Documents/ros2_ws/install/my_robot_interface/include/my_robot_interface/my_robot_interface/msg/turtle_array.hpp
[17.101s] -- Up-to-date: /home/john/Documents/ros2_ws/install/my_robot_interface/include/my_robot_interface/my_robot_interface/msg/detail
[17.101s] -- Installing: /home/john/Documents/ros2_ws/install/my_robot_interface/include/my_robot_interface/my_robot_interface/msg/detail/hardware_status__struct.hpp
[17.101s] -- Installing: /home/john/Documents/ros2_ws/install/my_robot_interface/include/my_robot_interface/my_robot_interface/msg/detail/hardware_status__builder.hpp
[17.101s] -- Installing: /home/john/Documents/ros2_ws/install/my_robot_interface/include/my_robot_interface/my_robot_interface/msg/detail/hardware_status__traits.hpp
[17.101s] -- Installing: /home/john/Documents/ros2_ws/install/my_robot_interface/include/my_robot_interface/my_robot_interface/msg/detail/turtle_array__traits.hpp
[17.101s] -- Installing: /home/john/Documents/ros2_ws/install/my_robot_interface/include/my_robot_interface/my_robot_interface/msg/detail/turtle_array__builder.hpp
[17.102s] -- Installing: /home/john/Documents/ros2_ws/install/my_robot_interface/include/my_robot_interface/my_robot_interface/msg/detail/turtle_array__struct.hpp
[17.102s] -- Installing: /home/john/Documents/ros2_ws/install/my_robot_interface/include/my_robot_interface/my_robot_interface/msg/detail/led_status__traits.hpp
[17.102s] -- Installing: /home/john/Documents/ros2_ws/install/my_robot_interface/include/my_robot_interface/my_robot_interface/msg/detail/led_status__struct.hpp
[17.102s] -- Installing: /home/john/Documents/ros2_ws/install/my_robot_interface/include/my_robot_interface/my_robot_interface/msg/detail/led_status__builder.hpp
[17.102s] -- Installing: /home/john/Documents/ros2_ws/install/my_robot_interface/include/my_robot_interface/my_robot_interface/msg/led_status.hpp
[17.102s] -- Installing: /home/john/Documents/ros2_ws/install/my_robot_interface/include/my_robot_interface/my_robot_interface/msg/hardware_status.hpp
[17.102s] -- Up-to-date: /home/john/Documents/ros2_ws/install/my_robot_interface/include/my_robot_interface/my_robot_interface
[17.102s] -- Up-to-date: /home/john/Documents/ros2_ws/install/my_robot_interface/include/my_robot_interface/my_robot_interface/srv
[17.102s] -- Up-to-date: /home/john/Documents/ros2_ws/install/my_robot_interface/include/my_robot_interface/my_robot_interface/srv/detail
[17.102s] -- Installing: /home/john/Documents/ros2_ws/install/my_robot_interface/include/my_robot_interface/my_robot_interface/srv/detail/led_control__rosidl_typesupport_fastrtps_cpp.hpp
[17.102s] -- Installing: /home/john/Documents/ros2_ws/install/my_robot_interface/include/my_robot_interface/my_robot_interface/srv/detail/compute_rectangle_area__rosidl_typesupport_fastrtps_cpp.hpp
[17.102s] -- Up-to-date: /home/john/Documents/ros2_ws/install/my_robot_interface/include/my_robot_interface/my_robot_interface/srv/detail/dds_fastrtps
[17.102s] -- Up-to-date: /home/john/Documents/ros2_ws/install/my_robot_interface/include/my_robot_interface/my_robot_interface/msg
[17.102s] -- Up-to-date: /home/john/Documents/ros2_ws/install/my_robot_interface/include/my_robot_interface/my_robot_interface/msg/detail
[17.103s] -- Installing: /home/john/Documents/ros2_ws/install/my_robot_interface/include/my_robot_interface/my_robot_interface/msg/detail/hardware_status__rosidl_typesupport_fastrtps_cpp.hpp
[17.103s] -- Installing: /home/john/Documents/ros2_ws/install/my_robot_interface/include/my_robot_interface/my_robot_interface/msg/detail/led_status__rosidl_typesupport_fastrtps_cpp.hpp
[17.103s] -- Installing: /home/john/Documents/ros2_ws/install/my_robot_interface/include/my_robot_interface/my_robot_interface/msg/detail/turtle_array__rosidl_typesupport_fastrtps_cpp.hpp
[17.103s] -- Up-to-date: /home/john/Documents/ros2_ws/install/my_robot_interface/include/my_robot_interface/my_robot_interface/msg/detail/dds_fastrtps
[17.103s] -- Up-to-date: /home/john/Documents/ros2_ws/install/my_robot_interface/include/my_robot_interface/my_robot_interface/msg/rosidl_typesupport_fastrtps_cpp__visibility_control.h
[17.113s] -- Installing: /home/john/Documents/ros2_ws/install/my_robot_interface/lib/libmy_robot_interface__rosidl_typesupport_fastrtps_cpp.so
[17.114s] -- Set runtime path of "/home/john/Documents/ros2_ws/install/my_robot_interface/lib/libmy_robot_interface__rosidl_typesupport_fastrtps_cpp.so" to ""
[17.114s] -- Up-to-date: /home/john/Documents/ros2_ws/install/my_robot_interface/include/my_robot_interface/my_robot_interface
[17.114s] -- Up-to-date: /home/john/Documents/ros2_ws/install/my_robot_interface/include/my_robot_interface/my_robot_interface/srv
[17.114s] -- Up-to-date: /home/john/Documents/ros2_ws/install/my_robot_interface/include/my_robot_interface/my_robot_interface/srv/detail
[17.115s] -- Installing: /home/john/Documents/ros2_ws/install/my_robot_interface/include/my_robot_interface/my_robot_interface/srv/detail/led_control__rosidl_typesupport_introspection_cpp.hpp
[17.115s] -- Installing: /home/john/Documents/ros2_ws/install/my_robot_interface/include/my_robot_interface/my_robot_interface/srv/detail/led_control__type_support.cpp
[17.115s] -- Installing: /home/john/Documents/ros2_ws/install/my_robot_interface/include/my_robot_interface/my_robot_interface/srv/detail/compute_rectangle_area__type_support.cpp
[17.115s] -- Installing: /home/john/Documents/ros2_ws/install/my_robot_interface/include/my_robot_interface/my_robot_interface/srv/detail/compute_rectangle_area__rosidl_typesupport_introspection_cpp.hpp
[17.115s] -- Up-to-date: /home/john/Documents/ros2_ws/install/my_robot_interface/include/my_robot_interface/my_robot_interface/msg
[17.115s] -- Up-to-date: /home/john/Documents/ros2_ws/install/my_robot_interface/include/my_robot_interface/my_robot_interface/msg/detail
[17.115s] -- Installing: /home/john/Documents/ros2_ws/install/my_robot_interface/include/my_robot_interface/my_robot_interface/msg/detail/hardware_status__rosidl_typesupport_introspection_cpp.hpp
[17.115s] -- Installing: /home/john/Documents/ros2_ws/install/my_robot_interface/include/my_robot_interface/my_robot_interface/msg/detail/led_status__type_support.cpp
[17.115s] -- Installing: /home/john/Documents/ros2_ws/install/my_robot_interface/include/my_robot_interface/my_robot_interface/msg/detail/turtle_array__type_support.cpp
[17.115s] -- Installing: /home/john/Documents/ros2_ws/install/my_robot_interface/include/my_robot_interface/my_robot_interface/msg/detail/hardware_status__type_support.cpp
[17.115s] -- Installing: /home/john/Documents/ros2_ws/install/my_robot_interface/include/my_robot_interface/my_robot_interface/msg/detail/turtle_array__rosidl_typesupport_introspection_cpp.hpp
[17.115s] -- Installing: /home/john/Documents/ros2_ws/install/my_robot_interface/include/my_robot_interface/my_robot_interface/msg/detail/led_status__rosidl_typesupport_introspection_cpp.hpp
[17.116s] -- Installing: /home/john/Documents/ros2_ws/install/my_robot_interface/lib/libmy_robot_interface__rosidl_typesupport_introspection_cpp.so
[17.116s] -- Set runtime path of "/home/john/Documents/ros2_ws/install/my_robot_interface/lib/libmy_robot_interface__rosidl_typesupport_introspection_cpp.so" to ""
[17.117s] -- Installing: /home/john/Documents/ros2_ws/install/my_robot_interface/lib/libmy_robot_interface__rosidl_typesupport_cpp.so
[17.117s] -- Set runtime path of "/home/john/Documents/ros2_ws/install/my_robot_interface/lib/libmy_robot_interface__rosidl_typesupport_cpp.so" to ""
[17.117s] -- Up-to-date: /home/john/Documents/ros2_ws/install/my_robot_interface/share/my_robot_interface/environment/pythonpath.sh
[17.118s] -- Installing: /home/john/Documents/ros2_ws/install/my_robot_interface/share/my_robot_interface/environment/pythonpath.dsv
[17.118s] -- Up-to-date: /home/john/Documents/ros2_ws/install/my_robot_interface/local/lib/python3.10/dist-packages/my_robot_interface-0.0.0-py3.10.egg-info
[17.118s] -- Installing: /home/john/Documents/ros2_ws/install/my_robot_interface/local/lib/python3.10/dist-packages/my_robot_interface-0.0.0-py3.10.egg-info/SOURCES.txt
[17.130s] -- Installing: /home/john/Documents/ros2_ws/install/my_robot_interface/local/lib/python3.10/dist-packages/my_robot_interface-0.0.0-py3.10.egg-info/dependency_links.txt
[17.144s] -- Installing: /home/john/Documents/ros2_ws/install/my_robot_interface/local/lib/python3.10/dist-packages/my_robot_interface-0.0.0-py3.10.egg-info/top_level.txt
[17.160s] -- Installing: /home/john/Documents/ros2_ws/install/my_robot_interface/local/lib/python3.10/dist-packages/my_robot_interface-0.0.0-py3.10.egg-info/PKG-INFO
[17.160s] -- Up-to-date: /home/john/Documents/ros2_ws/install/my_robot_interface/local/lib/python3.10/dist-packages/my_robot_interface
[17.161s] -- Installing: /home/john/Documents/ros2_ws/install/my_robot_interface/local/lib/python3.10/dist-packages/my_robot_interface/my_robot_interface_s__rosidl_typesupport_introspection_c.cpython-310-x86_64-linux-gnu.so
[17.161s] -- Installing: /home/john/Documents/ros2_ws/install/my_robot_interface/local/lib/python3.10/dist-packages/my_robot_interface/_my_robot_interface_s.ep.rosidl_typesupport_fastrtps_c.c
[17.161s] -- Up-to-date: /home/john/Documents/ros2_ws/install/my_robot_interface/local/lib/python3.10/dist-packages/my_robot_interface/srv
[17.161s] -- Installing: /home/john/Documents/ros2_ws/install/my_robot_interface/local/lib/python3.10/dist-packages/my_robot_interface/srv/_led_control.py
[17.161s] -- Installing: /home/john/Documents/ros2_ws/install/my_robot_interface/local/lib/python3.10/dist-packages/my_robot_interface/srv/_compute_rectangle_area.py
[17.161s] -- Installing: /home/john/Documents/ros2_ws/install/my_robot_interface/local/lib/python3.10/dist-packages/my_robot_interface/srv/_led_control_s.c
[17.162s] -- Installing: /home/john/Documents/ros2_ws/install/my_robot_interface/local/lib/python3.10/dist-packages/my_robot_interface/srv/_compute_rectangle_area_s.c
[17.162s] -- Installing: /home/john/Documents/ros2_ws/install/my_robot_interface/local/lib/python3.10/dist-packages/my_robot_interface/srv/__init__.py
[17.162s] -- Installing: /home/john/Documents/ros2_ws/install/my_robot_interface/local/lib/python3.10/dist-packages/my_robot_interface/my_robot_interface_s__rosidl_typesupport_fastrtps_c.cpython-310-x86_64-linux-gnu.so
[17.162s] -- Installing: /home/john/Documents/ros2_ws/install/my_robot_interface/local/lib/python3.10/dist-packages/my_robot_interface/my_robot_interface_s__rosidl_typesupport_c.cpython-310-x86_64-linux-gnu.so
[17.162s] -- Installing: /home/john/Documents/ros2_ws/install/my_robot_interface/local/lib/python3.10/dist-packages/my_robot_interface/_my_robot_interface_s.ep.rosidl_typesupport_introspection_c.c
[17.162s] -- Installing: /home/john/Documents/ros2_ws/install/my_robot_interface/local/lib/python3.10/dist-packages/my_robot_interface/_my_robot_interface_s.ep.rosidl_typesupport_c.c
[17.162s] -- Installing: /home/john/Documents/ros2_ws/install/my_robot_interface/local/lib/python3.10/dist-packages/my_robot_interface/libmy_robot_interface__rosidl_generator_py.so
[17.162s] -- Up-to-date: /home/john/Documents/ros2_ws/install/my_robot_interface/local/lib/python3.10/dist-packages/my_robot_interface/msg
[17.162s] -- Installing: /home/john/Documents/ros2_ws/install/my_robot_interface/local/lib/python3.10/dist-packages/my_robot_interface/msg/_hardware_status_s.c
[17.162s] -- Installing: /home/john/Documents/ros2_ws/install/my_robot_interface/local/lib/python3.10/dist-packages/my_robot_interface/msg/_turtle_array.py
[17.162s] -- Installing: /home/john/Documents/ros2_ws/install/my_robot_interface/local/lib/python3.10/dist-packages/my_robot_interface/msg/_turtle_array_s.c
[17.163s] -- Installing: /home/john/Documents/ros2_ws/install/my_robot_interface/local/lib/python3.10/dist-packages/my_robot_interface/msg/_led_status.py
[17.163s] -- Installing: /home/john/Documents/ros2_ws/install/my_robot_interface/local/lib/python3.10/dist-packages/my_robot_interface/msg/_led_status_s.c
[17.163s] -- Installing: /home/john/Documents/ros2_ws/install/my_robot_interface/local/lib/python3.10/dist-packages/my_robot_interface/msg/_hardware_status.py
[17.163s] -- Installing: /home/john/Documents/ros2_ws/install/my_robot_interface/local/lib/python3.10/dist-packages/my_robot_interface/msg/__init__.py
[17.163s] -- Installing: /home/john/Documents/ros2_ws/install/my_robot_interface/local/lib/python3.10/dist-packages/my_robot_interface/__init__.py
[17.438s] Listing '/home/john/Documents/ros2_ws/install/my_robot_interface/local/lib/python3.10/dist-packages/my_robot_interface'...
[17.438s] Compiling '/home/john/Documents/ros2_ws/install/my_robot_interface/local/lib/python3.10/dist-packages/my_robot_interface/__init__.py'...
[17.438s] Listing '/home/john/Documents/ros2_ws/install/my_robot_interface/local/lib/python3.10/dist-packages/my_robot_interface/msg'...
[17.438s] Compiling '/home/john/Documents/ros2_ws/install/my_robot_interface/local/lib/python3.10/dist-packages/my_robot_interface/msg/__init__.py'...
[17.438s] Compiling '/home/john/Documents/ros2_ws/install/my_robot_interface/local/lib/python3.10/dist-packages/my_robot_interface/msg/_hardware_status.py'...
[17.438s] Compiling '/home/john/Documents/ros2_ws/install/my_robot_interface/local/lib/python3.10/dist-packages/my_robot_interface/msg/_led_status.py'...
[17.438s] Compiling '/home/john/Documents/ros2_ws/install/my_robot_interface/local/lib/python3.10/dist-packages/my_robot_interface/msg/_turtle_array.py'...
[17.438s] Listing '/home/john/Documents/ros2_ws/install/my_robot_interface/local/lib/python3.10/dist-packages/my_robot_interface/srv'...
[17.438s] Compiling '/home/john/Documents/ros2_ws/install/my_robot_interface/local/lib/python3.10/dist-packages/my_robot_interface/srv/__init__.py'...
[17.439s] Compiling '/home/john/Documents/ros2_ws/install/my_robot_interface/local/lib/python3.10/dist-packages/my_robot_interface/srv/_compute_rectangle_area.py'...
[17.439s] Compiling '/home/john/Documents/ros2_ws/install/my_robot_interface/local/lib/python3.10/dist-packages/my_robot_interface/srv/_led_control.py'...
[17.443s] -- Installing: /home/john/Documents/ros2_ws/install/my_robot_interface/local/lib/python3.10/dist-packages/my_robot_interface/my_robot_interface_s__rosidl_typesupport_fastrtps_c.cpython-310-x86_64-linux-gnu.so
[17.443s] -- Set runtime path of "/home/john/Documents/ros2_ws/install/my_robot_interface/local/lib/python3.10/dist-packages/my_robot_interface/my_robot_interface_s__rosidl_typesupport_fastrtps_c.cpython-310-x86_64-linux-gnu.so" to ""
[17.443s] -- Installing: /home/john/Documents/ros2_ws/install/my_robot_interface/local/lib/python3.10/dist-packages/my_robot_interface/my_robot_interface_s__rosidl_typesupport_introspection_c.cpython-310-x86_64-linux-gnu.so
[17.444s] -- Set runtime path of "/home/john/Documents/ros2_ws/install/my_robot_interface/local/lib/python3.10/dist-packages/my_robot_interface/my_robot_interface_s__rosidl_typesupport_introspection_c.cpython-310-x86_64-linux-gnu.so" to ""
[17.444s] -- Installing: /home/john/Documents/ros2_ws/install/my_robot_interface/local/lib/python3.10/dist-packages/my_robot_interface/my_robot_interface_s__rosidl_typesupport_c.cpython-310-x86_64-linux-gnu.so
[17.444s] -- Set runtime path of "/home/john/Documents/ros2_ws/install/my_robot_interface/local/lib/python3.10/dist-packages/my_robot_interface/my_robot_interface_s__rosidl_typesupport_c.cpython-310-x86_64-linux-gnu.so" to ""
[17.506s] -- Installing: /home/john/Documents/ros2_ws/install/my_robot_interface/lib/libmy_robot_interface__rosidl_generator_py.so
[17.507s] -- Set runtime path of "/home/john/Documents/ros2_ws/install/my_robot_interface/lib/libmy_robot_interface__rosidl_generator_py.so" to ""
[17.507s] -- Up-to-date: /home/john/Documents/ros2_ws/install/my_robot_interface/share/my_robot_interface/msg/HardwareStatus.idl
[17.507s] -- Up-to-date: /home/john/Documents/ros2_ws/install/my_robot_interface/share/my_robot_interface/msg/LedStatus.idl
[17.507s] -- Installing: /home/john/Documents/ros2_ws/install/my_robot_interface/share/my_robot_interface/msg/TurtleArray.idl
[17.507s] -- Up-to-date: /home/john/Documents/ros2_ws/install/my_robot_interface/share/my_robot_interface/srv/ComputeRectangleArea.idl
[17.507s] -- Up-to-date: /home/john/Documents/ros2_ws/install/my_robot_interface/share/my_robot_interface/srv/LedControl.idl
[17.507s] -- Up-to-date: /home/john/Documents/ros2_ws/install/my_robot_interface/share/my_robot_interface/msg/HardwareStatus.msg
[17.507s] -- Up-to-date: /home/john/Documents/ros2_ws/install/my_robot_interface/share/my_robot_interface/msg/LedStatus.msg
[17.508s] -- Installing: /home/john/Documents/ros2_ws/install/my_robot_interface/share/my_robot_interface/msg/TurtleArray.msg
[17.508s] -- Up-to-date: /home/john/Documents/ros2_ws/install/my_robot_interface/share/my_robot_interface/srv/ComputeRectangleArea.srv
[17.508s] -- Up-to-date: /home/john/Documents/ros2_ws/install/my_robot_interface/share/my_robot_interface/srv/ComputeRectangleArea_Request.msg
[17.508s] -- Up-to-date: /home/john/Documents/ros2_ws/install/my_robot_interface/share/my_robot_interface/srv/ComputeRectangleArea_Response.msg
[17.508s] -- Up-to-date: /home/john/Documents/ros2_ws/install/my_robot_interface/share/my_robot_interface/srv/LedControl.srv
[17.508s] -- Up-to-date: /home/john/Documents/ros2_ws/install/my_robot_interface/share/my_robot_interface/srv/LedControl_Request.msg
[17.508s] -- Up-to-date: /home/john/Documents/ros2_ws/install/my_robot_interface/share/my_robot_interface/srv/LedControl_Response.msg
[17.508s] -- Up-to-date: /home/john/Documents/ros2_ws/install/my_robot_interface/share/ament_index/resource_index/package_run_dependencies/my_robot_interface
[17.508s] -- Installing: /home/john/Documents/ros2_ws/install/my_robot_interface/share/ament_index/resource_index/parent_prefix_path/my_robot_interface
[17.508s] -- Up-to-date: /home/john/Documents/ros2_ws/install/my_robot_interface/share/my_robot_interface/environment/ament_prefix_path.sh
[17.508s] -- Installing: /home/john/Documents/ros2_ws/install/my_robot_interface/share/my_robot_interface/environment/ament_prefix_path.dsv
[17.508s] -- Up-to-date: /home/john/Documents/ros2_ws/install/my_robot_interface/share/my_robot_interface/environment/path.sh
[17.508s] -- Installing: /home/john/Documents/ros2_ws/install/my_robot_interface/share/my_robot_interface/environment/path.dsv
[17.508s] -- Up-to-date: /home/john/Documents/ros2_ws/install/my_robot_interface/share/my_robot_interface/local_setup.bash
[17.508s] -- Up-to-date: /home/john/Documents/ros2_ws/install/my_robot_interface/share/my_robot_interface/local_setup.sh
[17.508s] -- Up-to-date: /home/john/Documents/ros2_ws/install/my_robot_interface/share/my_robot_interface/local_setup.zsh
[17.508s] -- Installing: /home/john/Documents/ros2_ws/install/my_robot_interface/share/my_robot_interface/local_setup.dsv
[17.508s] -- Installing: /home/john/Documents/ros2_ws/install/my_robot_interface/share/my_robot_interface/package.dsv
[17.508s] -- Up-to-date: /home/john/Documents/ros2_ws/install/my_robot_interface/share/ament_index/resource_index/packages/my_robot_interface
[17.508s] -- Up-to-date: /home/john/Documents/ros2_ws/install/my_robot_interface/share/my_robot_interface/cmake/export_my_robot_interface__rosidl_generator_cExport.cmake
[17.508s] -- Up-to-date: /home/john/Documents/ros2_ws/install/my_robot_interface/share/my_robot_interface/cmake/export_my_robot_interface__rosidl_generator_cExport-noconfig.cmake
[17.508s] -- Up-to-date: /home/john/Documents/ros2_ws/install/my_robot_interface/share/my_robot_interface/cmake/export_my_robot_interface__rosidl_typesupport_fastrtps_cExport.cmake
[17.508s] -- Up-to-date: /home/john/Documents/ros2_ws/install/my_robot_interface/share/my_robot_interface/cmake/export_my_robot_interface__rosidl_typesupport_fastrtps_cExport-noconfig.cmake
[17.509s] -- Up-to-date: /home/john/Documents/ros2_ws/install/my_robot_interface/share/my_robot_interface/cmake/my_robot_interface__rosidl_typesupport_introspection_cExport.cmake
[17.509s] -- Up-to-date: /home/john/Documents/ros2_ws/install/my_robot_interface/share/my_robot_interface/cmake/my_robot_interface__rosidl_typesupport_introspection_cExport-noconfig.cmake
[17.509s] -- Up-to-date: /home/john/Documents/ros2_ws/install/my_robot_interface/share/my_robot_interface/cmake/my_robot_interface__rosidl_typesupport_cExport.cmake
[17.509s] -- Up-to-date: /home/john/Documents/ros2_ws/install/my_robot_interface/share/my_robot_interface/cmake/my_robot_interface__rosidl_typesupport_cExport-noconfig.cmake
[17.509s] -- Up-to-date: /home/john/Documents/ros2_ws/install/my_robot_interface/share/my_robot_interface/cmake/export_my_robot_interface__rosidl_generator_cppExport.cmake
[17.509s] -- Up-to-date: /home/john/Documents/ros2_ws/install/my_robot_interface/share/my_robot_interface/cmake/export_my_robot_interface__rosidl_typesupport_fastrtps_cppExport.cmake
[17.509s] -- Up-to-date: /home/john/Documents/ros2_ws/install/my_robot_interface/share/my_robot_interface/cmake/export_my_robot_interface__rosidl_typesupport_fastrtps_cppExport-noconfig.cmake
[17.509s] -- Up-to-date: /home/john/Documents/ros2_ws/install/my_robot_interface/share/my_robot_interface/cmake/my_robot_interface__rosidl_typesupport_introspection_cppExport.cmake
[17.510s] -- Up-to-date: /home/john/Documents/ros2_ws/install/my_robot_interface/share/my_robot_interface/cmake/my_robot_interface__rosidl_typesupport_introspection_cppExport-noconfig.cmake
[17.510s] -- Up-to-date: /home/john/Documents/ros2_ws/install/my_robot_interface/share/my_robot_interface/cmake/my_robot_interface__rosidl_typesupport_cppExport.cmake
[17.510s] -- Up-to-date: /home/john/Documents/ros2_ws/install/my_robot_interface/share/my_robot_interface/cmake/my_robot_interface__rosidl_typesupport_cppExport-noconfig.cmake
[17.510s] -- Up-to-date: /home/john/Documents/ros2_ws/install/my_robot_interface/share/my_robot_interface/cmake/export_my_robot_interface__rosidl_generator_pyExport.cmake
[17.510s] -- Up-to-date: /home/john/Documents/ros2_ws/install/my_robot_interface/share/my_robot_interface/cmake/export_my_robot_interface__rosidl_generator_pyExport-noconfig.cmake
[17.510s] -- Installing: /home/john/Documents/ros2_ws/install/my_robot_interface/share/my_robot_interface/cmake/rosidl_cmake-extras.cmake
[17.510s] -- Up-to-date: /home/john/Documents/ros2_ws/install/my_robot_interface/share/my_robot_interface/cmake/ament_cmake_export_include_directories-extras.cmake
[17.511s] -- Up-to-date: /home/john/Documents/ros2_ws/install/my_robot_interface/share/my_robot_interface/cmake/ament_cmake_export_libraries-extras.cmake
[17.511s] -- Up-to-date: /home/john/Documents/ros2_ws/install/my_robot_interface/share/my_robot_interface/cmake/ament_cmake_export_targets-extras.cmake
[17.511s] -- Up-to-date: /home/john/Documents/ros2_ws/install/my_robot_interface/share/my_robot_interface/cmake/rosidl_cmake_export_typesupport_targets-extras.cmake
[17.511s] -- Up-to-date: /home/john/Documents/ros2_ws/install/my_robot_interface/share/my_robot_interface/cmake/ament_cmake_export_dependencies-extras.cmake
[17.511s] -- Up-to-date: /home/john/Documents/ros2_ws/install/my_robot_interface/share/my_robot_interface/cmake/rosidl_cmake_export_typesupport_libraries-extras.cmake
[17.511s] -- Up-to-date: /home/john/Documents/ros2_ws/install/my_robot_interface/share/my_robot_interface/cmake/my_robot_interfaceConfig.cmake
[17.511s] -- Up-to-date: /home/john/Documents/ros2_ws/install/my_robot_interface/share/my_robot_interface/cmake/my_robot_interfaceConfig-version.cmake
[17.511s] -- Up-to-date: /home/john/Documents/ros2_ws/install/my_robot_interface/share/my_robot_interface/package.xml
[17.513s] Invoked command in '/home/john/Documents/ros2_ws/build/my_robot_interface' returned '0': CMAKE_PREFIX_PATH=${CMAKE_PREFIX_PATH}:/home/john/Documents/ros2_ws/install/my_py_pkg:/opt/ros/humble /usr/bin/cmake --install /home/john/Documents/ros2_ws/build/my_robot_interface
