[0.011s] Invoking command in '/home/john/Documents/ros2_ws/build/my_robot_bringup': CMAKE_PREFIX_PATH=${CMAKE_PREFIX_PATH}:/home/john/Documents/ros2_ws/install/my_py_pkg:/opt/ros/humble LD_LIBRARY_PATH=/home/john/Documents/ros2_ws/install/my_robot_interface/lib:/usr/local/cuda/lib64:/usr/local/cuda/lib64:/opt/ros/humble/opt/rviz_ogre_vendor/lib:/opt/ros/humble/lib/x86_64-linux-gnu:/opt/ros/humble/lib PYTHONPATH=/home/john/Documents/ros2_ws/install/my_py_pkg/lib/python3.10/site-packages:/home/john/Documents/ros2_ws/build/my_py_pkg:/home/john/Documents/ros2_ws/install/my_robot_interface/local/lib/python3.10/dist-packages:/opt/ros/humble/lib/python3.10/site-packages:/opt/ros/humble/local/lib/python3.10/dist-packages /usr/bin/cmake --build /home/john/Documents/ros2_ws/build/my_robot_bringup -- -j16 -l16
[0.032s] Invoked command in '/home/john/Documents/ros2_ws/build/my_robot_bringup' returned '0': CMAKE_PREFIX_PATH=${CMAKE_PREFIX_PATH}:/home/john/Documents/ros2_ws/install/my_py_pkg:/opt/ros/humble LD_LIBRARY_PATH=/home/john/Documents/ros2_ws/install/my_robot_interface/lib:/usr/local/cuda/lib64:/usr/local/cuda/lib64:/opt/ros/humble/opt/rviz_ogre_vendor/lib:/opt/ros/humble/lib/x86_64-linux-gnu:/opt/ros/humble/lib PYTHONPATH=/home/john/Documents/ros2_ws/install/my_py_pkg/lib/python3.10/site-packages:/home/john/Documents/ros2_ws/build/my_py_pkg:/home/john/Documents/ros2_ws/install/my_robot_interface/local/lib/python3.10/dist-packages:/opt/ros/humble/lib/python3.10/site-packages:/opt/ros/humble/local/lib/python3.10/dist-packages /usr/bin/cmake --build /home/john/Documents/ros2_ws/build/my_robot_bringup -- -j16 -l16
[0.049s] Invoking command in '/home/john/Documents/ros2_ws/build/my_robot_bringup': CMAKE_PREFIX_PATH=${CMAKE_PREFIX_PATH}:/home/john/Documents/ros2_ws/install/my_py_pkg:/opt/ros/humble LD_LIBRARY_PATH=/home/john/Documents/ros2_ws/install/my_robot_interface/lib:/usr/local/cuda/lib64:/usr/local/cuda/lib64:/opt/ros/humble/opt/rviz_ogre_vendor/lib:/opt/ros/humble/lib/x86_64-linux-gnu:/opt/ros/humble/lib PYTHONPATH=/home/john/Documents/ros2_ws/install/my_py_pkg/lib/python3.10/site-packages:/home/john/Documents/ros2_ws/build/my_py_pkg:/home/john/Documents/ros2_ws/install/my_robot_interface/local/lib/python3.10/dist-packages:/opt/ros/humble/lib/python3.10/site-packages:/opt/ros/humble/local/lib/python3.10/dist-packages /usr/bin/cmake --install /home/john/Documents/ros2_ws/build/my_robot_bringup
[0.054s] -- Install configuration: ""
[0.054s] -- Execute custom install script
[0.054s] -- Up-to-date symlink: /home/john/Documents/ros2_ws/install/my_robot_bringup/share/my_robot_bringup/lauch/number_app.launch.py
[0.054s] -- Up-to-date symlink: /home/john/Documents/ros2_ws/install/my_robot_bringup/share/ament_index/resource_index/package_run_dependencies/my_robot_bringup
[0.054s] -- Up-to-date symlink: /home/john/Documents/ros2_ws/install/my_robot_bringup/share/ament_index/resource_index/parent_prefix_path/my_robot_bringup
[0.054s] -- Up-to-date symlink: /home/john/Documents/ros2_ws/install/my_robot_bringup/share/my_robot_bringup/environment/ament_prefix_path.sh
[0.054s] -- Up-to-date symlink: /home/john/Documents/ros2_ws/install/my_robot_bringup/share/my_robot_bringup/environment/ament_prefix_path.dsv
[0.054s] -- Up-to-date symlink: /home/john/Documents/ros2_ws/install/my_robot_bringup/share/my_robot_bringup/environment/path.sh
[0.054s] -- Up-to-date symlink: /home/john/Documents/ros2_ws/install/my_robot_bringup/share/my_robot_bringup/environment/path.dsv
[0.055s] -- Up-to-date symlink: /home/john/Documents/ros2_ws/install/my_robot_bringup/share/my_robot_bringup/local_setup.bash
[0.055s] -- Up-to-date symlink: /home/john/Documents/ros2_ws/install/my_robot_bringup/share/my_robot_bringup/local_setup.sh
[0.055s] -- Up-to-date symlink: /home/john/Documents/ros2_ws/install/my_robot_bringup/share/my_robot_bringup/local_setup.zsh
[0.055s] -- Up-to-date symlink: /home/john/Documents/ros2_ws/install/my_robot_bringup/share/my_robot_bringup/local_setup.dsv
[0.055s] -- Symlinking: /home/john/Documents/ros2_ws/install/my_robot_bringup/share/my_robot_bringup/package.dsv
[0.059s] -- Up-to-date symlink: /home/john/Documents/ros2_ws/install/my_robot_bringup/share/ament_index/resource_index/packages/my_robot_bringup
[0.059s] -- Up-to-date symlink: /home/john/Documents/ros2_ws/install/my_robot_bringup/share/my_robot_bringup/cmake/my_robot_bringupConfig.cmake
[0.059s] -- Up-to-date symlink: /home/john/Documents/ros2_ws/install/my_robot_bringup/share/my_robot_bringup/cmake/my_robot_bringupConfig-version.cmake
[0.060s] -- Up-to-date symlink: /home/john/Documents/ros2_ws/install/my_robot_bringup/share/my_robot_bringup/package.xml
[0.061s] Invoked command in '/home/john/Documents/ros2_ws/build/my_robot_bringup' returned '0': CMAKE_PREFIX_PATH=${CMAKE_PREFIX_PATH}:/home/john/Documents/ros2_ws/install/my_py_pkg:/opt/ros/humble LD_LIBRARY_PATH=/home/john/Documents/ros2_ws/install/my_robot_interface/lib:/usr/local/cuda/lib64:/usr/local/cuda/lib64:/opt/ros/humble/opt/rviz_ogre_vendor/lib:/opt/ros/humble/lib/x86_64-linux-gnu:/opt/ros/humble/lib PYTHONPATH=/home/john/Documents/ros2_ws/install/my_py_pkg/lib/python3.10/site-packages:/home/john/Documents/ros2_ws/build/my_py_pkg:/home/john/Documents/ros2_ws/install/my_robot_interface/local/lib/python3.10/dist-packages:/opt/ros/humble/lib/python3.10/site-packages:/opt/ros/humble/local/lib/python3.10/dist-packages /usr/bin/cmake --install /home/john/Documents/ros2_ws/build/my_robot_bringup
