[0.153s] Invoking command in '/home/john/Documents/ros2_ws/build/my_robot_bringup': AMENT_PREFIX_PATH=/home/john/Documents/ros2_ws/install/turtlesim_catch_them_all:/home/john/Documents/ros2_ws/install/my_py_pkg:/home/john/Documents/ros2_ws/install/my_robot_bringup:/home/john/Documents/ros2_ws/install/my_robot_interface:/home/john/Documents/ros2_ws/install/my_cpp_pkg:/opt/ros/humble CMAKE_PREFIX_PATH=/home/john/Documents/ros2_ws/install/my_robot_interface:/home/john/Documents/ros2_ws/install/my_robot_bringup:/home/john/Documents/ros2_ws/install/my_cpp_pkg:/home/john/Documents/ros2_ws/install/turtlesim_catch_them_all:/home/john/Documents/ros2_ws/install/my_py_pkg:/opt/ros/humble LD_LIBRARY_PATH=/home/john/Documents/ros2_ws/install/my_robot_interface/lib:/usr/local/cuda/lib64:/opt/ros/humble/opt/rviz_ogre_vendor/lib:/opt/ros/humble/lib/x86_64-linux-gnu:/opt/ros/humble/lib /usr/bin/cmake /home/john/Documents/ros2_ws/src/my_robot_bringup -DCMAKE_INSTALL_PREFIX=/home/john/Documents/ros2_ws/install/my_robot_bringup
[1.490s] -- Found ament_cmake: 1.3.5 (/opt/ros/humble/share/ament_cmake/cmake)
[1.978s] -- Override CMake install command with custom implementation using symlinks instead of copying resources
[2.525s] -- Configuring done
[2.691s] -- Generating done
[2.693s] -- Build files have been written to: /home/john/Documents/ros2_ws/build/my_robot_bringup
[2.710s] Invoked command in '/home/john/Documents/ros2_ws/build/my_robot_bringup' returned '0': AMENT_PREFIX_PATH=/home/john/Documents/ros2_ws/install/turtlesim_catch_them_all:/home/john/Documents/ros2_ws/install/my_py_pkg:/home/john/Documents/ros2_ws/install/my_robot_bringup:/home/john/Documents/ros2_ws/install/my_robot_interface:/home/john/Documents/ros2_ws/install/my_cpp_pkg:/opt/ros/humble CMAKE_PREFIX_PATH=/home/john/Documents/ros2_ws/install/my_robot_interface:/home/john/Documents/ros2_ws/install/my_robot_bringup:/home/john/Documents/ros2_ws/install/my_cpp_pkg:/home/john/Documents/ros2_ws/install/turtlesim_catch_them_all:/home/john/Documents/ros2_ws/install/my_py_pkg:/opt/ros/humble LD_LIBRARY_PATH=/home/john/Documents/ros2_ws/install/my_robot_interface/lib:/usr/local/cuda/lib64:/opt/ros/humble/opt/rviz_ogre_vendor/lib:/opt/ros/humble/lib/x86_64-linux-gnu:/opt/ros/humble/lib /usr/bin/cmake /home/john/Documents/ros2_ws/src/my_robot_bringup -DCMAKE_INSTALL_PREFIX=/home/john/Documents/ros2_ws/install/my_robot_bringup
[2.713s] Invoking command in '/home/john/Documents/ros2_ws/build/my_robot_bringup': AMENT_PREFIX_PATH=/home/john/Documents/ros2_ws/install/turtlesim_catch_them_all:/home/john/Documents/ros2_ws/install/my_py_pkg:/home/john/Documents/ros2_ws/install/my_robot_bringup:/home/john/Documents/ros2_ws/install/my_robot_interface:/home/john/Documents/ros2_ws/install/my_cpp_pkg:/opt/ros/humble CMAKE_PREFIX_PATH=/home/john/Documents/ros2_ws/install/my_robot_interface:/home/john/Documents/ros2_ws/install/my_robot_bringup:/home/john/Documents/ros2_ws/install/my_cpp_pkg:/home/john/Documents/ros2_ws/install/turtlesim_catch_them_all:/home/john/Documents/ros2_ws/install/my_py_pkg:/opt/ros/humble LD_LIBRARY_PATH=/home/john/Documents/ros2_ws/install/my_robot_interface/lib:/usr/local/cuda/lib64:/opt/ros/humble/opt/rviz_ogre_vendor/lib:/opt/ros/humble/lib/x86_64-linux-gnu:/opt/ros/humble/lib /usr/bin/cmake --build /home/john/Documents/ros2_ws/build/my_robot_bringup -- -j16 -l16
[2.745s] Invoked command in '/home/john/Documents/ros2_ws/build/my_robot_bringup' returned '0': AMENT_PREFIX_PATH=/home/john/Documents/ros2_ws/install/turtlesim_catch_them_all:/home/john/Documents/ros2_ws/install/my_py_pkg:/home/john/Documents/ros2_ws/install/my_robot_bringup:/home/john/Documents/ros2_ws/install/my_robot_interface:/home/john/Documents/ros2_ws/install/my_cpp_pkg:/opt/ros/humble CMAKE_PREFIX_PATH=/home/john/Documents/ros2_ws/install/my_robot_interface:/home/john/Documents/ros2_ws/install/my_robot_bringup:/home/john/Documents/ros2_ws/install/my_cpp_pkg:/home/john/Documents/ros2_ws/install/turtlesim_catch_them_all:/home/john/Documents/ros2_ws/install/my_py_pkg:/opt/ros/humble LD_LIBRARY_PATH=/home/john/Documents/ros2_ws/install/my_robot_interface/lib:/usr/local/cuda/lib64:/opt/ros/humble/opt/rviz_ogre_vendor/lib:/opt/ros/humble/lib/x86_64-linux-gnu:/opt/ros/humble/lib /usr/bin/cmake --build /home/john/Documents/ros2_ws/build/my_robot_bringup -- -j16 -l16
[2.762s] Invoking command in '/home/john/Documents/ros2_ws/build/my_robot_bringup': AMENT_PREFIX_PATH=/home/john/Documents/ros2_ws/install/turtlesim_catch_them_all:/home/john/Documents/ros2_ws/install/my_py_pkg:/home/john/Documents/ros2_ws/install/my_robot_bringup:/home/john/Documents/ros2_ws/install/my_robot_interface:/home/john/Documents/ros2_ws/install/my_cpp_pkg:/opt/ros/humble CMAKE_PREFIX_PATH=/home/john/Documents/ros2_ws/install/my_robot_interface:/home/john/Documents/ros2_ws/install/my_robot_bringup:/home/john/Documents/ros2_ws/install/my_cpp_pkg:/home/john/Documents/ros2_ws/install/turtlesim_catch_them_all:/home/john/Documents/ros2_ws/install/my_py_pkg:/opt/ros/humble LD_LIBRARY_PATH=/home/john/Documents/ros2_ws/install/my_robot_interface/lib:/usr/local/cuda/lib64:/opt/ros/humble/opt/rviz_ogre_vendor/lib:/opt/ros/humble/lib/x86_64-linux-gnu:/opt/ros/humble/lib /usr/bin/cmake --install /home/john/Documents/ros2_ws/build/my_robot_bringup
[2.766s] -- Install configuration: ""
[2.766s] -- Execute custom install script
[2.766s] -- Up-to-date symlink: /home/john/Documents/ros2_ws/install/my_robot_bringup/share/my_robot_bringup/lauch/news_station_app.launch.py
[2.766s] -- Up-to-date symlink: /home/john/Documents/ros2_ws/install/my_robot_bringup/share/my_robot_bringup/lauch/number_app.launch.py
[2.766s] -- Symlinking: /home/john/Documents/ros2_ws/install/my_robot_bringup/share/my_robot_bringup/lauch/turtlesim_catch_them_all.launch.py
[2.771s] -- Up-to-date symlink: /home/john/Documents/ros2_ws/install/my_robot_bringup/share/ament_index/resource_index/package_run_dependencies/my_robot_bringup
[2.771s] -- Up-to-date symlink: /home/john/Documents/ros2_ws/install/my_robot_bringup/share/ament_index/resource_index/parent_prefix_path/my_robot_bringup
[2.771s] -- Up-to-date symlink: /home/john/Documents/ros2_ws/install/my_robot_bringup/share/my_robot_bringup/environment/ament_prefix_path.sh
[2.772s] -- Up-to-date symlink: /home/john/Documents/ros2_ws/install/my_robot_bringup/share/my_robot_bringup/environment/ament_prefix_path.dsv
[2.772s] -- Up-to-date symlink: /home/john/Documents/ros2_ws/install/my_robot_bringup/share/my_robot_bringup/environment/path.sh
[2.772s] -- Up-to-date symlink: /home/john/Documents/ros2_ws/install/my_robot_bringup/share/my_robot_bringup/environment/path.dsv
[2.772s] -- Up-to-date symlink: /home/john/Documents/ros2_ws/install/my_robot_bringup/share/my_robot_bringup/local_setup.bash
[2.772s] -- Up-to-date symlink: /home/john/Documents/ros2_ws/install/my_robot_bringup/share/my_robot_bringup/local_setup.sh
[2.772s] -- Up-to-date symlink: /home/john/Documents/ros2_ws/install/my_robot_bringup/share/my_robot_bringup/local_setup.zsh
[2.772s] -- Up-to-date symlink: /home/john/Documents/ros2_ws/install/my_robot_bringup/share/my_robot_bringup/local_setup.dsv
[2.772s] -- Symlinking: /home/john/Documents/ros2_ws/install/my_robot_bringup/share/my_robot_bringup/package.dsv
[2.776s] -- Up-to-date symlink: /home/john/Documents/ros2_ws/install/my_robot_bringup/share/ament_index/resource_index/packages/my_robot_bringup
[2.776s] -- Up-to-date symlink: /home/john/Documents/ros2_ws/install/my_robot_bringup/share/my_robot_bringup/cmake/my_robot_bringupConfig.cmake
[2.776s] -- Up-to-date symlink: /home/john/Documents/ros2_ws/install/my_robot_bringup/share/my_robot_bringup/cmake/my_robot_bringupConfig-version.cmake
[2.776s] -- Up-to-date symlink: /home/john/Documents/ros2_ws/install/my_robot_bringup/share/my_robot_bringup/package.xml
[2.778s] Invoked command in '/home/john/Documents/ros2_ws/build/my_robot_bringup' returned '0': AMENT_PREFIX_PATH=/home/john/Documents/ros2_ws/install/turtlesim_catch_them_all:/home/john/Documents/ros2_ws/install/my_py_pkg:/home/john/Documents/ros2_ws/install/my_robot_bringup:/home/john/Documents/ros2_ws/install/my_robot_interface:/home/john/Documents/ros2_ws/install/my_cpp_pkg:/opt/ros/humble CMAKE_PREFIX_PATH=/home/john/Documents/ros2_ws/install/my_robot_interface:/home/john/Documents/ros2_ws/install/my_robot_bringup:/home/john/Documents/ros2_ws/install/my_cpp_pkg:/home/john/Documents/ros2_ws/install/turtlesim_catch_them_all:/home/john/Documents/ros2_ws/install/my_py_pkg:/opt/ros/humble LD_LIBRARY_PATH=/home/john/Documents/ros2_ws/install/my_robot_interface/lib:/usr/local/cuda/lib64:/opt/ros/humble/opt/rviz_ogre_vendor/lib:/opt/ros/humble/lib/x86_64-linux-gnu:/opt/ros/humble/lib /usr/bin/cmake --install /home/john/Documents/ros2_ws/build/my_robot_bringup
