[0.010s] Invoking command in '/home/john/Documents/ros2_ws/build/my_robot_bringup': CMAKE_PREFIX_PATH=${CMAKE_PREFIX_PATH}:/home/john/Documents/ros2_ws/install/my_py_pkg:/opt/ros/humble LD_LIBRARY_PATH=/home/john/Documents/ros2_ws/install/my_robot_interface/lib:/usr/local/cuda/lib64:/usr/local/cuda/lib64:/opt/ros/humble/opt/rviz_ogre_vendor/lib:/opt/ros/humble/lib/x86_64-linux-gnu:/opt/ros/humble/lib PYTHONPATH=/home/john/Documents/ros2_ws/install/my_py_pkg/lib/python3.10/site-packages:/home/john/Documents/ros2_ws/build/my_py_pkg:/home/john/Documents/ros2_ws/install/my_robot_interface/local/lib/python3.10/dist-packages:/opt/ros/humble/lib/python3.10/site-packages:/opt/ros/humble/local/lib/python3.10/dist-packages /usr/bin/cmake /home/john/Documents/ros2_ws/src/my_robot_bringup -DAMENT_CMAKE_SYMLINK_INSTALL=1 -DCMAKE_INSTALL_PREFIX=/home/john/Documents/ros2_ws/install/my_robot_bringup
[0.017s] -- Found ament_cmake: 1.3.5 (/opt/ros/humble/share/ament_cmake/cmake)
[0.097s] -- Override CMake install command with custom implementation using symlinks instead of copying resources
[0.852s] -- Configuring done
[0.854s] -- Generating done
[1.137s] -- Build files have been written to: /home/john/Documents/ros2_ws/build/my_robot_bringup
[1.143s] Invoked command in '/home/john/Documents/ros2_ws/build/my_robot_bringup' returned '0': CMAKE_PREFIX_PATH=${CMAKE_PREFIX_PATH}:/home/john/Documents/ros2_ws/install/my_py_pkg:/opt/ros/humble LD_LIBRARY_PATH=/home/john/Documents/ros2_ws/install/my_robot_interface/lib:/usr/local/cuda/lib64:/usr/local/cuda/lib64:/opt/ros/humble/opt/rviz_ogre_vendor/lib:/opt/ros/humble/lib/x86_64-linux-gnu:/opt/ros/humble/lib PYTHONPATH=/home/john/Documents/ros2_ws/install/my_py_pkg/lib/python3.10/site-packages:/home/john/Documents/ros2_ws/build/my_py_pkg:/home/john/Documents/ros2_ws/install/my_robot_interface/local/lib/python3.10/dist-packages:/opt/ros/humble/lib/python3.10/site-packages:/opt/ros/humble/local/lib/python3.10/dist-packages /usr/bin/cmake /home/john/Documents/ros2_ws/src/my_robot_bringup -DAMENT_CMAKE_SYMLINK_INSTALL=1 -DCMAKE_INSTALL_PREFIX=/home/john/Documents/ros2_ws/install/my_robot_bringup
[1.147s] Invoking command in '/home/john/Documents/ros2_ws/build/my_robot_bringup': CMAKE_PREFIX_PATH=${CMAKE_PREFIX_PATH}:/home/john/Documents/ros2_ws/install/my_py_pkg:/opt/ros/humble LD_LIBRARY_PATH=/home/john/Documents/ros2_ws/install/my_robot_interface/lib:/usr/local/cuda/lib64:/usr/local/cuda/lib64:/opt/ros/humble/opt/rviz_ogre_vendor/lib:/opt/ros/humble/lib/x86_64-linux-gnu:/opt/ros/humble/lib PYTHONPATH=/home/john/Documents/ros2_ws/install/my_py_pkg/lib/python3.10/site-packages:/home/john/Documents/ros2_ws/build/my_py_pkg:/home/john/Documents/ros2_ws/install/my_robot_interface/local/lib/python3.10/dist-packages:/opt/ros/humble/lib/python3.10/site-packages:/opt/ros/humble/local/lib/python3.10/dist-packages /usr/bin/cmake --build /home/john/Documents/ros2_ws/build/my_robot_bringup -- -j16 -l16
[1.173s] Invoked command in '/home/john/Documents/ros2_ws/build/my_robot_bringup' returned '0': CMAKE_PREFIX_PATH=${CMAKE_PREFIX_PATH}:/home/john/Documents/ros2_ws/install/my_py_pkg:/opt/ros/humble LD_LIBRARY_PATH=/home/john/Documents/ros2_ws/install/my_robot_interface/lib:/usr/local/cuda/lib64:/usr/local/cuda/lib64:/opt/ros/humble/opt/rviz_ogre_vendor/lib:/opt/ros/humble/lib/x86_64-linux-gnu:/opt/ros/humble/lib PYTHONPATH=/home/john/Documents/ros2_ws/install/my_py_pkg/lib/python3.10/site-packages:/home/john/Documents/ros2_ws/build/my_py_pkg:/home/john/Documents/ros2_ws/install/my_robot_interface/local/lib/python3.10/dist-packages:/opt/ros/humble/lib/python3.10/site-packages:/opt/ros/humble/local/lib/python3.10/dist-packages /usr/bin/cmake --build /home/john/Documents/ros2_ws/build/my_robot_bringup -- -j16 -l16
[1.189s] Invoking command in '/home/john/Documents/ros2_ws/build/my_robot_bringup': CMAKE_PREFIX_PATH=${CMAKE_PREFIX_PATH}:/home/john/Documents/ros2_ws/install/my_py_pkg:/opt/ros/humble LD_LIBRARY_PATH=/home/john/Documents/ros2_ws/install/my_robot_interface/lib:/usr/local/cuda/lib64:/usr/local/cuda/lib64:/opt/ros/humble/opt/rviz_ogre_vendor/lib:/opt/ros/humble/lib/x86_64-linux-gnu:/opt/ros/humble/lib PYTHONPATH=/home/john/Documents/ros2_ws/install/my_py_pkg/lib/python3.10/site-packages:/home/john/Documents/ros2_ws/build/my_py_pkg:/home/john/Documents/ros2_ws/install/my_robot_interface/local/lib/python3.10/dist-packages:/opt/ros/humble/lib/python3.10/site-packages:/opt/ros/humble/local/lib/python3.10/dist-packages /usr/bin/cmake --install /home/john/Documents/ros2_ws/build/my_robot_bringup
[1.193s] -- Install configuration: ""
[1.193s] -- Execute custom install script
[1.193s] -- Symlinking: /home/john/Documents/ros2_ws/install/my_robot_bringup/share/$(PROJECT_NAME)/lauch/number_app.launch.py
[1.198s] -- Symlinking: /home/john/Documents/ros2_ws/install/my_robot_bringup/share/ament_index/resource_index/package_run_dependencies/my_robot_bringup
[1.202s] -- Symlinking: /home/john/Documents/ros2_ws/install/my_robot_bringup/share/ament_index/resource_index/parent_prefix_path/my_robot_bringup
[1.207s] -- Symlinking: /home/john/Documents/ros2_ws/install/my_robot_bringup/share/my_robot_bringup/environment/ament_prefix_path.sh
[1.211s] -- Symlinking: /home/john/Documents/ros2_ws/install/my_robot_bringup/share/my_robot_bringup/environment/ament_prefix_path.dsv
[1.216s] -- Symlinking: /home/john/Documents/ros2_ws/install/my_robot_bringup/share/my_robot_bringup/environment/path.sh
[1.220s] -- Symlinking: /home/john/Documents/ros2_ws/install/my_robot_bringup/share/my_robot_bringup/environment/path.dsv
[1.225s] -- Symlinking: /home/john/Documents/ros2_ws/install/my_robot_bringup/share/my_robot_bringup/local_setup.bash
[1.230s] -- Symlinking: /home/john/Documents/ros2_ws/install/my_robot_bringup/share/my_robot_bringup/local_setup.sh
[1.235s] -- Symlinking: /home/john/Documents/ros2_ws/install/my_robot_bringup/share/my_robot_bringup/local_setup.zsh
[1.241s] -- Symlinking: /home/john/Documents/ros2_ws/install/my_robot_bringup/share/my_robot_bringup/local_setup.dsv
[1.246s] -- Symlinking: /home/john/Documents/ros2_ws/install/my_robot_bringup/share/my_robot_bringup/package.dsv
[1.251s] -- Symlinking: /home/john/Documents/ros2_ws/install/my_robot_bringup/share/ament_index/resource_index/packages/my_robot_bringup
[1.257s] -- Symlinking: /home/john/Documents/ros2_ws/install/my_robot_bringup/share/my_robot_bringup/cmake/my_robot_bringupConfig.cmake
[1.261s] -- Symlinking: /home/john/Documents/ros2_ws/install/my_robot_bringup/share/my_robot_bringup/cmake/my_robot_bringupConfig-version.cmake
[1.266s] -- Symlinking: /home/john/Documents/ros2_ws/install/my_robot_bringup/share/my_robot_bringup/package.xml
[1.272s] Invoked command in '/home/john/Documents/ros2_ws/build/my_robot_bringup' returned '0': CMAKE_PREFIX_PATH=${CMAKE_PREFIX_PATH}:/home/john/Documents/ros2_ws/install/my_py_pkg:/opt/ros/humble LD_LIBRARY_PATH=/home/john/Documents/ros2_ws/install/my_robot_interface/lib:/usr/local/cuda/lib64:/usr/local/cuda/lib64:/opt/ros/humble/opt/rviz_ogre_vendor/lib:/opt/ros/humble/lib/x86_64-linux-gnu:/opt/ros/humble/lib PYTHONPATH=/home/john/Documents/ros2_ws/install/my_py_pkg/lib/python3.10/site-packages:/home/john/Documents/ros2_ws/build/my_py_pkg:/home/john/Documents/ros2_ws/install/my_robot_interface/local/lib/python3.10/dist-packages:/opt/ros/humble/lib/python3.10/site-packages:/opt/ros/humble/local/lib/python3.10/dist-packages /usr/bin/cmake --install /home/john/Documents/ros2_ws/build/my_robot_bringup
