[0.009s] Invoking command in '/home/john/Documents/ros2_ws/build/my_robot_interface': CMAKE_PREFIX_PATH=${CMAKE_PREFIX_PATH}:/home/john/Documents/ros2_ws/install/my_py_pkg:/opt/ros/humble /usr/bin/cmake --build /home/john/Documents/ros2_ws/build/my_robot_interface -- -j16 -l16
[0.032s] [35m[1mConsolidate compiler generated dependencies of target my_robot_interface__rosidl_generator_c[0m
[0.038s] [  1%] Built target my_robot_interface__cpp
[0.040s] [ 12%] Built target my_robot_interface__rosidl_generator_c
[0.044s] [ 12%] Built target ament_cmake_python_copy_my_robot_interface
[0.045s] [35m[1mConsolidate compiler generated dependencies of target my_robot_interface__rosidl_typesupport_cpp[0m
[0.045s] [35m[1mConsolidate compiler generated dependencies of target my_robot_interface__rosidl_typesupport_fastrtps_cpp[0m
[0.047s] [35m[1mConsolidate compiler generated dependencies of target my_robot_interface__rosidl_typesupport_introspection_cpp[0m
[0.047s] [35m[1mConsolidate compiler generated dependencies of target my_robot_interface__rosidl_typesupport_fastrtps_c[0m
[0.049s] [35m[1mConsolidate compiler generated dependencies of target my_robot_interface__rosidl_typesupport_c[0m
[0.049s] [35m[1mConsolidate compiler generated dependencies of target my_robot_interface__rosidl_typesupport_introspection_c[0m
[0.056s] [ 23%] Built target my_robot_interface__rosidl_typesupport_cpp
[0.058s] [ 34%] Built target my_robot_interface__rosidl_typesupport_c
[0.058s] [ 45%] Built target my_robot_interface__rosidl_typesupport_fastrtps_cpp
[0.060s] [ 56%] Built target my_robot_interface__rosidl_typesupport_introspection_c
[0.065s] [ 70%] Built target my_robot_interface__rosidl_typesupport_fastrtps_c
[0.065s] [ 78%] Built target my_robot_interface__rosidl_typesupport_introspection_cpp
[0.077s] [ 78%] Built target my_robot_interface
[0.089s] [ 80%] Built target my_robot_interface__py
[0.095s] [35m[1mConsolidate compiler generated dependencies of target my_robot_interface__rosidl_generator_py[0m
[0.106s] [ 89%] Built target my_robot_interface__rosidl_generator_py
[0.112s] [35m[1mConsolidate compiler generated dependencies of target my_robot_interface__rosidl_typesupport_fastrtps_c__pyext[0m
[0.112s] [35m[1mConsolidate compiler generated dependencies of target my_robot_interface__rosidl_typesupport_introspection_c__pyext[0m
[0.114s] [35m[1mConsolidate compiler generated dependencies of target my_robot_interface__rosidl_typesupport_c__pyext[0m
[0.122s] [ 92%] Built target my_robot_interface__rosidl_typesupport_fastrtps_c__pyext
[0.123s] [ 96%] Built target my_robot_interface__rosidl_typesupport_c__pyext
[0.123s] [100%] Built target my_robot_interface__rosidl_typesupport_introspection_c__pyext
[0.194s] running egg_info
[0.194s] writing my_robot_interface.egg-info/PKG-INFO
[0.194s] writing dependency_links to my_robot_interface.egg-info/dependency_links.txt
[0.194s] writing top-level names to my_robot_interface.egg-info/top_level.txt
[0.196s] reading manifest file 'my_robot_interface.egg-info/SOURCES.txt'
[0.196s] writing manifest file 'my_robot_interface.egg-info/SOURCES.txt'
[0.214s] [100%] Built target ament_cmake_python_build_my_robot_interface_egg
[0.222s] Invoked command in '/home/john/Documents/ros2_ws/build/my_robot_interface' returned '0': CMAKE_PREFIX_PATH=${CMAKE_PREFIX_PATH}:/home/john/Documents/ros2_ws/install/my_py_pkg:/opt/ros/humble /usr/bin/cmake --build /home/john/Documents/ros2_ws/build/my_robot_interface -- -j16 -l16
[0.285s] Invoking command in '/home/john/Documents/ros2_ws/build/my_robot_interface': CMAKE_PREFIX_PATH=${CMAKE_PREFIX_PATH}:/home/john/Documents/ros2_ws/install/my_py_pkg:/opt/ros/humble /usr/bin/cmake --install /home/john/Documents/ros2_ws/build/my_robot_interface
[0.289s] -- Install configuration: ""
[0.289s] -- Up-to-date: /home/john/Documents/ros2_ws/install/my_robot_interface/share/ament_index/resource_index/rosidl_interfaces/my_robot_interface
[0.289s] -- Up-to-date: /home/john/Documents/ros2_ws/install/my_robot_interface/include/my_robot_interface/my_robot_interface
[0.289s] -- Up-to-date: /home/john/Documents/ros2_ws/install/my_robot_interface/include/my_robot_interface/my_robot_interface/srv
[0.289s] -- Up-to-date: /home/john/Documents/ros2_ws/install/my_robot_interface/include/my_robot_interface/my_robot_interface/srv/detail
[0.289s] -- Up-to-date: /home/john/Documents/ros2_ws/install/my_robot_interface/include/my_robot_interface/my_robot_interface/srv/detail/led_control__type_support.h
[0.290s] -- Up-to-date: /home/john/Documents/ros2_ws/install/my_robot_interface/include/my_robot_interface/my_robot_interface/srv/detail/compute_rectangle_area__struct.h
[0.290s] -- Up-to-date: /home/john/Documents/ros2_ws/install/my_robot_interface/include/my_robot_interface/my_robot_interface/srv/detail/compute_rectangle_area__functions.c
[0.290s] -- Up-to-date: /home/john/Documents/ros2_ws/install/my_robot_interface/include/my_robot_interface/my_robot_interface/srv/detail/compute_rectangle_area__functions.h
[0.290s] -- Up-to-date: /home/john/Documents/ros2_ws/install/my_robot_interface/include/my_robot_interface/my_robot_interface/srv/detail/led_control__struct.h
[0.290s] -- Up-to-date: /home/john/Documents/ros2_ws/install/my_robot_interface/include/my_robot_interface/my_robot_interface/srv/detail/compute_rectangle_area__type_support.h
[0.290s] -- Up-to-date: /home/john/Documents/ros2_ws/install/my_robot_interface/include/my_robot_interface/my_robot_interface/srv/detail/led_control__functions.c
[0.291s] -- Up-to-date: /home/john/Documents/ros2_ws/install/my_robot_interface/include/my_robot_interface/my_robot_interface/srv/detail/led_control__functions.h
[0.291s] -- Up-to-date: /home/john/Documents/ros2_ws/install/my_robot_interface/include/my_robot_interface/my_robot_interface/srv/led_control.h
[0.291s] -- Up-to-date: /home/john/Documents/ros2_ws/install/my_robot_interface/include/my_robot_interface/my_robot_interface/srv/compute_rectangle_area.h
[0.291s] -- Up-to-date: /home/john/Documents/ros2_ws/install/my_robot_interface/include/my_robot_interface/my_robot_interface/msg
[0.291s] -- Up-to-date: /home/john/Documents/ros2_ws/install/my_robot_interface/include/my_robot_interface/my_robot_interface/msg/led_status.h
[0.291s] -- Up-to-date: /home/john/Documents/ros2_ws/install/my_robot_interface/include/my_robot_interface/my_robot_interface/msg/detail
[0.291s] -- Up-to-date: /home/john/Documents/ros2_ws/install/my_robot_interface/include/my_robot_interface/my_robot_interface/msg/detail/hardware_status__struct.h
[0.291s] -- Up-to-date: /home/john/Documents/ros2_ws/install/my_robot_interface/include/my_robot_interface/my_robot_interface/msg/detail/hardware_status__functions.h
[0.291s] -- Up-to-date: /home/john/Documents/ros2_ws/install/my_robot_interface/include/my_robot_interface/my_robot_interface/msg/detail/led_status__type_support.h
[0.291s] -- Up-to-date: /home/john/Documents/ros2_ws/install/my_robot_interface/include/my_robot_interface/my_robot_interface/msg/detail/hardware_status__type_support.h
[0.291s] -- Up-to-date: /home/john/Documents/ros2_ws/install/my_robot_interface/include/my_robot_interface/my_robot_interface/msg/detail/led_status__functions.c
[0.291s] -- Up-to-date: /home/john/Documents/ros2_ws/install/my_robot_interface/include/my_robot_interface/my_robot_interface/msg/detail/led_status__functions.h
[0.291s] -- Up-to-date: /home/john/Documents/ros2_ws/install/my_robot_interface/include/my_robot_interface/my_robot_interface/msg/detail/hardware_status__functions.c
[0.291s] -- Up-to-date: /home/john/Documents/ros2_ws/install/my_robot_interface/include/my_robot_interface/my_robot_interface/msg/detail/led_status__struct.h
[0.291s] -- Up-to-date: /home/john/Documents/ros2_ws/install/my_robot_interface/include/my_robot_interface/my_robot_interface/msg/hardware_status.h
[0.291s] -- Up-to-date: /home/john/Documents/ros2_ws/install/my_robot_interface/include/my_robot_interface/my_robot_interface/msg/rosidl_generator_c__visibility_control.h
[0.291s] -- Up-to-date: /home/john/Documents/ros2_ws/install/my_robot_interface/share/my_robot_interface/environment/library_path.sh
[0.291s] -- Up-to-date: /home/john/Documents/ros2_ws/install/my_robot_interface/share/my_robot_interface/environment/library_path.dsv
[0.291s] -- Up-to-date: /home/john/Documents/ros2_ws/install/my_robot_interface/lib/libmy_robot_interface__rosidl_generator_c.so
[0.292s] -- Up-to-date: /home/john/Documents/ros2_ws/install/my_robot_interface/include/my_robot_interface/my_robot_interface
[0.292s] -- Up-to-date: /home/john/Documents/ros2_ws/install/my_robot_interface/include/my_robot_interface/my_robot_interface/srv
[0.292s] -- Up-to-date: /home/john/Documents/ros2_ws/install/my_robot_interface/include/my_robot_interface/my_robot_interface/srv/detail
[0.292s] -- Up-to-date: /home/john/Documents/ros2_ws/install/my_robot_interface/include/my_robot_interface/my_robot_interface/srv/detail/compute_rectangle_area__rosidl_typesupport_fastrtps_c.h
[0.292s] -- Up-to-date: /home/john/Documents/ros2_ws/install/my_robot_interface/include/my_robot_interface/my_robot_interface/srv/detail/led_control__rosidl_typesupport_fastrtps_c.h
[0.292s] -- Up-to-date: /home/john/Documents/ros2_ws/install/my_robot_interface/include/my_robot_interface/my_robot_interface/msg
[0.292s] -- Up-to-date: /home/john/Documents/ros2_ws/install/my_robot_interface/include/my_robot_interface/my_robot_interface/msg/detail
[0.292s] -- Up-to-date: /home/john/Documents/ros2_ws/install/my_robot_interface/include/my_robot_interface/my_robot_interface/msg/detail/hardware_status__rosidl_typesupport_fastrtps_c.h
[0.292s] -- Up-to-date: /home/john/Documents/ros2_ws/install/my_robot_interface/include/my_robot_interface/my_robot_interface/msg/detail/led_status__rosidl_typesupport_fastrtps_c.h
[0.292s] -- Up-to-date: /home/john/Documents/ros2_ws/install/my_robot_interface/include/my_robot_interface/my_robot_interface/msg/rosidl_typesupport_fastrtps_c__visibility_control.h
[0.292s] -- Up-to-date: /home/john/Documents/ros2_ws/install/my_robot_interface/lib/libmy_robot_interface__rosidl_typesupport_fastrtps_c.so
[0.292s] -- Up-to-date: /home/john/Documents/ros2_ws/install/my_robot_interface/include/my_robot_interface/my_robot_interface
[0.292s] -- Up-to-date: /home/john/Documents/ros2_ws/install/my_robot_interface/include/my_robot_interface/my_robot_interface/srv
[0.292s] -- Up-to-date: /home/john/Documents/ros2_ws/install/my_robot_interface/include/my_robot_interface/my_robot_interface/srv/detail
[0.292s] -- Up-to-date: /home/john/Documents/ros2_ws/install/my_robot_interface/include/my_robot_interface/my_robot_interface/srv/detail/compute_rectangle_area__rosidl_typesupport_introspection_c.h
[0.292s] -- Up-to-date: /home/john/Documents/ros2_ws/install/my_robot_interface/include/my_robot_interface/my_robot_interface/srv/detail/led_control__rosidl_typesupport_introspection_c.h
[0.292s] -- Up-to-date: /home/john/Documents/ros2_ws/install/my_robot_interface/include/my_robot_interface/my_robot_interface/srv/detail/led_control__type_support.c
[0.292s] -- Up-to-date: /home/john/Documents/ros2_ws/install/my_robot_interface/include/my_robot_interface/my_robot_interface/srv/detail/compute_rectangle_area__type_support.c
[0.292s] -- Up-to-date: /home/john/Documents/ros2_ws/install/my_robot_interface/include/my_robot_interface/my_robot_interface/msg
[0.292s] -- Up-to-date: /home/john/Documents/ros2_ws/install/my_robot_interface/include/my_robot_interface/my_robot_interface/msg/detail
[0.292s] -- Up-to-date: /home/john/Documents/ros2_ws/install/my_robot_interface/include/my_robot_interface/my_robot_interface/msg/detail/led_status__type_support.c
[0.292s] -- Up-to-date: /home/john/Documents/ros2_ws/install/my_robot_interface/include/my_robot_interface/my_robot_interface/msg/detail/led_status__rosidl_typesupport_introspection_c.h
[0.292s] -- Up-to-date: /home/john/Documents/ros2_ws/install/my_robot_interface/include/my_robot_interface/my_robot_interface/msg/detail/hardware_status__rosidl_typesupport_introspection_c.h
[0.292s] -- Up-to-date: /home/john/Documents/ros2_ws/install/my_robot_interface/include/my_robot_interface/my_robot_interface/msg/detail/hardware_status__type_support.c
[0.292s] -- Up-to-date: /home/john/Documents/ros2_ws/install/my_robot_interface/include/my_robot_interface/my_robot_interface/msg/rosidl_typesupport_introspection_c__visibility_control.h
[0.292s] -- Up-to-date: /home/john/Documents/ros2_ws/install/my_robot_interface/lib/libmy_robot_interface__rosidl_typesupport_introspection_c.so
[0.292s] -- Up-to-date: /home/john/Documents/ros2_ws/install/my_robot_interface/lib/libmy_robot_interface__rosidl_typesupport_c.so
[0.292s] -- Up-to-date: /home/john/Documents/ros2_ws/install/my_robot_interface/include/my_robot_interface/my_robot_interface
[0.293s] -- Up-to-date: /home/john/Documents/ros2_ws/install/my_robot_interface/include/my_robot_interface/my_robot_interface/srv
[0.293s] -- Up-to-date: /home/john/Documents/ros2_ws/install/my_robot_interface/include/my_robot_interface/my_robot_interface/srv/detail
[0.293s] -- Up-to-date: /home/john/Documents/ros2_ws/install/my_robot_interface/include/my_robot_interface/my_robot_interface/srv/detail/led_control__builder.hpp
[0.293s] -- Up-to-date: /home/john/Documents/ros2_ws/install/my_robot_interface/include/my_robot_interface/my_robot_interface/srv/detail/compute_rectangle_area__traits.hpp
[0.293s] -- Up-to-date: /home/john/Documents/ros2_ws/install/my_robot_interface/include/my_robot_interface/my_robot_interface/srv/detail/compute_rectangle_area__builder.hpp
[0.293s] -- Up-to-date: /home/john/Documents/ros2_ws/install/my_robot_interface/include/my_robot_interface/my_robot_interface/srv/detail/led_control__struct.hpp
[0.293s] -- Up-to-date: /home/john/Documents/ros2_ws/install/my_robot_interface/include/my_robot_interface/my_robot_interface/srv/detail/led_control__traits.hpp
[0.293s] -- Up-to-date: /home/john/Documents/ros2_ws/install/my_robot_interface/include/my_robot_interface/my_robot_interface/srv/detail/compute_rectangle_area__struct.hpp
[0.293s] -- Up-to-date: /home/john/Documents/ros2_ws/install/my_robot_interface/include/my_robot_interface/my_robot_interface/srv/led_control.hpp
[0.293s] -- Up-to-date: /home/john/Documents/ros2_ws/install/my_robot_interface/include/my_robot_interface/my_robot_interface/srv/compute_rectangle_area.hpp
[0.293s] -- Up-to-date: /home/john/Documents/ros2_ws/install/my_robot_interface/include/my_robot_interface/my_robot_interface/msg
[0.293s] -- Up-to-date: /home/john/Documents/ros2_ws/install/my_robot_interface/include/my_robot_interface/my_robot_interface/msg/detail
[0.293s] -- Up-to-date: /home/john/Documents/ros2_ws/install/my_robot_interface/include/my_robot_interface/my_robot_interface/msg/detail/hardware_status__struct.hpp
[0.293s] -- Up-to-date: /home/john/Documents/ros2_ws/install/my_robot_interface/include/my_robot_interface/my_robot_interface/msg/detail/hardware_status__builder.hpp
[0.293s] -- Up-to-date: /home/john/Documents/ros2_ws/install/my_robot_interface/include/my_robot_interface/my_robot_interface/msg/detail/hardware_status__traits.hpp
[0.293s] -- Up-to-date: /home/john/Documents/ros2_ws/install/my_robot_interface/include/my_robot_interface/my_robot_interface/msg/detail/led_status__traits.hpp
[0.293s] -- Up-to-date: /home/john/Documents/ros2_ws/install/my_robot_interface/include/my_robot_interface/my_robot_interface/msg/detail/led_status__struct.hpp
[0.293s] -- Up-to-date: /home/john/Documents/ros2_ws/install/my_robot_interface/include/my_robot_interface/my_robot_interface/msg/detail/led_status__builder.hpp
[0.293s] -- Up-to-date: /home/john/Documents/ros2_ws/install/my_robot_interface/include/my_robot_interface/my_robot_interface/msg/led_status.hpp
[0.293s] -- Up-to-date: /home/john/Documents/ros2_ws/install/my_robot_interface/include/my_robot_interface/my_robot_interface/msg/hardware_status.hpp
[0.293s] -- Up-to-date: /home/john/Documents/ros2_ws/install/my_robot_interface/include/my_robot_interface/my_robot_interface
[0.293s] -- Up-to-date: /home/john/Documents/ros2_ws/install/my_robot_interface/include/my_robot_interface/my_robot_interface/srv
[0.293s] -- Up-to-date: /home/john/Documents/ros2_ws/install/my_robot_interface/include/my_robot_interface/my_robot_interface/srv/detail
[0.293s] -- Up-to-date: /home/john/Documents/ros2_ws/install/my_robot_interface/include/my_robot_interface/my_robot_interface/srv/detail/led_control__rosidl_typesupport_fastrtps_cpp.hpp
[0.293s] -- Up-to-date: /home/john/Documents/ros2_ws/install/my_robot_interface/include/my_robot_interface/my_robot_interface/srv/detail/compute_rectangle_area__rosidl_typesupport_fastrtps_cpp.hpp
[0.293s] -- Up-to-date: /home/john/Documents/ros2_ws/install/my_robot_interface/include/my_robot_interface/my_robot_interface/srv/detail/dds_fastrtps
[0.293s] -- Up-to-date: /home/john/Documents/ros2_ws/install/my_robot_interface/include/my_robot_interface/my_robot_interface/msg
[0.293s] -- Up-to-date: /home/john/Documents/ros2_ws/install/my_robot_interface/include/my_robot_interface/my_robot_interface/msg/detail
[0.293s] -- Up-to-date: /home/john/Documents/ros2_ws/install/my_robot_interface/include/my_robot_interface/my_robot_interface/msg/detail/hardware_status__rosidl_typesupport_fastrtps_cpp.hpp
[0.293s] -- Up-to-date: /home/john/Documents/ros2_ws/install/my_robot_interface/include/my_robot_interface/my_robot_interface/msg/detail/led_status__rosidl_typesupport_fastrtps_cpp.hpp
[0.293s] -- Up-to-date: /home/john/Documents/ros2_ws/install/my_robot_interface/include/my_robot_interface/my_robot_interface/msg/detail/dds_fastrtps
[0.293s] -- Up-to-date: /home/john/Documents/ros2_ws/install/my_robot_interface/include/my_robot_interface/my_robot_interface/msg/rosidl_typesupport_fastrtps_cpp__visibility_control.h
[0.294s] -- Up-to-date: /home/john/Documents/ros2_ws/install/my_robot_interface/lib/libmy_robot_interface__rosidl_typesupport_fastrtps_cpp.so
[0.294s] -- Up-to-date: /home/john/Documents/ros2_ws/install/my_robot_interface/include/my_robot_interface/my_robot_interface
[0.294s] -- Up-to-date: /home/john/Documents/ros2_ws/install/my_robot_interface/include/my_robot_interface/my_robot_interface/srv
[0.294s] -- Up-to-date: /home/john/Documents/ros2_ws/install/my_robot_interface/include/my_robot_interface/my_robot_interface/srv/detail
[0.294s] -- Up-to-date: /home/john/Documents/ros2_ws/install/my_robot_interface/include/my_robot_interface/my_robot_interface/srv/detail/led_control__rosidl_typesupport_introspection_cpp.hpp
[0.294s] -- Up-to-date: /home/john/Documents/ros2_ws/install/my_robot_interface/include/my_robot_interface/my_robot_interface/srv/detail/led_control__type_support.cpp
[0.294s] -- Up-to-date: /home/john/Documents/ros2_ws/install/my_robot_interface/include/my_robot_interface/my_robot_interface/srv/detail/compute_rectangle_area__type_support.cpp
[0.294s] -- Up-to-date: /home/john/Documents/ros2_ws/install/my_robot_interface/include/my_robot_interface/my_robot_interface/srv/detail/compute_rectangle_area__rosidl_typesupport_introspection_cpp.hpp
[0.294s] -- Up-to-date: /home/john/Documents/ros2_ws/install/my_robot_interface/include/my_robot_interface/my_robot_interface/msg
[0.294s] -- Up-to-date: /home/john/Documents/ros2_ws/install/my_robot_interface/include/my_robot_interface/my_robot_interface/msg/detail
[0.294s] -- Up-to-date: /home/john/Documents/ros2_ws/install/my_robot_interface/include/my_robot_interface/my_robot_interface/msg/detail/hardware_status__rosidl_typesupport_introspection_cpp.hpp
[0.294s] -- Up-to-date: /home/john/Documents/ros2_ws/install/my_robot_interface/include/my_robot_interface/my_robot_interface/msg/detail/led_status__type_support.cpp
[0.294s] -- Up-to-date: /home/john/Documents/ros2_ws/install/my_robot_interface/include/my_robot_interface/my_robot_interface/msg/detail/hardware_status__type_support.cpp
[0.294s] -- Up-to-date: /home/john/Documents/ros2_ws/install/my_robot_interface/include/my_robot_interface/my_robot_interface/msg/detail/led_status__rosidl_typesupport_introspection_cpp.hpp
[0.294s] -- Up-to-date: /home/john/Documents/ros2_ws/install/my_robot_interface/lib/libmy_robot_interface__rosidl_typesupport_introspection_cpp.so
[0.294s] -- Up-to-date: /home/john/Documents/ros2_ws/install/my_robot_interface/lib/libmy_robot_interface__rosidl_typesupport_cpp.so
[0.294s] -- Up-to-date: /home/john/Documents/ros2_ws/install/my_robot_interface/share/my_robot_interface/environment/pythonpath.sh
[0.294s] -- Up-to-date: /home/john/Documents/ros2_ws/install/my_robot_interface/share/my_robot_interface/environment/pythonpath.dsv
[0.294s] -- Up-to-date: /home/john/Documents/ros2_ws/install/my_robot_interface/local/lib/python3.10/dist-packages/my_robot_interface-0.0.0-py3.10.egg-info
[0.294s] -- Installing: /home/john/Documents/ros2_ws/install/my_robot_interface/local/lib/python3.10/dist-packages/my_robot_interface-0.0.0-py3.10.egg-info/SOURCES.txt
[0.294s] -- Installing: /home/john/Documents/ros2_ws/install/my_robot_interface/local/lib/python3.10/dist-packages/my_robot_interface-0.0.0-py3.10.egg-info/dependency_links.txt
[0.294s] -- Installing: /home/john/Documents/ros2_ws/install/my_robot_interface/local/lib/python3.10/dist-packages/my_robot_interface-0.0.0-py3.10.egg-info/top_level.txt
[0.294s] -- Installing: /home/john/Documents/ros2_ws/install/my_robot_interface/local/lib/python3.10/dist-packages/my_robot_interface-0.0.0-py3.10.egg-info/PKG-INFO
[0.294s] -- Up-to-date: /home/john/Documents/ros2_ws/install/my_robot_interface/local/lib/python3.10/dist-packages/my_robot_interface
[0.294s] -- Up-to-date: /home/john/Documents/ros2_ws/install/my_robot_interface/local/lib/python3.10/dist-packages/my_robot_interface/my_robot_interface_s__rosidl_typesupport_introspection_c.cpython-310-x86_64-linux-gnu.so
[0.294s] -- Up-to-date: /home/john/Documents/ros2_ws/install/my_robot_interface/local/lib/python3.10/dist-packages/my_robot_interface/_my_robot_interface_s.ep.rosidl_typesupport_fastrtps_c.c
[0.294s] -- Up-to-date: /home/john/Documents/ros2_ws/install/my_robot_interface/local/lib/python3.10/dist-packages/my_robot_interface/srv
[0.294s] -- Up-to-date: /home/john/Documents/ros2_ws/install/my_robot_interface/local/lib/python3.10/dist-packages/my_robot_interface/srv/_led_control.py
[0.294s] -- Up-to-date: /home/john/Documents/ros2_ws/install/my_robot_interface/local/lib/python3.10/dist-packages/my_robot_interface/srv/_compute_rectangle_area.py
[0.294s] -- Up-to-date: /home/john/Documents/ros2_ws/install/my_robot_interface/local/lib/python3.10/dist-packages/my_robot_interface/srv/_led_control_s.c
[0.294s] -- Up-to-date: /home/john/Documents/ros2_ws/install/my_robot_interface/local/lib/python3.10/dist-packages/my_robot_interface/srv/_compute_rectangle_area_s.c
[0.295s] -- Up-to-date: /home/john/Documents/ros2_ws/install/my_robot_interface/local/lib/python3.10/dist-packages/my_robot_interface/srv/__init__.py
[0.295s] -- Up-to-date: /home/john/Documents/ros2_ws/install/my_robot_interface/local/lib/python3.10/dist-packages/my_robot_interface/my_robot_interface_s__rosidl_typesupport_fastrtps_c.cpython-310-x86_64-linux-gnu.so
[0.295s] -- Up-to-date: /home/john/Documents/ros2_ws/install/my_robot_interface/local/lib/python3.10/dist-packages/my_robot_interface/my_robot_interface_s__rosidl_typesupport_c.cpython-310-x86_64-linux-gnu.so
[0.295s] -- Up-to-date: /home/john/Documents/ros2_ws/install/my_robot_interface/local/lib/python3.10/dist-packages/my_robot_interface/_my_robot_interface_s.ep.rosidl_typesupport_introspection_c.c
[0.295s] -- Up-to-date: /home/john/Documents/ros2_ws/install/my_robot_interface/local/lib/python3.10/dist-packages/my_robot_interface/_my_robot_interface_s.ep.rosidl_typesupport_c.c
[0.295s] -- Up-to-date: /home/john/Documents/ros2_ws/install/my_robot_interface/local/lib/python3.10/dist-packages/my_robot_interface/libmy_robot_interface__rosidl_generator_py.so
[0.295s] -- Up-to-date: /home/john/Documents/ros2_ws/install/my_robot_interface/local/lib/python3.10/dist-packages/my_robot_interface/msg
[0.295s] -- Up-to-date: /home/john/Documents/ros2_ws/install/my_robot_interface/local/lib/python3.10/dist-packages/my_robot_interface/msg/_hardware_status_s.c
[0.295s] -- Up-to-date: /home/john/Documents/ros2_ws/install/my_robot_interface/local/lib/python3.10/dist-packages/my_robot_interface/msg/_led_status.py
[0.295s] -- Up-to-date: /home/john/Documents/ros2_ws/install/my_robot_interface/local/lib/python3.10/dist-packages/my_robot_interface/msg/_led_status_s.c
[0.295s] -- Up-to-date: /home/john/Documents/ros2_ws/install/my_robot_interface/local/lib/python3.10/dist-packages/my_robot_interface/msg/_hardware_status.py
[0.295s] -- Up-to-date: /home/john/Documents/ros2_ws/install/my_robot_interface/local/lib/python3.10/dist-packages/my_robot_interface/msg/__init__.py
[0.295s] -- Up-to-date: /home/john/Documents/ros2_ws/install/my_robot_interface/local/lib/python3.10/dist-packages/my_robot_interface/__init__.py
[0.311s] Listing '/home/john/Documents/ros2_ws/install/my_robot_interface/local/lib/python3.10/dist-packages/my_robot_interface'...
[0.311s] Listing '/home/john/Documents/ros2_ws/install/my_robot_interface/local/lib/python3.10/dist-packages/my_robot_interface/msg'...
[0.311s] Listing '/home/john/Documents/ros2_ws/install/my_robot_interface/local/lib/python3.10/dist-packages/my_robot_interface/srv'...
[0.314s] -- Up-to-date: /home/john/Documents/ros2_ws/install/my_robot_interface/local/lib/python3.10/dist-packages/my_robot_interface/my_robot_interface_s__rosidl_typesupport_fastrtps_c.cpython-310-x86_64-linux-gnu.so
[0.314s] -- Up-to-date: /home/john/Documents/ros2_ws/install/my_robot_interface/local/lib/python3.10/dist-packages/my_robot_interface/my_robot_interface_s__rosidl_typesupport_introspection_c.cpython-310-x86_64-linux-gnu.so
[0.314s] -- Up-to-date: /home/john/Documents/ros2_ws/install/my_robot_interface/local/lib/python3.10/dist-packages/my_robot_interface/my_robot_interface_s__rosidl_typesupport_c.cpython-310-x86_64-linux-gnu.so
[0.314s] -- Up-to-date: /home/john/Documents/ros2_ws/install/my_robot_interface/lib/libmy_robot_interface__rosidl_generator_py.so
[0.315s] -- Up-to-date: /home/john/Documents/ros2_ws/install/my_robot_interface/share/my_robot_interface/msg/HardwareStatus.idl
[0.315s] -- Up-to-date: /home/john/Documents/ros2_ws/install/my_robot_interface/share/my_robot_interface/srv/ComputeRectangleArea.idl
[0.315s] -- Up-to-date: /home/john/Documents/ros2_ws/install/my_robot_interface/share/my_robot_interface/msg/LedStatus.idl
[0.315s] -- Up-to-date: /home/john/Documents/ros2_ws/install/my_robot_interface/share/my_robot_interface/srv/LedControl.idl
[0.315s] -- Up-to-date: /home/john/Documents/ros2_ws/install/my_robot_interface/share/my_robot_interface/msg/HardwareStatus.msg
[0.315s] -- Up-to-date: /home/john/Documents/ros2_ws/install/my_robot_interface/share/my_robot_interface/srv/ComputeRectangleArea.srv
[0.315s] -- Up-to-date: /home/john/Documents/ros2_ws/install/my_robot_interface/share/my_robot_interface/srv/ComputeRectangleArea_Request.msg
[0.315s] -- Up-to-date: /home/john/Documents/ros2_ws/install/my_robot_interface/share/my_robot_interface/srv/ComputeRectangleArea_Response.msg
[0.315s] -- Up-to-date: /home/john/Documents/ros2_ws/install/my_robot_interface/share/my_robot_interface/msg/LedStatus.msg
[0.315s] -- Up-to-date: /home/john/Documents/ros2_ws/install/my_robot_interface/share/my_robot_interface/srv/LedControl.srv
[0.315s] -- Up-to-date: /home/john/Documents/ros2_ws/install/my_robot_interface/share/my_robot_interface/srv/LedControl_Request.msg
[0.315s] -- Up-to-date: /home/john/Documents/ros2_ws/install/my_robot_interface/share/my_robot_interface/srv/LedControl_Response.msg
[0.315s] -- Up-to-date: /home/john/Documents/ros2_ws/install/my_robot_interface/share/ament_index/resource_index/package_run_dependencies/my_robot_interface
[0.315s] -- Up-to-date: /home/john/Documents/ros2_ws/install/my_robot_interface/share/ament_index/resource_index/parent_prefix_path/my_robot_interface
[0.315s] -- Up-to-date: /home/john/Documents/ros2_ws/install/my_robot_interface/share/my_robot_interface/environment/ament_prefix_path.sh
[0.315s] -- Up-to-date: /home/john/Documents/ros2_ws/install/my_robot_interface/share/my_robot_interface/environment/ament_prefix_path.dsv
[0.315s] -- Up-to-date: /home/john/Documents/ros2_ws/install/my_robot_interface/share/my_robot_interface/environment/path.sh
[0.315s] -- Up-to-date: /home/john/Documents/ros2_ws/install/my_robot_interface/share/my_robot_interface/environment/path.dsv
[0.315s] -- Up-to-date: /home/john/Documents/ros2_ws/install/my_robot_interface/share/my_robot_interface/local_setup.bash
[0.316s] -- Up-to-date: /home/john/Documents/ros2_ws/install/my_robot_interface/share/my_robot_interface/local_setup.sh
[0.316s] -- Up-to-date: /home/john/Documents/ros2_ws/install/my_robot_interface/share/my_robot_interface/local_setup.zsh
[0.316s] -- Up-to-date: /home/john/Documents/ros2_ws/install/my_robot_interface/share/my_robot_interface/local_setup.dsv
[0.316s] -- Installing: /home/john/Documents/ros2_ws/install/my_robot_interface/share/my_robot_interface/package.dsv
[0.316s] -- Up-to-date: /home/john/Documents/ros2_ws/install/my_robot_interface/share/ament_index/resource_index/packages/my_robot_interface
[0.316s] -- Up-to-date: /home/john/Documents/ros2_ws/install/my_robot_interface/share/my_robot_interface/cmake/export_my_robot_interface__rosidl_generator_cExport.cmake
[0.316s] -- Up-to-date: /home/john/Documents/ros2_ws/install/my_robot_interface/share/my_robot_interface/cmake/export_my_robot_interface__rosidl_generator_cExport-noconfig.cmake
[0.316s] -- Up-to-date: /home/john/Documents/ros2_ws/install/my_robot_interface/share/my_robot_interface/cmake/export_my_robot_interface__rosidl_typesupport_fastrtps_cExport.cmake
[0.316s] -- Up-to-date: /home/john/Documents/ros2_ws/install/my_robot_interface/share/my_robot_interface/cmake/export_my_robot_interface__rosidl_typesupport_fastrtps_cExport-noconfig.cmake
[0.316s] -- Up-to-date: /home/john/Documents/ros2_ws/install/my_robot_interface/share/my_robot_interface/cmake/my_robot_interface__rosidl_typesupport_introspection_cExport.cmake
[0.316s] -- Up-to-date: /home/john/Documents/ros2_ws/install/my_robot_interface/share/my_robot_interface/cmake/my_robot_interface__rosidl_typesupport_introspection_cExport-noconfig.cmake
[0.316s] -- Up-to-date: /home/john/Documents/ros2_ws/install/my_robot_interface/share/my_robot_interface/cmake/my_robot_interface__rosidl_typesupport_cExport.cmake
[0.316s] -- Up-to-date: /home/john/Documents/ros2_ws/install/my_robot_interface/share/my_robot_interface/cmake/my_robot_interface__rosidl_typesupport_cExport-noconfig.cmake
[0.316s] -- Up-to-date: /home/john/Documents/ros2_ws/install/my_robot_interface/share/my_robot_interface/cmake/export_my_robot_interface__rosidl_generator_cppExport.cmake
[0.316s] -- Up-to-date: /home/john/Documents/ros2_ws/install/my_robot_interface/share/my_robot_interface/cmake/export_my_robot_interface__rosidl_typesupport_fastrtps_cppExport.cmake
[0.316s] -- Up-to-date: /home/john/Documents/ros2_ws/install/my_robot_interface/share/my_robot_interface/cmake/export_my_robot_interface__rosidl_typesupport_fastrtps_cppExport-noconfig.cmake
[0.316s] -- Up-to-date: /home/john/Documents/ros2_ws/install/my_robot_interface/share/my_robot_interface/cmake/my_robot_interface__rosidl_typesupport_introspection_cppExport.cmake
[0.316s] -- Up-to-date: /home/john/Documents/ros2_ws/install/my_robot_interface/share/my_robot_interface/cmake/my_robot_interface__rosidl_typesupport_introspection_cppExport-noconfig.cmake
[0.316s] -- Up-to-date: /home/john/Documents/ros2_ws/install/my_robot_interface/share/my_robot_interface/cmake/my_robot_interface__rosidl_typesupport_cppExport.cmake
[0.316s] -- Up-to-date: /home/john/Documents/ros2_ws/install/my_robot_interface/share/my_robot_interface/cmake/my_robot_interface__rosidl_typesupport_cppExport-noconfig.cmake
[0.316s] -- Up-to-date: /home/john/Documents/ros2_ws/install/my_robot_interface/share/my_robot_interface/cmake/export_my_robot_interface__rosidl_generator_pyExport.cmake
[0.316s] -- Up-to-date: /home/john/Documents/ros2_ws/install/my_robot_interface/share/my_robot_interface/cmake/export_my_robot_interface__rosidl_generator_pyExport-noconfig.cmake
[0.316s] -- Up-to-date: /home/john/Documents/ros2_ws/install/my_robot_interface/share/my_robot_interface/cmake/rosidl_cmake-extras.cmake
[0.316s] -- Up-to-date: /home/john/Documents/ros2_ws/install/my_robot_interface/share/my_robot_interface/cmake/ament_cmake_export_include_directories-extras.cmake
[0.316s] -- Up-to-date: /home/john/Documents/ros2_ws/install/my_robot_interface/share/my_robot_interface/cmake/ament_cmake_export_libraries-extras.cmake
[0.316s] -- Up-to-date: /home/john/Documents/ros2_ws/install/my_robot_interface/share/my_robot_interface/cmake/ament_cmake_export_targets-extras.cmake
[0.316s] -- Up-to-date: /home/john/Documents/ros2_ws/install/my_robot_interface/share/my_robot_interface/cmake/rosidl_cmake_export_typesupport_targets-extras.cmake
[0.316s] -- Up-to-date: /home/john/Documents/ros2_ws/install/my_robot_interface/share/my_robot_interface/cmake/ament_cmake_export_dependencies-extras.cmake
[0.317s] -- Up-to-date: /home/john/Documents/ros2_ws/install/my_robot_interface/share/my_robot_interface/cmake/rosidl_cmake_export_typesupport_libraries-extras.cmake
[0.317s] -- Up-to-date: /home/john/Documents/ros2_ws/install/my_robot_interface/share/my_robot_interface/cmake/my_robot_interfaceConfig.cmake
[0.317s] -- Up-to-date: /home/john/Documents/ros2_ws/install/my_robot_interface/share/my_robot_interface/cmake/my_robot_interfaceConfig-version.cmake
[0.317s] -- Up-to-date: /home/john/Documents/ros2_ws/install/my_robot_interface/share/my_robot_interface/package.xml
[0.318s] Invoked command in '/home/john/Documents/ros2_ws/build/my_robot_interface' returned '0': CMAKE_PREFIX_PATH=${CMAKE_PREFIX_PATH}:/home/john/Documents/ros2_ws/install/my_py_pkg:/opt/ros/humble /usr/bin/cmake --install /home/john/Documents/ros2_ws/build/my_robot_interface
